[2025-05-01 14:28:28] [INFO] Correcciones pendientes consultadas {"maquina_id":1313,"cantidad":0}
[2025-05-01 14:28:37] [INFO] Consulta de retenciones activas {"area_id":2,"codigo_empleado":null,"cantidad":0}
[2025-05-01 14:28:51] [INFO] Consulta de retenciones activas {"area_id":2,"codigo_empleado":null,"cantidad":0}
[2025-05-01 14:28:59] [INFO] Correcciones pendientes consultadas {"maquina_id":24,"cantidad":0}
[2025-05-01 14:29:07] [INFO] Correcciones pendientes consultadas {"maquina_id":24,"cantidad":0}
[2025-05-01 14:29:16] [INFO] Consulta de retenciones activas {"area_id":2,"codigo_empleado":null,"cantidad":0}
[2025-05-01 14:29:19] [INFO] Correcciones pendientes consultadas {"maquina_id":24,"cantidad":0}
[2025-05-01 14:30:21] [INFO] Consulta de retenciones activas {"area_id":2,"codigo_empleado":null,"cantidad":0}
[2025-05-01 14:30:31] [INFO] Consulta de retenciones activas {"area_id":3,"codigo_empleado":null,"cantidad":0}
[2025-05-01 14:30:50] [INFO] Consulta de retenciones activas {"area_id":3,"codigo_empleado":null,"cantidad":0}
[2025-05-01 14:32:08] [INFO] Corrección enviada con éxito {"registro_id":200,"tipo":"produccion","nota":"","user_id":1212}
[2025-05-01 14:32:08] [INFO] Consulta de retenciones activas {"area_id":3,"codigo_empleado":null,"cantidad":0}
[2025-05-01 14:32:08] [INFO] Consulta de retenciones activas {"area_id":3,"codigo_empleado":null,"cantidad":0}
[2025-05-01 14:32:24] [INFO] Correcciones pendientes consultadas {"maquina_id":24,"cantidad":1}
[2025-05-01 14:32:38] [INFO] Corrección procesada exitosamente {"solicitud_id":1,"registro_id":200}
[2025-05-01 14:32:38] [INFO] Corrección procesada con éxito {"solicitud_id":1,"registro_id":200,"tipo":"produccion","cantidad":560,"comentario":"","user_id":1313}
[2025-05-01 14:32:42] [INFO] Consulta de retenciones activas {"area_id":3,"codigo_empleado":null,"cantidad":0}
[2025-05-01 14:32:48] [INFO] Solicitud de validación de producción recibida {"user_id":1212,"registro_id":200}
[2025-05-01 14:32:48] [INFO] Registrando historial de validación {"registro_id":200,"tipo":"produccion","usuario_id":1212}
[2025-05-01 14:32:48] [INFO] Validación de producción exitosa {"user_id":1212,"registro_id":200,"validacion_id":null}
[2025-05-01 14:32:48] [INFO] Consulta de retenciones activas {"area_id":3,"codigo_empleado":null,"cantidad":0}
[2025-05-01 14:32:48] [INFO] Consulta de retenciones activas {"area_id":3,"codigo_empleado":null,"cantidad":0}
[2025-05-01 14:33:21] [INFO] Solicitud de validación de scrap recibida {"registroId":199,"cantidad":200,"user_id":1212}
[2025-05-01 14:33:21] [INFO] Validación de scrap exitosa {"registroId":199,"cantidad":200,"user_id":1212,"mensaje":"Scrap validado correctamente"}
[2025-05-01 14:33:21] [INFO] Consulta de retenciones activas {"area_id":3,"codigo_empleado":null,"cantidad":0}
[2025-05-01 14:33:21] [INFO] Consulta de retenciones activas {"area_id":3,"codigo_empleado":null,"cantidad":0}
[2025-05-01 14:33:24] [INFO] Solicitud de validación de scrap recibida {"registroId":201,"cantidad":20,"user_id":1212}
[2025-05-01 14:33:24] [INFO] Validación de scrap exitosa {"registroId":201,"cantidad":20,"user_id":1212,"mensaje":"Scrap validado correctamente"}
[2025-05-01 14:33:24] [INFO] Consulta de retenciones activas {"area_id":3,"codigo_empleado":null,"cantidad":0}
[2025-05-01 14:33:24] [INFO] Consulta de retenciones activas {"area_id":3,"codigo_empleado":null,"cantidad":0}
[2025-05-01 14:33:45] [INFO] Consulta de retenciones activas {"area_id":3,"codigo_empleado":null,"cantidad":0}
[2025-05-01 14:33:51] [INFO] Consulta de retenciones activas {"area_id":3,"codigo_empleado":null,"cantidad":0}
[2025-05-01 14:33:54] [INFO] Solicitud de validación de producción recibida {"user_id":1212,"registro_id":198}
[2025-05-01 14:33:54] [INFO] Registrando historial de validación {"registro_id":198,"tipo":"produccion","usuario_id":1212}
[2025-05-01 14:33:54] [INFO] Validación de producción exitosa {"user_id":1212,"registro_id":198,"validacion_id":null}
[2025-05-01 14:33:54] [INFO] Consulta de retenciones activas {"area_id":3,"codigo_empleado":null,"cantidad":0}
[2025-05-01 14:33:54] [INFO] Consulta de retenciones activas {"area_id":3,"codigo_empleado":null,"cantidad":0}
[2025-05-01 14:34:01] [INFO] Solicitud de guardar producción recibida {"user_id":1212,"entrega_id":198}
[2025-05-01 14:34:01] [INFO] Validación de producción exitosa {"entrega_id":198,"usuario_id":1212,"validacion_id":4}
[2025-05-01 14:34:01] [INFO] Guardado de producción exitoso {"user_id":1212,"entrega_id":198,"validacion_id":4}
[2025-05-01 14:35:12] [INFO] Solicitud de creación de retención recibida {"registro_id":200,"cantidad":560,"user_id":1212}
[2025-05-01 14:35:12] [INFO] Retención creada exitosamente {"retencion_id":16,"registro_id":200,"cantidad":560}
[2025-05-01 14:35:12] [INFO] Retención creada exitosamente {"retencion_id":16,"registro_id":200,"user_id":1212}
[2025-05-01 14:35:12] [INFO] Consulta de retenciones activas {"area_id":3,"codigo_empleado":1212,"cantidad":1}
[2025-05-01 14:35:24] [INFO] Consulta de retenciones activas {"area_id":3,"codigo_empleado":null,"cantidad":1}
[2025-05-01 14:35:30] [INFO] Consulta de retenciones activas {"area_id":3,"codigo_empleado":1212,"cantidad":1}
[2025-05-01 14:36:59] [INFO] Destino asignado exitosamente {"retencion_id":16,"tipo_destino":"destruccion","cantidad":90,"user_id":1212,"resultado":"Destino asignado correctamente"}
[2025-05-01 14:36:59] [INFO] Consulta de retenciones activas {"area_id":3,"codigo_empleado":1212,"cantidad":1}
[2025-05-01 14:36:59] [INFO] Consulta de retenciones activas {"area_id":3,"codigo_empleado":1212,"cantidad":1}
[2025-05-01 14:37:19] [INFO] Destino asignado exitosamente {"retencion_id":16,"tipo_destino":"produccion_final","cantidad":80,"user_id":1212,"resultado":"Destino asignado correctamente"}
[2025-05-01 14:37:19] [INFO] Consulta de retenciones activas {"area_id":3,"codigo_empleado":1212,"cantidad":1}
[2025-05-01 14:37:19] [INFO] Consulta de retenciones activas {"area_id":3,"codigo_empleado":1212,"cantidad":1}
[2025-05-01 14:37:28] [INFO] Destino asignado exitosamente {"retencion_id":16,"tipo_destino":"retrabajo","cantidad":80,"user_id":1212,"resultado":"Destino asignado correctamente"}
[2025-05-01 14:37:28] [INFO] Consulta de retenciones activas {"area_id":3,"codigo_empleado":1212,"cantidad":1}
[2025-05-01 14:37:28] [INFO] Consulta de retenciones activas {"area_id":3,"codigo_empleado":1212,"cantidad":1}
[2025-05-01 14:37:36] [INFO] Destino asignado exitosamente {"retencion_id":16,"tipo_destino":"retrabajo","cantidad":70,"user_id":1212,"resultado":"Destino asignado correctamente"}
[2025-05-01 14:37:36] [INFO] Consulta de retenciones activas {"area_id":3,"codigo_empleado":1212,"cantidad":1}
[2025-05-01 14:37:36] [INFO] Consulta de retenciones activas {"area_id":3,"codigo_empleado":1212,"cantidad":1}
[2025-05-01 14:37:42] [INFO] Consulta de retenciones activas {"area_id":3,"codigo_empleado":null,"cantidad":1}
[2025-05-01 14:38:01] [INFO] Correcciones pendientes consultadas {"maquina_id":24,"cantidad":0}
[2025-05-01 14:38:10] [INFO] Correcciones pendientes consultadas {"maquina_id":24,"cantidad":0}
[2025-05-01 14:38:18] [INFO] Correcciones pendientes consultadas {"maquina_id":24,"cantidad":0}
[2025-05-01 14:38:32] [INFO] Consulta de retenciones activas {"area_id":3,"codigo_empleado":null,"cantidad":1}
[2025-05-01 14:38:59] [INFO] Correcciones pendientes consultadas {"maquina_id":24,"cantidad":0}
[2025-05-01 14:39:10] [INFO] Consulta de retenciones activas {"area_id":3,"codigo_empleado":null,"cantidad":1}
[2025-05-01 14:39:20] [INFO] Consulta de retenciones activas {"area_id":3,"codigo_empleado":null,"cantidad":1}
[2025-05-01 14:40:10] [INFO] Consulta de retenciones activas {"area_id":3,"codigo_empleado":null,"cantidad":1}
[2025-05-01 14:40:23] [INFO] Consulta de retenciones activas {"area_id":3,"codigo_empleado":null,"cantidad":1}
[2025-05-01 14:40:39] [INFO] Corrección enviada con éxito {"registro_id":206,"tipo":"produccion","nota":"tamal 800","user_id":1212}
[2025-05-01 14:40:39] [INFO] Consulta de retenciones activas {"area_id":3,"codigo_empleado":null,"cantidad":1}
[2025-05-01 14:40:39] [INFO] Consulta de retenciones activas {"area_id":3,"codigo_empleado":null,"cantidad":1}
[2025-05-01 14:40:50] [INFO] Consulta de retenciones activas {"area_id":3,"codigo_empleado":null,"cantidad":1}
[2025-05-01 14:41:18] [INFO] Solicitud de validación de producción recibida {"user_id":1212,"registro_id":204}
[2025-05-01 14:41:18] [INFO] Registrando historial de validación {"registro_id":204,"tipo":"produccion","usuario_id":1212}
[2025-05-01 14:41:18] [INFO] Validación de producción exitosa {"user_id":1212,"registro_id":204,"validacion_id":null}
[2025-05-01 14:41:18] [INFO] Consulta de retenciones activas {"area_id":3,"codigo_empleado":null,"cantidad":1}
[2025-05-01 14:41:18] [INFO] Consulta de retenciones activas {"area_id":3,"codigo_empleado":null,"cantidad":1}
[2025-05-01 14:41:24] [INFO] Consulta de retenciones activas {"area_id":3,"codigo_empleado":null,"cantidad":1}
[2025-05-01 14:41:24] [INFO] Consulta de retenciones activas {"area_id":3,"codigo_empleado":null,"cantidad":1}
[2025-05-01 14:44:46] [INFO] Solicitud de validación de producción recibida {"user_id":1212,"registro_id":202}
[2025-05-01 14:44:46] [INFO] Registrando historial de validación {"registro_id":202,"tipo":"produccion","usuario_id":1212}
[2025-05-01 14:44:46] [INFO] Validación de producción exitosa {"user_id":1212,"registro_id":202,"validacion_id":null}
[2025-05-01 14:44:46] [INFO] Consulta de retenciones activas {"area_id":3,"codigo_empleado":null,"cantidad":1}
[2025-05-01 14:44:46] [INFO] Consulta de retenciones activas {"area_id":3,"codigo_empleado":null,"cantidad":1}
[2025-05-01 14:44:49] [INFO] Solicitud de validación de scrap recibida {"registroId":207,"cantidad":8,"user_id":1212}
[2025-05-01 14:44:49] [INFO] Validación de scrap exitosa {"registroId":207,"cantidad":8,"user_id":1212,"mensaje":"Scrap validado correctamente"}
[2025-05-01 14:44:49] [INFO] Consulta de retenciones activas {"area_id":3,"codigo_empleado":null,"cantidad":1}
[2025-05-01 14:44:49] [INFO] Consulta de retenciones activas {"area_id":3,"codigo_empleado":null,"cantidad":1}
[2025-05-01 14:44:57] [INFO] Consulta de retenciones activas {"area_id":3,"codigo_empleado":null,"cantidad":1}
[2025-05-01 14:45:17] [INFO] Consulta de retenciones activas {"area_id":3,"codigo_empleado":1212,"cantidad":1}
[2025-05-01 14:45:21] [INFO] Destino asignado exitosamente {"retencion_id":16,"tipo_destino":"retrabajo","cantidad":240,"user_id":1212,"resultado":"Destino asignado correctamente"}
[2025-05-01 14:45:21] [INFO] Consulta de retenciones activas {"area_id":3,"codigo_empleado":1212,"cantidad":0}
[2025-05-01 14:45:21] [INFO] Consulta de retenciones activas {"area_id":3,"codigo_empleado":1212,"cantidad":0}
[2025-05-01 14:45:33] [INFO] Consulta de retenciones activas {"area_id":3,"codigo_empleado":null,"cantidad":0}
[2025-05-01 14:45:37] [INFO] Corrección cancelada {"id":2,"usuario":1212,"resultado":{"success":true,"message":"Corrección cancelada correctamente."}}
[2025-05-01 14:45:38] [INFO] Consulta de retenciones activas {"area_id":3,"codigo_empleado":null,"cantidad":0}
[2025-05-01 14:45:42] [INFO] Solicitud de validación de producción recibida {"user_id":1212,"registro_id":206}
[2025-05-01 14:45:42] [INFO] Registrando historial de validación {"registro_id":206,"tipo":"produccion","usuario_id":1212}
[2025-05-01 14:45:42] [INFO] Validación de producción exitosa {"user_id":1212,"registro_id":206,"validacion_id":null}
[2025-05-01 14:45:42] [INFO] Consulta de retenciones activas {"area_id":3,"codigo_empleado":null,"cantidad":0}
[2025-05-01 14:45:42] [INFO] Consulta de retenciones activas {"area_id":3,"codigo_empleado":null,"cantidad":0}
[2025-05-01 14:53:08] [INFO] Consulta de retenciones activas {"area_id":3,"codigo_empleado":1212,"cantidad":0}
[2025-05-01 14:53:12] [INFO] Solicitud de guardar producción recibida {"user_id":1212,"entrega_id":206}
[2025-05-01 14:53:12] [INFO] Validación de producción exitosa {"entrega_id":206,"usuario_id":1212,"validacion_id":5}
[2025-05-01 14:53:12] [INFO] Guardado de producción exitoso {"user_id":1212,"entrega_id":206,"validacion_id":5}
[2025-05-01 14:53:13] [INFO] Consulta de retenciones activas {"area_id":3,"codigo_empleado":1212,"cantidad":0}
[2025-05-01 14:53:14] [INFO] Consulta de retenciones activas {"area_id":3,"codigo_empleado":1212,"cantidad":0}
[2025-05-01 14:53:19] [INFO] Solicitud de creación de retención recibida {"registro_id":204,"cantidad":649,"user_id":1212}
[2025-05-01 14:53:19] [INFO] Retención creada exitosamente {"retencion_id":17,"registro_id":204,"cantidad":649}
[2025-05-01 14:53:19] [INFO] Retención creada exitosamente {"retencion_id":17,"registro_id":204,"user_id":1212}
[2025-05-01 14:53:19] [INFO] Consulta de retenciones activas {"area_id":3,"codigo_empleado":1212,"cantidad":1}
[2025-05-01 14:53:21] [INFO] Consulta de retenciones activas {"area_id":3,"codigo_empleado":1212,"cantidad":1}
[2025-05-01 14:53:27] [INFO] Destino asignado exitosamente {"retencion_id":17,"tipo_destino":"produccion_final","cantidad":20,"user_id":1212,"resultado":"Destino asignado correctamente"}
[2025-05-01 14:53:27] [INFO] Consulta de retenciones activas {"area_id":3,"codigo_empleado":1212,"cantidad":1}
[2025-05-01 14:53:27] [INFO] Consulta de retenciones activas {"area_id":3,"codigo_empleado":1212,"cantidad":1}
[2025-05-01 14:53:31] [INFO] Destino asignado exitosamente {"retencion_id":17,"tipo_destino":"produccion_final","cantidad":55,"user_id":1212,"resultado":"Destino asignado correctamente"}
[2025-05-01 14:53:31] [INFO] Consulta de retenciones activas {"area_id":3,"codigo_empleado":1212,"cantidad":1}
[2025-05-01 14:53:31] [INFO] Consulta de retenciones activas {"area_id":3,"codigo_empleado":1212,"cantidad":1}
[2025-05-01 14:53:40] [INFO] Destino asignado exitosamente {"retencion_id":17,"tipo_destino":"retrabajo","cantidad":74,"user_id":1212,"resultado":"Destino asignado correctamente"}
[2025-05-01 14:53:40] [INFO] Consulta de retenciones activas {"area_id":3,"codigo_empleado":1212,"cantidad":1}
[2025-05-01 14:53:40] [INFO] Consulta de retenciones activas {"area_id":3,"codigo_empleado":1212,"cantidad":1}
[2025-05-01 14:53:48] [INFO] Destino asignado exitosamente {"retencion_id":17,"tipo_destino":"retrabajo","cantidad":60,"user_id":1212,"resultado":"Destino asignado correctamente"}
[2025-05-01 14:53:48] [INFO] Consulta de retenciones activas {"area_id":3,"codigo_empleado":1212,"cantidad":1}
[2025-05-01 14:53:48] [INFO] Consulta de retenciones activas {"area_id":3,"codigo_empleado":1212,"cantidad":1}
[2025-05-01 15:06:09] [INFO] Consulta de retenciones activas {"area_id":3,"codigo_empleado":null,"cantidad":1}
[2025-05-01 15:06:11] [INFO] Consulta de retenciones activas {"area_id":3,"codigo_empleado":null,"cantidad":1}
[2025-05-01 15:06:38] [INFO] Consulta de retenciones activas {"area_id":3,"codigo_empleado":null,"cantidad":1}
[2025-05-01 15:06:47] [INFO] Consulta de retenciones activas {"area_id":3,"codigo_empleado":null,"cantidad":1}
[2025-05-01 15:07:17] [INFO] Correcciones pendientes consultadas {"maquina_id":41,"cantidad":0}
[2025-05-01 15:07:32] [INFO] Corrección enviada con éxito {"registro_id":205,"tipo":"scrap","nota":"2528","user_id":1212}
[2025-05-01 15:07:32] [INFO] Consulta de retenciones activas {"area_id":3,"codigo_empleado":null,"cantidad":1}
[2025-05-01 15:07:32] [INFO] Consulta de retenciones activas {"area_id":3,"codigo_empleado":null,"cantidad":1}
[2025-05-01 15:07:37] [INFO] Correcciones pendientes consultadas {"maquina_id":1313,"cantidad":0}
[2025-05-01 15:07:41] [INFO] Solicitud de validación de scrap recibida {"registroId":203,"cantidad":600,"user_id":1212}
[2025-05-01 15:07:41] [INFO] Validación de scrap exitosa {"registroId":203,"cantidad":600,"user_id":1212,"mensaje":"Scrap validado correctamente"}
[2025-05-01 15:07:41] [INFO] Consulta de retenciones activas {"area_id":3,"codigo_empleado":null,"cantidad":1}
[2025-05-01 15:07:41] [INFO] Consulta de retenciones activas {"area_id":3,"codigo_empleado":null,"cantidad":1}
[2025-05-01 15:07:46] [INFO] Correcciones pendientes consultadas {"maquina_id":24,"cantidad":1}
[2025-05-01 15:08:02] [INFO] Consulta de retenciones activas {"area_id":3,"codigo_empleado":null,"cantidad":1}
[2025-05-01 15:08:12] [INFO] Corrección procesada exitosamente {"solicitud_id":3,"registro_id":205}
[2025-05-01 15:08:12] [INFO] Corrección procesada con éxito {"solicitud_id":3,"registro_id":205,"tipo":"scrap","cantidad":500,"comentario":"","user_id":1313}
[2025-05-01 15:08:18] [INFO] Correcciones pendientes consultadas {"maquina_id":24,"cantidad":0}
[2025-05-01 15:08:31] [INFO] Correcciones pendientes consultadas {"maquina_id":24,"cantidad":0}
[2025-05-01 15:08:46] [INFO] Correcciones pendientes consultadas {"maquina_id":24,"cantidad":0}
[2025-05-01 15:15:14] [INFO] Correcciones pendientes consultadas {"maquina_id":24,"cantidad":0}
[2025-05-01 15:16:30] [INFO] Consulta de retenciones activas {"area_id":3,"codigo_empleado":1212,"cantidad":1}
[2025-05-01 15:16:59] [INFO] Correcciones pendientes consultadas {"maquina_id":24,"cantidad":0}
[2025-05-01 15:17:11] [INFO] Consulta de retenciones activas {"area_id":3,"codigo_empleado":null,"cantidad":1}
[2025-05-01 15:17:15] [INFO] Consulta de retenciones activas {"area_id":3,"codigo_empleado":null,"cantidad":1}
[2025-05-01 15:17:22] [INFO] Solicitud de validación de producción recibida {"user_id":1212,"registro_id":212}
[2025-05-01 15:17:22] [INFO] Registrando historial de validación {"registro_id":212,"tipo":"produccion","usuario_id":1212}
[2025-05-01 15:17:22] [INFO] Validación de producción exitosa {"user_id":1212,"registro_id":212,"validacion_id":null}
[2025-05-01 15:17:22] [INFO] Consulta de retenciones activas {"area_id":3,"codigo_empleado":null,"cantidad":1}
[2025-05-01 15:17:22] [INFO] Consulta de retenciones activas {"area_id":3,"codigo_empleado":null,"cantidad":1}
[2025-05-01 15:17:30] [INFO] Corrección enviada con éxito {"registro_id":211,"tipo":"scrap","nota":"","user_id":1212}
[2025-05-01 15:17:30] [INFO] Consulta de retenciones activas {"area_id":3,"codigo_empleado":null,"cantidad":1}
[2025-05-01 15:17:30] [INFO] Consulta de retenciones activas {"area_id":3,"codigo_empleado":null,"cantidad":1}
[2025-05-01 15:17:36] [INFO] Corrección cancelada {"id":4,"usuario":1212,"resultado":{"success":true,"message":"Corrección cancelada correctamente."}}
[2025-05-01 15:17:40] [INFO] Consulta de retenciones activas {"area_id":3,"codigo_empleado":null,"cantidad":1}
