[2025-10-06 08:05:07] [ERROR] Error al guardar entrega desde Acción QA {"entrega_id":4585,"usuario_id":14,"tipo":"scrap","error":"Duplicate entry '14' for key 'uq_usuarioId'"}
[2025-10-06 08:05:08] [ERROR] Error al guardar entrega desde Acción QA {"entrega_id":4585,"usuario_id":14,"tipo":"scrap","error":"Duplicate entry '14' for key 'uq_usuarioId'"}
[2025-10-06 08:05:09] [ERROR] Error al guardar entrega desde Acción QA {"entrega_id":4585,"usuario_id":14,"tipo":"scrap","error":"Duplicate entry '14' for key 'uq_usuarioId'"}
[2025-10-06 08:05:09] [ERROR] Error al guardar entrega desde Acción QA {"entrega_id":4585,"usuario_id":14,"tipo":"scrap","error":"Duplicate entry '14' for key 'uq_usuarioId'"}
[2025-10-06 08:05:09] [ERROR] Error al guardar entrega desde Acción QA {"entrega_id":4585,"usuario_id":14,"tipo":"scrap","error":"Duplicate entry '14' for key 'uq_usuarioId'"}
[2025-10-06 08:05:09] [ERROR] Error al guardar entrega desde Acción QA {"entrega_id":4585,"usuario_id":14,"tipo":"scrap","error":"Duplicate entry '14' for key 'uq_usuarioId'"}
[2025-10-06 08:05:09] [ERROR] Error al guardar entrega desde Acción QA {"entrega_id":4585,"usuario_id":14,"tipo":"scrap","error":"Duplicate entry '14' for key 'uq_usuarioId'"}
[2025-10-06 08:05:09] [ERROR] Error al guardar entrega desde Acción QA {"entrega_id":4585,"usuario_id":14,"tipo":"scrap","error":"Duplicate entry '14' for key 'uq_usuarioId'"}
[2025-10-06 08:05:10] [ERROR] Error al guardar entrega desde Acción QA {"entrega_id":4585,"usuario_id":14,"tipo":"scrap","error":"Duplicate entry '14' for key 'uq_usuarioId'"}
[2025-10-06 08:05:10] [ERROR] Error al guardar entrega desde Acción QA {"entrega_id":4585,"usuario_id":14,"tipo":"scrap","error":"Duplicate entry '14' for key 'uq_usuarioId'"}
[2025-10-06 08:05:10] [ERROR] Error al guardar entrega desde Acción QA {"entrega_id":4585,"usuario_id":14,"tipo":"scrap","error":"Duplicate entry '14' for key 'uq_usuarioId'"}
[2025-10-06 08:05:10] [ERROR] Error al guardar entrega desde Acción QA {"entrega_id":4585,"usuario_id":14,"tipo":"scrap","error":"Duplicate entry '14' for key 'uq_usuarioId'"}
[2025-10-06 08:05:10] [ERROR] Error al guardar entrega desde Acción QA {"entrega_id":4585,"usuario_id":14,"tipo":"scrap","error":"Duplicate entry '14' for key 'uq_usuarioId'"}
[2025-10-06 08:58:08] [ERROR] Error al guardar entrega desde Acción QA {"entrega_id":4585,"usuario_id":14,"tipo":"scrap","error":"Este scrap ya fue guardado previamente"}
[2025-10-06 09:05:56] [ERROR] Error al guardar entrega desde Acción QA {"entrega_id":4586,"usuario_id":14,"tipo":"produccion","error":"Esta producción ya fue guardada previamente"}
[2025-10-06 09:06:01] [ERROR] Error al guardar entrega desde Acción QA {"entrega_id":4586,"usuario_id":14,"tipo":"produccion","error":"Esta producción ya fue guardada previamente"}
[2025-10-06 09:06:01] [ERROR] Error al guardar entrega desde Acción QA {"entrega_id":4586,"usuario_id":14,"tipo":"produccion","error":"Esta producción ya fue guardada previamente"}
[2025-10-06 09:06:02] [ERROR] Error al guardar entrega desde Acción QA {"entrega_id":4586,"usuario_id":14,"tipo":"produccion","error":"Esta producción ya fue guardada previamente"}
[2025-10-06 09:06:02] [ERROR] Error al guardar entrega desde Acción QA {"entrega_id":4586,"usuario_id":14,"tipo":"produccion","error":"Esta producción ya fue guardada previamente"}
[2025-10-06 09:06:02] [ERROR] Error al guardar entrega desde Acción QA {"entrega_id":4586,"usuario_id":14,"tipo":"produccion","error":"Esta producción ya fue guardada previamente"}
[2025-10-06 09:14:42] [ERROR] Error al guardar entrega desde Acción QA {"entrega_id":4586,"usuario_id":14,"tipo":"produccion","error":"Esta entrega de producción ya ha sido procesada anteriormente"}
[2025-10-06 09:14:48] [ERROR] Error al guardar entrega desde Acción QA {"entrega_id":4585,"usuario_id":14,"tipo":"scrap","error":"Esta entrega de scrap ya ha sido procesada anteriormente"}
[2025-10-06 13:38:30] [ERROR] Error al guardar entrega desde Acción QA {"entrega_id":4588,"usuario_id":14,"tipo":"scrap","error":"Esta entrega ya ha sido procesada anteriormente"}
[2025-10-06 13:38:33] [ERROR] Error al guardar entrega desde Acción QA {"entrega_id":4587,"usuario_id":14,"tipo":"produccion","error":"Esta entrega ya ha sido procesada anteriormente"}
[2025-10-06 13:38:40] [ERROR] Error al guardar entrega desde Acción QA {"entrega_id":4588,"usuario_id":14,"tipo":"scrap","error":"Esta entrega ya ha sido procesada anteriormente"}
[2025-10-06 13:40:30] [ERROR] Error al guardar entrega desde Acción QA {"entrega_id":4588,"usuario_id":14,"tipo":"scrap","error":"Unknown column 'usuario_qa_id' in 'field list'"}
[2025-10-06 13:41:18] [ERROR] Error al guardar entrega desde Acción QA {"entrega_id":4588,"usuario_id":14,"tipo":"scrap","error":"Esta entrega ya ha sido procesada anteriormente"}
[2025-10-06 13:41:21] [ERROR] Error al guardar entrega desde Acción QA {"entrega_id":4587,"usuario_id":14,"tipo":"produccion","error":"Esta entrega ya ha sido procesada anteriormente"}
[2025-10-06 13:42:15] [ERROR] Error al guardar entrega desde Acción QA {"entrega_id":4587,"usuario_id":14,"tipo":"produccion","error":"Duplicate entry '4587' for key 'uk_registro_id'"}
