[2025-08-26 00:45:33] [INFO] Correcciones pendientes consultadas {"maquina_id":6,"cantidad":0}
[2025-08-26 00:49:18] [INFO] Correcciones pendientes consultadas {"maquina_id":6,"cantidad":0}
[2025-08-26 00:51:22] [INFO] Correcciones pendientes consultadas {"maquina_id":6,"cantidad":0}
[2025-08-26 07:10:09] [INFO] Correcciones pendientes consultadas {"maquina_id":3,"cantidad":0}
[2025-08-26 07:10:24] [INFO] Correcciones pendientes consultadas {"maquina_id":3,"cantidad":0}
[2025-08-26 07:32:48] [INFO] Correcciones pendientes consultadas {"maquina_id":1194,"cantidad":0}
[2025-08-26 07:32:59] [INFO] Correcciones pendientes consultadas {"maquina_id":4,"cantidad":0}
[2025-08-26 07:33:03] [INFO] Correcciones pendientes consultadas {"maquina_id":4,"cantidad":0}
[2025-08-26 07:51:06] [INFO] Correcciones pendientes consultadas {"maquina_id":91693,"cantidad":0}
[2025-08-26 07:52:23] [INFO] Correcciones pendientes consultadas {"maquina_id":1,"cantidad":0}
[2025-08-26 07:52:34] [INFO] Correcciones pendientes consultadas {"maquina_id":1,"cantidad":0}
[2025-08-26 08:22:04] [INFO] Correcciones pendientes consultadas {"maquina_id":36,"cantidad":0}
[2025-08-26 08:23:01] [INFO] Correcciones pendientes consultadas {"maquina_id":36,"cantidad":0}
[2025-08-26 08:24:20] [INFO] Correcciones pendientes consultadas {"maquina_id":1,"cantidad":0}
[2025-08-26 08:24:42] [INFO] Correcciones pendientes consultadas {"maquina_id":1,"cantidad":0}
[2025-08-26 08:25:46] [INFO] Correcciones pendientes consultadas {"maquina_id":36,"cantidad":0}
[2025-08-26 08:27:02] [INFO] Correcciones pendientes consultadas {"maquina_id":6,"cantidad":0}
[2025-08-26 09:08:01] [INFO] Correcciones pendientes consultadas {"maquina_id":4,"cantidad":0}
[2025-08-26 09:39:21] [INFO] Correcciones pendientes consultadas {"maquina_id":6,"cantidad":0}
[2025-08-26 09:53:37] [INFO] Correcciones pendientes consultadas {"maquina_id":4,"cantidad":0}
[2025-08-26 10:00:54] [INFO] Correcciones pendientes consultadas {"maquina_id":1,"cantidad":0}
[2025-08-26 10:00:57] [INFO] Correcciones pendientes consultadas {"maquina_id":1,"cantidad":0}
[2025-08-26 10:02:30] [INFO] Correcciones pendientes consultadas {"maquina_id":6,"cantidad":0}
[2025-08-26 10:08:41] [INFO] Correcciones pendientes consultadas {"maquina_id":1194,"cantidad":0}
[2025-08-26 10:08:59] [INFO] Correcciones pendientes consultadas {"maquina_id":4,"cantidad":0}
[2025-08-26 10:09:02] [INFO] Correcciones pendientes consultadas {"maquina_id":4,"cantidad":0}
[2025-08-26 10:18:41] [INFO] Correcciones pendientes consultadas {"maquina_id":6,"cantidad":0}
[2025-08-26 10:19:32] [INFO] Correcciones pendientes consultadas {"maquina_id":6,"cantidad":0}
[2025-08-26 10:31:52] [INFO] Correcciones pendientes consultadas {"maquina_id":6,"cantidad":0}
[2025-08-26 10:32:04] [INFO] Correcciones pendientes consultadas {"maquina_id":6,"cantidad":0}
[2025-08-26 13:12:01] [INFO] Correcciones pendientes consultadas {"maquina_id":4,"cantidad":0}
[2025-08-26 13:34:36] [INFO] Correcciones pendientes consultadas {"maquina_id":6,"cantidad":0}
[2025-08-26 14:07:46] [INFO] Correcciones pendientes consultadas {"maquina_id":79852,"cantidad":0}
[2025-08-26 14:08:02] [INFO] Correcciones pendientes consultadas {"maquina_id":12,"cantidad":0}
[2025-08-26 14:08:07] [INFO] Correcciones pendientes consultadas {"maquina_id":12,"cantidad":0}
[2025-08-26 14:08:37] [INFO] Correcciones pendientes consultadas {"maquina_id":12,"cantidad":0}
[2025-08-26 14:32:00] [INFO] Consulta de retenciones activas {"area_id":1,"codigo_empleado":null,"cantidad":0}
[2025-08-26 14:32:25] [INFO] Consulta de retenciones activas {"area_id":1,"codigo_empleado":null,"cantidad":0}
[2025-08-26 14:32:48] [INFO] Consulta de retenciones activas {"area_id":1,"codigo_empleado":12581,"cantidad":0}
[2025-08-26 14:32:50] [INFO] Consulta de retenciones activas {"area_id":1,"codigo_empleado":null,"cantidad":0}
[2025-08-26 14:41:50] [INFO] Correcciones pendientes consultadas {"maquina_id":789456,"cantidad":0}
[2025-08-26 14:42:11] [INFO] Correcciones pendientes consultadas {"maquina_id":1,"cantidad":0}
[2025-08-26 14:42:16] [INFO] Correcciones pendientes consultadas {"maquina_id":1,"cantidad":0}
[2025-08-26 14:42:39] [INFO] Correcciones pendientes consultadas {"maquina_id":1,"cantidad":0}
[2025-08-26 14:42:50] [INFO] Correcciones pendientes consultadas {"maquina_id":1,"cantidad":0}
[2025-08-26 14:42:56] [INFO] Correcciones pendientes consultadas {"maquina_id":1,"cantidad":0}
[2025-08-26 14:43:06] [INFO] Correcciones pendientes consultadas {"maquina_id":1,"cantidad":0}
[2025-08-26 14:43:17] [INFO] Correcciones pendientes consultadas {"maquina_id":1,"cantidad":0}
[2025-08-26 14:43:44] [INFO] Consulta de retenciones activas {"area_id":1,"codigo_empleado":null,"cantidad":0}
[2025-08-26 14:43:47] [INFO] Consulta de retenciones activas {"area_id":1,"codigo_empleado":null,"cantidad":0}
[2025-08-26 14:43:59] [INFO] Consulta de retenciones activas {"area_id":1,"codigo_empleado":null,"cantidad":0}
[2025-08-26 14:44:09] [INFO] Consulta de retenciones activas {"area_id":1,"codigo_empleado":null,"cantidad":0}
[2025-08-26 14:45:05] [INFO] Corrección enviada con éxito {"registro_id":3813,"tipo":"produccion","nota":"Pendejo estos no son 3000","user_id":12581}
[2025-08-26 14:45:05] [INFO] Consulta de retenciones activas {"area_id":1,"codigo_empleado":null,"cantidad":0}
[2025-08-26 14:45:05] [INFO] Consulta de retenciones activas {"area_id":1,"codigo_empleado":null,"cantidad":0}
[2025-08-26 14:45:45] [INFO] Solicitud de validación de producción recibida {"user_id":12581,"registro_id":3814}
[2025-08-26 14:45:45] [INFO] Registrando historial de validación {"registro_id":3814,"tipo":"produccion","usuario_id":12581}
[2025-08-26 14:45:45] [INFO] Validación de producción exitosa {"user_id":12581,"registro_id":3814,"validacion_id":null}
[2025-08-26 14:45:45] [INFO] Consulta de retenciones activas {"area_id":1,"codigo_empleado":null,"cantidad":0}
[2025-08-26 14:45:45] [INFO] Consulta de retenciones activas {"area_id":1,"codigo_empleado":null,"cantidad":0}
[2025-08-26 14:46:03] [INFO] Consulta de retenciones activas {"area_id":1,"codigo_empleado":null,"cantidad":0}
[2025-08-26 14:46:12] [INFO] Consulta de retenciones activas {"area_id":1,"codigo_empleado":null,"cantidad":0}
[2025-08-26 14:46:14] [INFO] Consulta de retenciones activas {"area_id":1,"codigo_empleado":null,"cantidad":0}
[2025-08-26 14:46:33] [INFO] Solicitud de validación de scrap recibida {"registroId":3815,"cantidad":500,"user_id":12581}
[2025-08-26 14:46:33] [INFO] Validación de scrap exitosa {"registroId":3815,"cantidad":500,"user_id":12581,"mensaje":"Scrap validado correctamente"}
[2025-08-26 14:46:33] [INFO] Consulta de retenciones activas {"area_id":1,"codigo_empleado":null,"cantidad":0}
[2025-08-26 14:46:33] [INFO] Consulta de retenciones activas {"area_id":1,"codigo_empleado":null,"cantidad":0}
[2025-08-26 14:46:35] [INFO] Consulta de retenciones activas {"area_id":1,"codigo_empleado":null,"cantidad":0}
[2025-08-26 14:46:58] [INFO] Solicitud de creación de retención recibida {"registro_id":3814,"cantidad":4500,"user_id":12581}
[2025-08-26 14:46:58] [INFO] Retención creada exitosamente {"retencion_id":15,"registro_id":3814,"cantidad":4500}
[2025-08-26 14:46:58] [INFO] Retención creada exitosamente {"retencion_id":15,"registro_id":3814,"user_id":12581}
[2025-08-26 14:46:58] [INFO] Consulta de retenciones activas {"area_id":1,"codigo_empleado":12581,"cantidad":1}
[2025-08-26 14:47:00] [INFO] Consulta de retenciones activas {"area_id":1,"codigo_empleado":null,"cantidad":1}
[2025-08-26 14:47:06] [INFO] Consulta de retenciones activas {"area_id":1,"codigo_empleado":12581,"cantidad":1}
[2025-08-26 14:47:48] [INFO] Destino asignado exitosamente {"retencion_id":15,"tipo_destino":"produccion_final","cantidad":4500,"user_id":12581,"resultado":"Destino asignado correctamente"}
[2025-08-26 14:47:48] [INFO] Consulta de retenciones activas {"area_id":1,"codigo_empleado":12581,"cantidad":0}
[2025-08-26 14:47:48] [INFO] Consulta de retenciones activas {"area_id":1,"codigo_empleado":12581,"cantidad":0}
[2025-08-26 14:47:52] [INFO] Consulta de retenciones activas {"area_id":1,"codigo_empleado":null,"cantidad":0}
[2025-08-26 14:48:04] [INFO] Solicitud de guardar producción recibida {"user_id":12581,"entrega_id":3814}
[2025-08-26 14:48:04] [INFO] Validación de producción exitosa {"entrega_id":3814,"usuario_id":12581,"validacion_id":7}
[2025-08-26 14:48:04] [INFO] Guardado de producción exitoso {"user_id":12581,"entrega_id":3814,"validacion_id":7}
[2025-08-26 14:48:06] [INFO] Consulta de retenciones activas {"area_id":1,"codigo_empleado":null,"cantidad":0}
[2025-08-26 15:04:13] [INFO] Correcciones pendientes consultadas {"maquina_id":4,"cantidad":0}
[2025-08-26 16:02:35] [INFO] Correcciones pendientes consultadas {"maquina_id":1,"cantidad":1}
[2025-08-26 16:02:48] [INFO] Correcciones pendientes consultadas {"maquina_id":1,"cantidad":1}
[2025-08-26 16:05:50] [INFO] Correcciones pendientes consultadas {"maquina_id":12,"cantidad":0}
[2025-08-26 16:08:08] [INFO] Correcciones pendientes consultadas {"maquina_id":6,"cantidad":0}
[2025-08-26 16:08:50] [INFO] Correcciones pendientes consultadas {"maquina_id":6,"cantidad":0}
[2025-08-26 17:43:30] [INFO] Correcciones pendientes consultadas {"maquina_id":453,"cantidad":0}
[2025-08-26 17:44:09] [INFO] Correcciones pendientes consultadas {"maquina_id":6,"cantidad":0}
[2025-08-26 17:44:12] [INFO] Correcciones pendientes consultadas {"maquina_id":6,"cantidad":0}
[2025-08-26 17:44:30] [INFO] Correcciones pendientes consultadas {"maquina_id":6,"cantidad":0}
[2025-08-26 17:51:09] [INFO] Correcciones pendientes consultadas {"maquina_id":453,"cantidad":0}
[2025-08-26 17:53:07] [INFO] Correcciones pendientes consultadas {"maquina_id":6,"cantidad":0}
[2025-08-26 17:53:14] [INFO] Correcciones pendientes consultadas {"maquina_id":6,"cantidad":0}
[2025-08-26 21:01:30] [INFO] Correcciones pendientes consultadas {"maquina_id":6,"cantidad":0}
[2025-08-26 21:01:35] [INFO] Correcciones pendientes consultadas {"maquina_id":6,"cantidad":0}
[2025-08-26 21:25:55] [INFO] Correcciones pendientes consultadas {"maquina_id":6,"cantidad":0}
[2025-08-26 21:28:46] [INFO] Correcciones pendientes consultadas {"maquina_id":6,"cantidad":0}
[2025-08-26 21:34:05] [INFO] Correcciones pendientes consultadas {"maquina_id":453,"cantidad":0}
[2025-08-26 21:39:01] [INFO] Correcciones pendientes consultadas {"maquina_id":6,"cantidad":0}
[2025-08-26 21:39:06] [INFO] Correcciones pendientes consultadas {"maquina_id":6,"cantidad":0}
[2025-08-26 22:59:08] [INFO] Correcciones pendientes consultadas {"maquina_id":6,"cantidad":0}
[2025-08-26 22:59:41] [INFO] Correcciones pendientes consultadas {"maquina_id":6,"cantidad":0}
