[2025-07-21 08:34:09] [INFO] Correcciones pendientes consultadas {"maquina_id":92537,"cantidad":0}
[2025-07-21 08:35:45] [INFO] Correcciones pendientes consultadas {"maquina_id":1194,"cantidad":0}
[2025-07-21 08:35:48] [INFO] Correcciones pendientes consultadas {"maquina_id":1194,"cantidad":0}
[2025-07-21 08:36:35] [INFO] Correcciones pendientes consultadas {"maquina_id":4,"cantidad":0}
[2025-07-21 08:36:38] [INFO] Correcciones pendientes consultadas {"maquina_id":4,"cantidad":0}
[2025-07-21 08:38:43] [INFO] Correcciones pendientes consultadas {"maquina_id":373,"cantidad":0}
[2025-07-21 08:42:41] [INFO] Correcciones pendientes consultadas {"maquina_id":2,"cantidad":0}
[2025-07-21 08:42:45] [INFO] Correcciones pendientes consultadas {"maquina_id":2,"cantidad":0}
[2025-07-21 08:43:32] [INFO] Correcciones pendientes consultadas {"maquina_id":1,"cantidad":0}
[2025-07-21 08:43:43] [INFO] Correcciones pendientes consultadas {"maquina_id":1,"cantidad":0}
[2025-07-21 08:45:17] [INFO] Correcciones pendientes consultadas {"maquina_id":1,"cantidad":0}
[2025-07-21 08:47:43] [INFO] Correcciones pendientes consultadas {"maquina_id":1,"cantidad":0}
[2025-07-21 08:47:58] [INFO] Correcciones pendientes consultadas {"maquina_id":1,"cantidad":0}
[2025-07-21 08:49:39] [INFO] Correcciones pendientes consultadas {"maquina_id":498,"cantidad":0}
[2025-07-21 08:50:22] [INFO] Correcciones pendientes consultadas {"maquina_id":1,"cantidad":0}
[2025-07-21 08:50:25] [INFO] Correcciones pendientes consultadas {"maquina_id":1,"cantidad":0}
[2025-07-21 09:01:20] [INFO] Correcciones pendientes consultadas {"maquina_id":376,"cantidad":0}
[2025-07-21 09:01:54] [INFO] Correcciones pendientes consultadas {"maquina_id":6,"cantidad":0}
[2025-07-21 09:02:14] [INFO] Correcciones pendientes consultadas {"maquina_id":6,"cantidad":0}
[2025-07-21 09:02:50] [INFO] Correcciones pendientes consultadas {"maquina_id":3,"cantidad":0}
[2025-07-21 09:03:02] [INFO] Correcciones pendientes consultadas {"maquina_id":3,"cantidad":0}
[2025-07-21 09:03:29] [INFO] Correcciones pendientes consultadas {"maquina_id":71351,"cantidad":0}
[2025-07-21 09:03:36] [INFO] Correcciones pendientes consultadas {"maquina_id":6,"cantidad":0}
[2025-07-21 09:03:41] [INFO] Correcciones pendientes consultadas {"maquina_id":6,"cantidad":0}
[2025-07-21 09:10:35] [INFO] Correcciones pendientes consultadas {"maquina_id":91693,"cantidad":0}
[2025-07-21 09:13:12] [INFO] Correcciones pendientes consultadas {"maquina_id":7,"cantidad":0}
[2025-07-21 09:13:22] [INFO] Correcciones pendientes consultadas {"maquina_id":7,"cantidad":0}
[2025-07-21 09:59:48] [INFO] Correcciones pendientes consultadas {"maquina_id":6,"cantidad":0}
[2025-07-21 10:00:30] [INFO] Correcciones pendientes consultadas {"maquina_id":6,"cantidad":0}
[2025-07-21 10:39:34] [INFO] Correcciones pendientes consultadas {"maquina_id":4,"cantidad":0}
[2025-07-21 10:39:40] [INFO] Correcciones pendientes consultadas {"maquina_id":4,"cantidad":0}
[2025-07-21 10:44:20] [INFO] Correcciones pendientes consultadas {"maquina_id":92983,"cantidad":0}
[2025-07-21 10:45:57] [INFO] Correcciones pendientes consultadas {"maquina_id":24,"cantidad":0}
[2025-07-21 10:46:13] [INFO] Correcciones pendientes consultadas {"maquina_id":24,"cantidad":0}
[2025-07-21 10:46:22] [INFO] Correcciones pendientes consultadas {"maquina_id":24,"cantidad":0}
[2025-07-21 10:46:35] [INFO] Correcciones pendientes consultadas {"maquina_id":24,"cantidad":0}
[2025-07-21 10:46:50] [INFO] Correcciones pendientes consultadas {"maquina_id":24,"cantidad":0}
[2025-07-21 10:52:20] [INFO] Correcciones pendientes consultadas {"maquina_id":85300,"cantidad":0}
[2025-07-21 10:53:47] [INFO] Correcciones pendientes consultadas {"maquina_id":26,"cantidad":0}
[2025-07-21 10:53:53] [INFO] Correcciones pendientes consultadas {"maquina_id":26,"cantidad":0}
[2025-07-21 10:54:00] [INFO] Correcciones pendientes consultadas {"maquina_id":26,"cantidad":0}
[2025-07-21 10:54:28] [INFO] Correcciones pendientes consultadas {"maquina_id":26,"cantidad":0}
[2025-07-21 10:55:28] [INFO] Correcciones pendientes consultadas {"maquina_id":26,"cantidad":0}
[2025-07-21 10:56:57] [INFO] Correcciones pendientes consultadas {"maquina_id":26,"cantidad":0}
[2025-07-21 10:58:00] [INFO] Correcciones pendientes consultadas {"maquina_id":4,"cantidad":0}
[2025-07-21 10:59:01] [INFO] Correcciones pendientes consultadas {"maquina_id":1051,"cantidad":0}
[2025-07-21 11:03:32] [INFO] Correcciones pendientes consultadas {"maquina_id":27,"cantidad":0}
[2025-07-21 11:03:46] [INFO] Correcciones pendientes consultadas {"maquina_id":27,"cantidad":0}
[2025-07-21 11:10:54] [INFO] Correcciones pendientes consultadas {"maquina_id":88092,"cantidad":0}
[2025-07-21 11:11:26] [INFO] Correcciones pendientes consultadas {"maquina_id":24,"cantidad":0}
[2025-07-21 11:11:38] [INFO] Correcciones pendientes consultadas {"maquina_id":24,"cantidad":0}
[2025-07-21 11:11:46] [INFO] Correcciones pendientes consultadas {"maquina_id":24,"cantidad":0}
[2025-07-21 11:11:55] [INFO] Correcciones pendientes consultadas {"maquina_id":24,"cantidad":0}
[2025-07-21 11:14:54] [INFO] Correcciones pendientes consultadas {"maquina_id":25,"cantidad":0}
[2025-07-21 11:15:01] [INFO] Correcciones pendientes consultadas {"maquina_id":25,"cantidad":0}
[2025-07-21 11:15:06] [INFO] Correcciones pendientes consultadas {"maquina_id":25,"cantidad":0}
[2025-07-21 11:16:49] [INFO] Correcciones pendientes consultadas {"maquina_id":25,"cantidad":0}
[2025-07-21 11:17:23] [INFO] Correcciones pendientes consultadas {"maquina_id":24,"cantidad":0}
[2025-07-21 11:17:53] [INFO] Correcciones pendientes consultadas {"maquina_id":24,"cantidad":0}
[2025-07-21 11:18:19] [INFO] Correcciones pendientes consultadas {"maquina_id":24,"cantidad":0}
[2025-07-21 11:29:06] [INFO] Correcciones pendientes consultadas {"maquina_id":27,"cantidad":0}
[2025-07-21 11:40:02] [INFO] Correcciones pendientes consultadas {"maquina_id":25,"cantidad":0}
[2025-07-21 11:40:07] [INFO] Correcciones pendientes consultadas {"maquina_id":25,"cantidad":0}
[2025-07-21 11:43:52] [INFO] Correcciones pendientes consultadas {"maquina_id":25,"cantidad":0}
[2025-07-21 11:50:43] [INFO] Correcciones pendientes consultadas {"maquina_id":4,"cantidad":0}
[2025-07-21 12:06:48] [INFO] Correcciones pendientes consultadas {"maquina_id":4,"cantidad":0}
[2025-07-21 12:13:06] [INFO] Correcciones pendientes consultadas {"maquina_id":4,"cantidad":0}
[2025-07-21 12:13:11] [INFO] Correcciones pendientes consultadas {"maquina_id":4,"cantidad":0}
[2025-07-21 12:23:11] [INFO] Correcciones pendientes consultadas {"maquina_id":18,"cantidad":0}
[2025-07-21 12:23:17] [INFO] Correcciones pendientes consultadas {"maquina_id":18,"cantidad":0}
[2025-07-21 12:31:33] [INFO] Correcciones pendientes consultadas {"maquina_id":4,"cantidad":0}
[2025-07-21 12:32:56] [INFO] Correcciones pendientes consultadas {"maquina_id":3,"cantidad":0}
[2025-07-21 12:33:04] [INFO] Correcciones pendientes consultadas {"maquina_id":3,"cantidad":0}
[2025-07-21 12:36:57] [INFO] Correcciones pendientes consultadas {"maquina_id":6,"cantidad":0}
[2025-07-21 12:37:01] [INFO] Correcciones pendientes consultadas {"maquina_id":6,"cantidad":0}
[2025-07-21 12:55:11] [INFO] Correcciones pendientes consultadas {"maquina_id":25,"cantidad":0}
[2025-07-21 12:55:15] [INFO] Correcciones pendientes consultadas {"maquina_id":25,"cantidad":0}
[2025-07-21 13:31:56] [INFO] Correcciones pendientes consultadas {"maquina_id":25,"cantidad":0}
[2025-07-21 13:49:23] [INFO] Correcciones pendientes consultadas {"maquina_id":25,"cantidad":0}
[2025-07-21 13:49:25] [INFO] Correcciones pendientes consultadas {"maquina_id":25,"cantidad":0}
[2025-07-21 14:07:34] [INFO] Correcciones pendientes consultadas {"maquina_id":18,"cantidad":0}
[2025-07-21 14:14:34] [INFO] Correcciones pendientes consultadas {"maquina_id":24,"cantidad":0}
[2025-07-21 14:14:41] [INFO] Correcciones pendientes consultadas {"maquina_id":24,"cantidad":0}
[2025-07-21 14:18:36] [INFO] Consulta de retenciones activas {"area_id":3,"codigo_empleado":null,"cantidad":0}
[2025-07-21 14:19:43] [INFO] Consulta de retenciones activas {"area_id":3,"codigo_empleado":null,"cantidad":0}
[2025-07-21 14:21:35] [INFO] Corrección enviada con éxito {"registro_id":1314,"tipo":"produccion","nota":"","user_id":19034}
[2025-07-21 14:21:35] [INFO] Consulta de retenciones activas {"area_id":3,"codigo_empleado":null,"cantidad":0}
[2025-07-21 14:21:35] [INFO] Consulta de retenciones activas {"area_id":3,"codigo_empleado":null,"cantidad":0}
[2025-07-21 14:21:43] [INFO] Consulta de retenciones activas {"area_id":3,"codigo_empleado":null,"cantidad":0}
[2025-07-21 14:22:56] [INFO] Consulta de retenciones activas {"area_id":3,"codigo_empleado":null,"cantidad":0}
[2025-07-21 14:23:40] [INFO] Consulta de retenciones activas {"area_id":3,"codigo_empleado":null,"cantidad":0}
[2025-07-21 14:24:17] [INFO] Consulta de retenciones activas {"area_id":3,"codigo_empleado":null,"cantidad":0}
[2025-07-21 14:24:50] [INFO] Solicitud de validación de scrap recibida {"registroId":1315,"cantidad":30,"user_id":19034}
[2025-07-21 14:24:50] [INFO] Validación de scrap exitosa {"registroId":1315,"cantidad":30,"user_id":19034,"mensaje":"Scrap validado correctamente"}
[2025-07-21 14:24:50] [INFO] Consulta de retenciones activas {"area_id":3,"codigo_empleado":null,"cantidad":0}
[2025-07-21 14:24:50] [INFO] Consulta de retenciones activas {"area_id":3,"codigo_empleado":null,"cantidad":0}
[2025-07-21 14:24:53] [INFO] Consulta de retenciones activas {"area_id":3,"codigo_empleado":null,"cantidad":0}
[2025-07-21 14:24:53] [INFO] Consulta de retenciones activas {"area_id":3,"codigo_empleado":null,"cantidad":0}
[2025-07-21 14:25:18] [INFO] Corrección cancelada {"id":14,"usuario":19034,"resultado":{"success":true,"message":"Corrección cancelada correctamente."}}
[2025-07-21 14:25:19] [INFO] Consulta de retenciones activas {"area_id":3,"codigo_empleado":null,"cantidad":0}
[2025-07-21 14:26:31] [INFO] Solicitud de validación de producción recibida {"user_id":19034,"registro_id":1314}
[2025-07-21 14:26:31] [INFO] Registrando historial de validación {"registro_id":1314,"tipo":"produccion","usuario_id":19034}
[2025-07-21 14:26:31] [INFO] Validación de producción exitosa {"user_id":19034,"registro_id":1314,"validacion_id":null}
[2025-07-21 14:26:31] [INFO] Consulta de retenciones activas {"area_id":3,"codigo_empleado":null,"cantidad":0}
[2025-07-21 14:26:31] [INFO] Consulta de retenciones activas {"area_id":3,"codigo_empleado":null,"cantidad":0}
[2025-07-21 14:26:43] [INFO] Consulta de retenciones activas {"area_id":3,"codigo_empleado":null,"cantidad":0}
[2025-07-21 14:31:57] [INFO] Consulta de retenciones activas {"area_id":3,"codigo_empleado":null,"cantidad":0}
[2025-07-21 14:32:05] [INFO] Consulta de retenciones activas {"area_id":3,"codigo_empleado":null,"cantidad":0}
[2025-07-21 14:32:29] [INFO] Consulta de retenciones activas {"area_id":3,"codigo_empleado":null,"cantidad":0}
[2025-07-21 14:33:35] [INFO] Consulta de retenciones activas {"area_id":3,"codigo_empleado":null,"cantidad":0}
[2025-07-21 14:33:37] [INFO] Consulta de retenciones activas {"area_id":3,"codigo_empleado":null,"cantidad":0}
[2025-07-21 14:33:59] [INFO] Consulta de retenciones activas {"area_id":3,"codigo_empleado":null,"cantidad":0}
[2025-07-21 14:40:19] [INFO] Correcciones pendientes consultadas {"maquina_id":25,"cantidad":0}
[2025-07-21 14:41:27] [INFO] Correcciones pendientes consultadas {"maquina_id":25,"cantidad":0}
[2025-07-21 14:41:33] [INFO] Correcciones pendientes consultadas {"maquina_id":25,"cantidad":0}
[2025-07-21 14:56:20] [INFO] Correcciones pendientes consultadas {"maquina_id":24,"cantidad":0}
[2025-07-21 14:56:55] [INFO] Correcciones pendientes consultadas {"maquina_id":24,"cantidad":0}
[2025-07-21 14:57:29] [INFO] Correcciones pendientes consultadas {"maquina_id":24,"cantidad":0}
[2025-07-21 14:57:45] [INFO] Correcciones pendientes consultadas {"maquina_id":24,"cantidad":0}
[2025-07-21 15:03:04] [INFO] Correcciones pendientes consultadas {"maquina_id":18,"cantidad":0}
[2025-07-21 15:25:58] [INFO] Correcciones pendientes consultadas {"maquina_id":3,"cantidad":0}
[2025-07-21 15:26:08] [INFO] Correcciones pendientes consultadas {"maquina_id":3,"cantidad":0}
[2025-07-21 15:27:59] [INFO] Correcciones pendientes consultadas {"maquina_id":1194,"cantidad":0}
[2025-07-21 15:28:32] [INFO] Correcciones pendientes consultadas {"maquina_id":4,"cantidad":0}
[2025-07-21 15:28:35] [INFO] Correcciones pendientes consultadas {"maquina_id":4,"cantidad":0}
[2025-07-21 15:36:04] [INFO] Correcciones pendientes consultadas {"maquina_id":18,"cantidad":0}
[2025-07-21 15:44:40] [INFO] Correcciones pendientes consultadas {"maquina_id":6,"cantidad":0}
[2025-07-21 15:47:39] [INFO] Correcciones pendientes consultadas {"maquina_id":25,"cantidad":0}
[2025-07-21 16:07:25] [INFO] Correcciones pendientes consultadas {"maquina_id":4,"cantidad":0}
[2025-07-21 16:08:18] [INFO] Correcciones pendientes consultadas {"maquina_id":481,"cantidad":0}
[2025-07-21 16:10:56] [INFO] Correcciones pendientes consultadas {"maquina_id":3,"cantidad":0}
[2025-07-21 16:11:04] [INFO] Correcciones pendientes consultadas {"maquina_id":3,"cantidad":0}
[2025-07-21 16:14:07] [INFO] Correcciones pendientes consultadas {"maquina_id":110452,"cantidad":0}
[2025-07-21 16:14:38] [INFO] Correcciones pendientes consultadas {"maquina_id":4,"cantidad":0}
[2025-07-21 16:14:43] [INFO] Correcciones pendientes consultadas {"maquina_id":4,"cantidad":0}
[2025-07-21 16:23:22] [INFO] Correcciones pendientes consultadas {"maquina_id":18,"cantidad":0}
[2025-07-21 16:24:47] [INFO] Correcciones pendientes consultadas {"maquina_id":77000,"cantidad":0}
[2025-07-21 16:24:51] [INFO] Correcciones pendientes consultadas {"maquina_id":18,"cantidad":0}
[2025-07-21 16:24:53] [INFO] Correcciones pendientes consultadas {"maquina_id":18,"cantidad":0}
[2025-07-21 16:31:13] [INFO] Correcciones pendientes consultadas {"maquina_id":18,"cantidad":0}
[2025-07-21 16:43:22] [INFO] Correcciones pendientes consultadas {"maquina_id":18,"cantidad":0}
[2025-07-21 16:49:24] [INFO] Correcciones pendientes consultadas {"maquina_id":18,"cantidad":0}
[2025-07-21 16:51:51] [INFO] Correcciones pendientes consultadas {"maquina_id":4,"cantidad":0}
[2025-07-21 17:06:22] [INFO] Correcciones pendientes consultadas {"maquina_id":97070,"cantidad":0}
[2025-07-21 17:06:35] [INFO] Correcciones pendientes consultadas {"maquina_id":97070,"cantidad":0}
[2025-07-21 17:07:19] [INFO] Correcciones pendientes consultadas {"maquina_id":14,"cantidad":0}
[2025-07-21 17:07:24] [INFO] Correcciones pendientes consultadas {"maquina_id":14,"cantidad":0}
[2025-07-21 17:09:17] [INFO] Correcciones pendientes consultadas {"maquina_id":4,"cantidad":0}
[2025-07-21 17:09:22] [INFO] Correcciones pendientes consultadas {"maquina_id":4,"cantidad":0}
[2025-07-21 17:15:38] [INFO] Correcciones pendientes consultadas {"maquina_id":6,"cantidad":0}
[2025-07-21 17:15:50] [INFO] Correcciones pendientes consultadas {"maquina_id":6,"cantidad":0}
[2025-07-21 17:15:55] [INFO] Correcciones pendientes consultadas {"maquina_id":6,"cantidad":0}
[2025-07-21 17:16:18] [INFO] Correcciones pendientes consultadas {"maquina_id":27,"cantidad":0}
[2025-07-21 17:16:27] [INFO] Correcciones pendientes consultadas {"maquina_id":27,"cantidad":0}
[2025-07-21 17:16:27] [INFO] Correcciones pendientes consultadas {"maquina_id":27,"cantidad":0}
[2025-07-21 17:17:48] [INFO] Correcciones pendientes consultadas {"maquina_id":6,"cantidad":0}
[2025-07-21 17:17:52] [INFO] Correcciones pendientes consultadas {"maquina_id":6,"cantidad":0}
[2025-07-21 17:20:37] [INFO] Correcciones pendientes consultadas {"maquina_id":4,"cantidad":0}
[2025-07-21 17:20:44] [INFO] Correcciones pendientes consultadas {"maquina_id":4,"cantidad":0}
[2025-07-21 17:21:02] [INFO] Correcciones pendientes consultadas {"maquina_id":4,"cantidad":0}
[2025-07-21 17:21:36] [INFO] Correcciones pendientes consultadas {"maquina_id":4,"cantidad":0}
[2025-07-21 17:21:43] [INFO] Correcciones pendientes consultadas {"maquina_id":4,"cantidad":0}
[2025-07-21 17:23:12] [INFO] Correcciones pendientes consultadas {"maquina_id":3,"cantidad":0}
[2025-07-21 17:23:14] [INFO] Correcciones pendientes consultadas {"maquina_id":90583,"cantidad":0}
[2025-07-21 17:23:23] [INFO] Correcciones pendientes consultadas {"maquina_id":3,"cantidad":0}
[2025-07-21 17:24:07] [INFO] Correcciones pendientes consultadas {"maquina_id":8,"cantidad":0}
[2025-07-21 17:24:13] [INFO] Correcciones pendientes consultadas {"maquina_id":8,"cantidad":0}
[2025-07-21 17:35:36] [INFO] Correcciones pendientes consultadas {"maquina_id":18,"cantidad":0}
[2025-07-21 17:54:41] [INFO] Correcciones pendientes consultadas {"maquina_id":18,"cantidad":0}
[2025-07-21 18:05:15] [INFO] Correcciones pendientes consultadas {"maquina_id":18,"cantidad":0}
[2025-07-21 18:18:32] [INFO] Correcciones pendientes consultadas {"maquina_id":3,"cantidad":0}
[2025-07-21 18:19:10] [INFO] Correcciones pendientes consultadas {"maquina_id":2,"cantidad":0}
[2025-07-21 18:19:48] [INFO] Correcciones pendientes consultadas {"maquina_id":2,"cantidad":0}
[2025-07-21 18:21:53] [INFO] Correcciones pendientes consultadas {"maquina_id":481,"cantidad":0}
[2025-07-21 18:22:42] [INFO] Correcciones pendientes consultadas {"maquina_id":3,"cantidad":0}
[2025-07-21 18:22:49] [INFO] Correcciones pendientes consultadas {"maquina_id":3,"cantidad":0}
[2025-07-21 18:23:03] [INFO] Correcciones pendientes consultadas {"maquina_id":1,"cantidad":0}
[2025-07-21 18:23:14] [INFO] Correcciones pendientes consultadas {"maquina_id":18,"cantidad":0}
[2025-07-21 18:23:26] [INFO] Correcciones pendientes consultadas {"maquina_id":1,"cantidad":0}
[2025-07-21 18:24:34] [INFO] Correcciones pendientes consultadas {"maquina_id":18,"cantidad":0}
[2025-07-21 18:40:05] [INFO] Correcciones pendientes consultadas {"maquina_id":18,"cantidad":0}
[2025-07-21 18:59:07] [INFO] Correcciones pendientes consultadas {"maquina_id":18,"cantidad":0}
[2025-07-21 19:09:07] [INFO] Correcciones pendientes consultadas {"maquina_id":18,"cantidad":0}
[2025-07-21 19:24:38] [INFO] Correcciones pendientes consultadas {"maquina_id":3,"cantidad":0}
[2025-07-21 19:24:43] [INFO] Correcciones pendientes consultadas {"maquina_id":3,"cantidad":0}
[2025-07-21 19:44:12] [INFO] Correcciones pendientes consultadas {"maquina_id":18,"cantidad":0}
[2025-07-21 20:01:46] [INFO] Correcciones pendientes consultadas {"maquina_id":18,"cantidad":0}
[2025-07-21 20:27:20] [INFO] Correcciones pendientes consultadas {"maquina_id":18,"cantidad":0}
[2025-07-21 20:32:40] [INFO] Correcciones pendientes consultadas {"maquina_id":14,"cantidad":0}
[2025-07-21 20:32:51] [INFO] Correcciones pendientes consultadas {"maquina_id":14,"cantidad":0}
[2025-07-21 20:48:03] [INFO] Correcciones pendientes consultadas {"maquina_id":3,"cantidad":0}
[2025-07-21 21:00:58] [INFO] Correcciones pendientes consultadas {"maquina_id":14,"cantidad":0}
[2025-07-21 21:06:02] [INFO] Correcciones pendientes consultadas {"maquina_id":18,"cantidad":0}
[2025-07-21 21:24:31] [INFO] Correcciones pendientes consultadas {"maquina_id":18,"cantidad":0}
[2025-07-21 22:12:48] [INFO] Correcciones pendientes consultadas {"maquina_id":18,"cantidad":0}
[2025-07-21 22:25:29] [INFO] Correcciones pendientes consultadas {"maquina_id":18,"cantidad":0}
[2025-07-21 23:10:04] [INFO] Correcciones pendientes consultadas {"maquina_id":14,"cantidad":0}
[2025-07-21 23:10:19] [INFO] Correcciones pendientes consultadas {"maquina_id":14,"cantidad":0}
[2025-07-21 23:13:00] [INFO] Correcciones pendientes consultadas {"maquina_id":18,"cantidad":0}
[2025-07-21 23:16:51] [INFO] Correcciones pendientes consultadas {"maquina_id":18,"cantidad":0}
[2025-07-21 23:51:05] [INFO] Correcciones pendientes consultadas {"maquina_id":18,"cantidad":0}
[2025-07-21 23:52:28] [INFO] Correcciones pendientes consultadas {"maquina_id":6,"cantidad":0}
[2025-07-21 23:52:43] [INFO] Correcciones pendientes consultadas {"maquina_id":18,"cantidad":0}
[2025-07-21 23:52:48] [INFO] Correcciones pendientes consultadas {"maquina_id":83692,"cantidad":0}
