[2025-09-23 07:55:29] [INFO] Solicitud de validación de producción recibida {"user_id":13,"registro_id":176}
[2025-09-23 07:55:29] [INFO] Registrando historial de validación {"registro_id":176,"tipo":"produccion","usuario_id":13}
[2025-09-23 07:55:29] [INFO] Validación de producción exitosa {"user_id":13,"registro_id":176,"validacion_id":0}
[2025-09-23 07:55:29] [INFO] Consulta de retenciones activas {"area_id":1,"codigo_empleado":null,"cantidad":0}
[2025-09-23 07:55:29] [INFO] Consulta de retenciones activas {"area_id":1,"codigo_empleado":null,"cantidad":0}
[2025-09-23 07:55:37] [INFO] Consulta de retenciones activas {"area_id":1,"codigo_empleado":null,"cantidad":0}
[2025-09-23 07:59:18] [INFO] Consulta de retenciones activas {"area_id":1,"codigo_empleado":null,"cantidad":0}
[2025-09-23 08:03:13] [INFO] Solicitud de validación de producción recibida {"user_id":13,"registro_id":176}
[2025-09-23 08:03:13] [INFO] Registrando historial de validación {"registro_id":176,"tipo":"produccion","usuario_id":13}
[2025-09-23 08:03:13] [INFO] Validación de producción exitosa {"user_id":13,"registro_id":176,"validacion_id":0}
[2025-09-23 08:03:13] [INFO] Consulta de retenciones activas {"area_id":1,"codigo_empleado":null,"cantidad":0}
[2025-09-23 08:03:13] [INFO] Consulta de retenciones activas {"area_id":1,"codigo_empleado":null,"cantidad":0}
[2025-09-23 08:08:47] [INFO] Solicitud de validación de producción recibida {"user_id":13,"registro_id":176}
[2025-09-23 08:08:47] [INFO] Registrando historial de validación {"registro_id":176,"tipo":"produccion","usuario_id":13}
[2025-09-23 08:08:47] [INFO] Validación de producción exitosa {"user_id":13,"registro_id":176,"validacion_id":0}
[2025-09-23 08:08:47] [INFO] Consulta de retenciones activas {"area_id":1,"codigo_empleado":null,"cantidad":0}
[2025-09-23 08:08:47] [INFO] Consulta de retenciones activas {"area_id":1,"codigo_empleado":null,"cantidad":0}
[2025-09-23 08:09:19] [INFO] Consulta de retenciones activas {"area_id":1,"codigo_empleado":null,"cantidad":0}
[2025-09-23 08:13:59] [INFO] Solicitud de validación de producción recibida (SUPERVISOR) {"user_id":13,"registro_id":176}
[2025-09-23 08:13:59] [INFO] Registrando historial de validación (SUPERVISOR) {"registro_id":176,"tipo":"produccion","usuario_id":13}
[2025-09-23 08:13:59] [INFO] Validación de producción exitosa (SUPERVISOR) {"user_id":13,"registro_id":176,"validacion_id":0}
[2025-09-23 08:14:22] [INFO] Consulta de retenciones activas {"area_id":1,"codigo_empleado":null,"cantidad":0}
[2025-09-23 08:14:26] [INFO] Consulta de retenciones activas {"area_id":1,"codigo_empleado":null,"cantidad":0}
[2025-09-23 08:14:28] [INFO] Consulta de retenciones activas {"area_id":1,"codigo_empleado":null,"cantidad":0}
[2025-09-23 08:14:31] [INFO] Consulta de retenciones activas {"area_id":1,"codigo_empleado":14,"cantidad":0}
[2025-09-23 08:14:37] [INFO] Consulta de retenciones activas {"area_id":1,"codigo_empleado":null,"cantidad":0}
[2025-09-23 08:14:42] [INFO] Consulta de retenciones activas {"area_id":1,"codigo_empleado":null,"cantidad":0}
[2025-09-23 08:14:49] [INFO] Consulta de retenciones activas {"area_id":1,"codigo_empleado":null,"cantidad":0}
[2025-09-23 08:14:52] [INFO] Consulta de retenciones activas {"area_id":1,"codigo_empleado":null,"cantidad":0}
[2025-09-23 08:19:51] [INFO] Consulta de retenciones activas {"area_id":1,"codigo_empleado":null,"cantidad":0}
[2025-09-23 08:27:23] [INFO] Consulta de retenciones activas {"area_id":1,"codigo_empleado":null,"cantidad":0}
[2025-09-23 08:27:26] [INFO] Consulta de retenciones activas {"area_id":1,"codigo_empleado":null,"cantidad":0}
[2025-09-23 08:31:36] [INFO] Solicitud de validación de producción recibida (SUPERVISOR) {"user_id":13,"registro_id":176}
[2025-09-23 08:31:36] [INFO] Registrando historial de validación (SUPERVISOR) {"registro_id":176,"tipo":"produccion","usuario_id":13}
[2025-09-23 08:31:36] [INFO] Validación de producción exitosa (SUPERVISOR) {"user_id":13,"registro_id":176,"validacion_id":0}
[2025-09-23 08:31:52] [INFO] Consulta de retenciones activas {"area_id":1,"codigo_empleado":null,"cantidad":0}
[2025-09-23 08:33:30] [INFO] Consulta de retenciones activas {"area_id":1,"codigo_empleado":null,"cantidad":0}
[2025-09-23 08:34:02] [INFO] Consulta de retenciones activas {"area_id":1,"codigo_empleado":null,"cantidad":0}
[2025-09-23 08:34:05] [INFO] Consulta de retenciones activas {"area_id":1,"codigo_empleado":null,"cantidad":0}
[2025-09-23 08:34:36] [INFO] Consulta de retenciones activas {"area_id":1,"codigo_empleado":null,"cantidad":0}
[2025-09-23 08:34:38] [INFO] Consulta de retenciones activas {"area_id":1,"codigo_empleado":null,"cantidad":0}
[2025-09-23 08:35:04] [INFO] Consulta de retenciones activas {"area_id":1,"codigo_empleado":null,"cantidad":0}
[2025-09-23 08:35:13] [INFO] Consulta de retenciones activas {"area_id":1,"codigo_empleado":null,"cantidad":0}
[2025-09-23 08:35:14] [INFO] Consulta de retenciones activas {"area_id":1,"codigo_empleado":null,"cantidad":0}
[2025-09-23 08:41:55] [INFO] Consulta de retenciones activas {"area_id":1,"codigo_empleado":null,"cantidad":0}
[2025-09-23 08:42:27] [INFO] Solicitud de validación de producción recibida (SUPERVISOR) {"user_id":13,"registro_id":176}
[2025-09-23 08:42:27] [INFO] Registrando historial de validación (SUPERVISOR) {"registro_id":176,"tipo":"produccion","usuario_id":13}
[2025-09-23 08:42:27] [INFO] Validación de producción exitosa (SUPERVISOR) {"user_id":13,"registro_id":176,"validacion_id":0}
[2025-09-23 08:42:43] [INFO] Consulta de retenciones activas {"area_id":1,"codigo_empleado":null,"cantidad":0}
[2025-09-23 08:58:03] [INFO] Solicitud de validación de producción recibida (SUPERVISOR) {"user_id":13,"registro_id":176}
[2025-09-23 08:58:03] [INFO] Validación de producción exitosa (SUPERVISOR) {"user_id":13,"registro_id":176,"validacion_id":17}
[2025-09-23 08:58:44] [INFO] Solicitud de creación de retención recibida {"registro_id":null,"cantidad":25000,"user_id":14}
[2025-09-23 08:58:44] [INFO] Consulta de retenciones activas {"area_id":1,"codigo_empleado":14,"cantidad":0}
[2025-09-23 08:58:47] [INFO] Solicitud de creación de retención recibida {"registro_id":null,"cantidad":25000,"user_id":14}
[2025-09-23 08:58:47] [INFO] Consulta de retenciones activas {"area_id":1,"codigo_empleado":14,"cantidad":0}
[2025-09-23 08:58:51] [INFO] Solicitud de creación de retención recibida {"registro_id":null,"cantidad":25000,"user_id":14}
[2025-09-23 08:58:51] [INFO] Consulta de retenciones activas {"area_id":1,"codigo_empleado":14,"cantidad":0}
[2025-09-23 09:18:40] [INFO] Solicitud de validación de producción recibida (SUPERVISOR) {"user_id":13,"registro_id":176}
[2025-09-23 09:18:40] [INFO] Validación de producción exitosa (SUPERVISOR) {"user_id":13,"registro_id":176,"validacion_id":18}
[2025-09-23 09:19:24] [INFO] Solicitud de guardar producción recibida {"user_id":14,"entrega_id":176}
[2025-09-23 09:19:24] [INFO] Validación de producción exitosa {"entrega_id":176,"usuario_id":14,"validacion_id":19}
[2025-09-23 09:19:24] [INFO] Guardado de producción exitoso {"user_id":14,"entrega_id":176,"validacion_id":19}
[2025-09-23 09:19:31] [INFO] Solicitud de creación de retención recibida {"registro_id":null,"cantidad":25000,"user_id":14}
[2025-09-23 09:19:31] [INFO] Consulta de retenciones activas {"area_id":1,"codigo_empleado":14,"cantidad":0}
[2025-09-23 09:21:42] [INFO] Solicitud de validación de producción recibida (SUPERVISOR) {"user_id":13,"registro_id":176}
[2025-09-23 09:21:42] [INFO] Validación de producción exitosa (SUPERVISOR) {"user_id":13,"registro_id":176,"validacion_id":20}
[2025-09-23 09:25:52] [INFO] Consulta de retenciones activas {"area_id":1,"codigo_empleado":null,"cantidad":0}
[2025-09-23 09:25:56] [INFO] Consulta de retenciones activas {"area_id":1,"codigo_empleado":null,"cantidad":0}
[2025-09-23 09:26:01] [INFO] Solicitud de validación de producción recibida {"user_id":14,"registro_id":4454}
[2025-09-23 09:26:01] [INFO] Registrando historial de validación {"registro_id":4454,"tipo":"produccion","usuario_id":14}
[2025-09-23 09:26:01] [INFO] Validación de producción exitosa {"user_id":14,"registro_id":4454,"validacion_id":0}
[2025-09-23 09:26:01] [INFO] Consulta de retenciones activas {"area_id":1,"codigo_empleado":null,"cantidad":0}
[2025-09-23 09:26:01] [INFO] Consulta de retenciones activas {"area_id":1,"codigo_empleado":null,"cantidad":0}
[2025-09-23 09:26:31] [INFO] Solicitud de guardar producción recibida {"user_id":14,"entrega_id":4454}
[2025-09-23 09:26:31] [INFO] Validación de producción exitosa {"entrega_id":4454,"usuario_id":14,"validacion_id":22}
[2025-09-23 09:26:31] [INFO] Guardado de producción exitoso {"user_id":14,"entrega_id":4454,"validacion_id":22}
[2025-09-23 09:26:33] [INFO] Solicitud de guardar producción recibida {"user_id":14,"entrega_id":4454}
[2025-09-23 09:26:37] [INFO] Solicitud de creación de retención recibida {"registro_id":null,"cantidad":12045,"user_id":14}
[2025-09-23 09:26:37] [INFO] Consulta de retenciones activas {"area_id":1,"codigo_empleado":14,"cantidad":0}
[2025-09-23 09:26:38] [INFO] Solicitud de creación de retención recibida {"registro_id":null,"cantidad":12045,"user_id":14}
[2025-09-23 09:26:38] [INFO] Consulta de retenciones activas {"area_id":1,"codigo_empleado":14,"cantidad":0}
[2025-09-23 09:26:38] [INFO] Solicitud de creación de retención recibida {"registro_id":null,"cantidad":12045,"user_id":14}
[2025-09-23 09:26:38] [INFO] Consulta de retenciones activas {"area_id":1,"codigo_empleado":14,"cantidad":0}
[2025-09-23 09:26:38] [INFO] Solicitud de creación de retención recibida {"registro_id":null,"cantidad":12045,"user_id":14}
[2025-09-23 09:26:38] [INFO] Consulta de retenciones activas {"area_id":1,"codigo_empleado":14,"cantidad":0}
[2025-09-23 09:26:38] [INFO] Solicitud de creación de retención recibida {"registro_id":null,"cantidad":12045,"user_id":14}
[2025-09-23 09:26:38] [INFO] Consulta de retenciones activas {"area_id":1,"codigo_empleado":14,"cantidad":0}
[2025-09-23 09:26:42] [INFO] Consulta de retenciones activas {"area_id":1,"codigo_empleado":null,"cantidad":0}
[2025-09-23 09:35:46] [INFO] Consulta de retenciones activas {"area_id":1,"codigo_empleado":null,"cantidad":0}
[2025-09-23 09:35:50] [INFO] Solicitud de validación de producción recibida {"user_id":14,"registro_id":4454}
[2025-09-23 09:35:50] [INFO] Registrando historial de validación {"registro_id":4454,"tipo":"produccion","usuario_id":14}
[2025-09-23 09:35:50] [INFO] Validación de producción exitosa {"user_id":14,"registro_id":4454,"validacion_id":0}
[2025-09-23 09:35:50] [INFO] Consulta de retenciones activas {"area_id":1,"codigo_empleado":null,"cantidad":0}
[2025-09-23 09:35:50] [INFO] Consulta de retenciones activas {"area_id":1,"codigo_empleado":null,"cantidad":0}
[2025-09-23 09:35:56] [INFO] Solicitud de guardar producción recibida {"user_id":14,"entrega_id":4454}
[2025-09-23 09:35:56] [INFO] Validación de producción exitosa {"entrega_id":4454,"usuario_id":14,"validacion_id":24}
[2025-09-23 09:35:56] [INFO] Guardado de producción exitoso {"user_id":14,"entrega_id":4454,"validacion_id":24}
[2025-09-23 09:36:09] [INFO] Solicitud de creación de retención recibida {"registro_id":null,"cantidad":12045,"user_id":14}
[2025-09-23 09:36:09] [INFO] Consulta de retenciones activas {"area_id":1,"codigo_empleado":14,"cantidad":0}
[2025-09-23 09:36:13] [INFO] Consulta de retenciones activas {"area_id":1,"codigo_empleado":null,"cantidad":0}
[2025-09-23 09:36:19] [INFO] Consulta de retenciones activas {"area_id":1,"codigo_empleado":14,"cantidad":0}
[2025-09-23 09:36:41] [INFO] Consulta de retenciones activas {"area_id":1,"codigo_empleado":14,"cantidad":0}
[2025-09-23 09:44:35] [INFO] Consulta de retenciones activas {"area_id":1,"codigo_empleado":null,"cantidad":0}
[2025-09-23 09:44:41] [INFO] Solicitud de validación de producción recibida {"user_id":14,"registro_id":4454}
[2025-09-23 09:44:41] [INFO] Registrando historial de validación {"registro_id":4454,"tipo":"produccion","usuario_id":14}
[2025-09-23 09:44:41] [INFO] Validación de producción exitosa {"user_id":14,"registro_id":4454,"validacion_id":0}
[2025-09-23 09:44:41] [INFO] Consulta de retenciones activas {"area_id":1,"codigo_empleado":null,"cantidad":0}
[2025-09-23 09:44:41] [INFO] Consulta de retenciones activas {"area_id":1,"codigo_empleado":null,"cantidad":0}
[2025-09-23 09:46:54] [INFO] Solicitud de validación de producción recibida {"user_id":13,"registro_id":176}
[2025-09-23 09:46:54] [INFO] Registrando historial de validación {"registro_id":176,"tipo":"produccion","usuario_id":13}
[2025-09-23 09:46:54] [INFO] Validación de producción exitosa {"user_id":13,"registro_id":176,"validacion_id":0}
[2025-09-23 09:46:54] [INFO] Consulta de retenciones activas {"area_id":1,"codigo_empleado":null,"cantidad":0}
[2025-09-23 09:46:54] [INFO] Consulta de retenciones activas {"area_id":1,"codigo_empleado":null,"cantidad":0}
[2025-09-23 09:49:40] [INFO] Correcciones pendientes consultadas {"maquina_id":91693,"cantidad":0}
[2025-09-23 09:51:48] [INFO] Correcciones pendientes consultadas {"maquina_id":7,"cantidad":0}
[2025-09-23 09:52:13] [INFO] Correcciones pendientes consultadas {"maquina_id":7,"cantidad":0}
[2025-09-23 09:52:25] [INFO] Correcciones pendientes consultadas {"maquina_id":7,"cantidad":0}
[2025-09-23 09:52:41] [INFO] Correcciones pendientes consultadas {"maquina_id":7,"cantidad":0}
[2025-09-23 09:52:51] [INFO] Correcciones pendientes consultadas {"maquina_id":7,"cantidad":0}
[2025-09-23 09:54:27] [INFO] Consulta de retenciones activas {"area_id":1,"codigo_empleado":null,"cantidad":0}
[2025-09-23 09:54:43] [INFO] Consulta de retenciones activas {"area_id":1,"codigo_empleado":null,"cantidad":0}
[2025-09-23 09:54:49] [INFO] Consulta de retenciones activas {"area_id":1,"codigo_empleado":14,"cantidad":0}
[2025-09-23 09:54:50] [INFO] Consulta de retenciones activas {"area_id":1,"codigo_empleado":null,"cantidad":0}
[2025-09-23 10:01:21] [INFO] Solicitud de validación de producción recibida {"user_id":13,"registro_id":176}
[2025-09-23 10:01:21] [INFO] Registrando historial de validación {"registro_id":176,"tipo":"produccion","usuario_id":13}
[2025-09-23 10:01:21] [INFO] Validación de producción exitosa {"user_id":13,"registro_id":176,"validacion_id":0}
[2025-09-23 10:01:21] [INFO] Consulta de retenciones activas {"area_id":1,"codigo_empleado":null,"cantidad":0}
[2025-09-23 10:01:21] [INFO] Consulta de retenciones activas {"area_id":1,"codigo_empleado":null,"cantidad":0}
[2025-09-23 10:03:30] [INFO] Solicitud de validación de producción recibida {"user_id":13,"registro_id":176}
[2025-09-23 10:03:30] [INFO] Registrando historial de validación {"registro_id":176,"tipo":"produccion","usuario_id":13}
[2025-09-23 10:03:30] [INFO] Validación de producción exitosa {"user_id":13,"registro_id":176,"validacion_id":0}
[2025-09-23 10:03:30] [INFO] Consulta de retenciones activas {"area_id":1,"codigo_empleado":null,"cantidad":0}
[2025-09-23 10:03:30] [INFO] Consulta de retenciones activas {"area_id":1,"codigo_empleado":null,"cantidad":0}
[2025-09-23 10:03:34] [INFO] Consulta de retenciones activas {"area_id":1,"codigo_empleado":null,"cantidad":0}
[2025-09-23 10:03:37] [INFO] Consulta de retenciones activas {"area_id":1,"codigo_empleado":null,"cantidad":0}
[2025-09-23 10:03:42] [INFO] Solicitud de validación de producción recibida {"user_id":13,"registro_id":4454}
[2025-09-23 10:03:42] [INFO] Registrando historial de validación {"registro_id":4454,"tipo":"produccion","usuario_id":13}
[2025-09-23 10:03:42] [INFO] Validación de producción exitosa {"user_id":13,"registro_id":4454,"validacion_id":0}
[2025-09-23 10:03:42] [INFO] Consulta de retenciones activas {"area_id":1,"codigo_empleado":null,"cantidad":0}
[2025-09-23 10:03:42] [INFO] Consulta de retenciones activas {"area_id":1,"codigo_empleado":null,"cantidad":0}
[2025-09-23 10:04:59] [INFO] Consulta de retenciones activas {"area_id":1,"codigo_empleado":null,"cantidad":0}
[2025-09-23 10:14:58] [INFO] Solicitud de validación de producción recibida {"user_id":13,"registro_id":176}
[2025-09-23 10:14:58] [INFO] Registrando historial de validación {"registro_id":176,"tipo":"produccion","usuario_id":13}
[2025-09-23 10:14:58] [INFO] Validación de producción exitosa {"user_id":13,"registro_id":176,"validacion_id":0}
[2025-09-23 10:14:58] [INFO] Consulta de retenciones activas {"area_id":1,"codigo_empleado":null,"cantidad":0}
[2025-09-23 10:14:58] [INFO] Consulta de retenciones activas {"area_id":1,"codigo_empleado":null,"cantidad":0}
[2025-09-23 10:16:16] [INFO] Solicitud de validación de producción recibida {"user_id":13,"registro_id":176}
[2025-09-23 10:16:16] [INFO] Registrando historial de validación {"registro_id":176,"tipo":"produccion","usuario_id":13}
[2025-09-23 10:16:16] [INFO] Validación de producción exitosa {"user_id":13,"registro_id":176,"validacion_id":0}
[2025-09-23 10:16:16] [INFO] Consulta de retenciones activas {"area_id":1,"codigo_empleado":null,"cantidad":0}
[2025-09-23 10:16:16] [INFO] Consulta de retenciones activas {"area_id":1,"codigo_empleado":null,"cantidad":0}
[2025-09-23 10:29:47] [INFO] Solicitud de validación de producción recibida {"user_id":13,"registro_id":176}
[2025-09-23 10:29:47] [INFO] Registrando historial de validación {"registro_id":176,"tipo":"produccion","usuario_id":13}
[2025-09-23 10:29:47] [INFO] Validación de producción exitosa {"user_id":13,"registro_id":176,"validacion_id":0}
[2025-09-23 10:29:47] [INFO] Consulta de retenciones activas {"area_id":1,"codigo_empleado":null,"cantidad":0}
[2025-09-23 10:29:47] [INFO] Consulta de retenciones activas {"area_id":1,"codigo_empleado":null,"cantidad":0}
[2025-09-23 10:41:23] [INFO] Consulta de retenciones activas {"area_id":1,"codigo_empleado":null,"cantidad":0}
[2025-09-23 10:52:54] [INFO] Consulta de retenciones activas {"area_id":1,"codigo_empleado":null,"cantidad":0}
[2025-09-23 10:52:59] [INFO] Consulta de retenciones activas {"area_id":1,"codigo_empleado":14,"cantidad":0}
[2025-09-23 10:53:01] [INFO] Consulta de retenciones activas {"area_id":1,"codigo_empleado":null,"cantidad":0}
[2025-09-23 10:53:02] [INFO] Consulta de retenciones activas {"area_id":1,"codigo_empleado":null,"cantidad":0}
[2025-09-23 10:53:03] [INFO] Consulta de retenciones activas {"area_id":1,"codigo_empleado":null,"cantidad":0}
[2025-09-23 11:13:03] [INFO] Solicitud de validación de producción recibida {"user_id":13,"registro_id":176}
[2025-09-23 11:13:03] [INFO] Registrando historial de validación {"registro_id":176,"tipo":"produccion","usuario_id":13}
[2025-09-23 11:13:03] [INFO] Validación de producción exitosa {"user_id":13,"registro_id":176,"validacion_id":0}
[2025-09-23 11:13:03] [INFO] Consulta de retenciones activas {"area_id":1,"codigo_empleado":null,"cantidad":0}
[2025-09-23 11:13:03] [INFO] Consulta de retenciones activas {"area_id":1,"codigo_empleado":null,"cantidad":0}
[2025-09-23 11:13:11] [INFO] Consulta de retenciones activas {"area_id":1,"codigo_empleado":null,"cantidad":0}
[2025-09-23 11:13:12] [INFO] Consulta de retenciones activas {"area_id":1,"codigo_empleado":null,"cantidad":0}
[2025-09-23 11:13:13] [INFO] Consulta de retenciones activas {"area_id":1,"codigo_empleado":null,"cantidad":0}
