[2025-10-06 08:05:07] [WARNING] Error en guardado {"user_id":14,"entrega_id":4585,"tipo":"scrap","error":"Duplicate entry '14' for key 'uq_usuarioId'"}
[2025-10-06 08:05:08] [WARNING] Error en guardado {"user_id":14,"entrega_id":4585,"tipo":"scrap","error":"Duplicate entry '14' for key 'uq_usuarioId'"}
[2025-10-06 08:05:09] [WARNING] Error en guardado {"user_id":14,"entrega_id":4585,"tipo":"scrap","error":"Duplicate entry '14' for key 'uq_usuarioId'"}
[2025-10-06 08:05:09] [WARNING] Error en guardado {"user_id":14,"entrega_id":4585,"tipo":"scrap","error":"Duplicate entry '14' for key 'uq_usuarioId'"}
[2025-10-06 08:05:09] [WARNING] Error en guardado {"user_id":14,"entrega_id":4585,"tipo":"scrap","error":"Duplicate entry '14' for key 'uq_usuarioId'"}
[2025-10-06 08:05:09] [WARNING] Error en guardado {"user_id":14,"entrega_id":4585,"tipo":"scrap","error":"Duplicate entry '14' for key 'uq_usuarioId'"}
[2025-10-06 08:05:09] [WARNING] Error en guardado {"user_id":14,"entrega_id":4585,"tipo":"scrap","error":"Duplicate entry '14' for key 'uq_usuarioId'"}
[2025-10-06 08:05:09] [WARNING] Error en guardado {"user_id":14,"entrega_id":4585,"tipo":"scrap","error":"Duplicate entry '14' for key 'uq_usuarioId'"}
[2025-10-06 08:05:10] [WARNING] Error en guardado {"user_id":14,"entrega_id":4585,"tipo":"scrap","error":"Duplicate entry '14' for key 'uq_usuarioId'"}
[2025-10-06 08:05:10] [WARNING] Error en guardado {"user_id":14,"entrega_id":4585,"tipo":"scrap","error":"Duplicate entry '14' for key 'uq_usuarioId'"}
[2025-10-06 08:05:10] [WARNING] Error en guardado {"user_id":14,"entrega_id":4585,"tipo":"scrap","error":"Duplicate entry '14' for key 'uq_usuarioId'"}
[2025-10-06 08:05:10] [WARNING] Error en guardado {"user_id":14,"entrega_id":4585,"tipo":"scrap","error":"Duplicate entry '14' for key 'uq_usuarioId'"}
[2025-10-06 08:05:10] [WARNING] Error en guardado {"user_id":14,"entrega_id":4585,"tipo":"scrap","error":"Duplicate entry '14' for key 'uq_usuarioId'"}
[2025-10-06 08:58:08] [WARNING] Error en guardado {"user_id":14,"entrega_id":4585,"tipo":"scrap","error":"Este scrap ya fue guardado previamente"}
[2025-10-06 09:05:56] [WARNING] Error en guardado {"user_id":14,"entrega_id":4586,"tipo":"produccion","error":"Esta producción ya fue guardada previamente"}
[2025-10-06 09:06:01] [WARNING] Error en guardado {"user_id":14,"entrega_id":4586,"tipo":"produccion","error":"Esta producción ya fue guardada previamente"}
[2025-10-06 09:06:01] [WARNING] Error en guardado {"user_id":14,"entrega_id":4586,"tipo":"produccion","error":"Esta producción ya fue guardada previamente"}
[2025-10-06 09:06:02] [WARNING] Error en guardado {"user_id":14,"entrega_id":4586,"tipo":"produccion","error":"Esta producción ya fue guardada previamente"}
[2025-10-06 09:06:02] [WARNING] Error en guardado {"user_id":14,"entrega_id":4586,"tipo":"produccion","error":"Esta producción ya fue guardada previamente"}
[2025-10-06 09:06:02] [WARNING] Error en guardado {"user_id":14,"entrega_id":4586,"tipo":"produccion","error":"Esta producción ya fue guardada previamente"}
[2025-10-06 09:14:42] [WARNING] Error en guardado {"user_id":14,"entrega_id":4586,"tipo":"produccion","error":"Esta entrega de producción ya ha sido procesada anteriormente"}
[2025-10-06 09:14:48] [WARNING] Error en guardado {"user_id":14,"entrega_id":4585,"tipo":"scrap","error":"Esta entrega de scrap ya ha sido procesada anteriormente"}
[2025-10-06 13:38:30] [WARNING] Error en guardado {"user_id":14,"entrega_id":4588,"tipo":"scrap","error":"Esta entrega ya ha sido procesada anteriormente"}
[2025-10-06 13:38:33] [WARNING] Error en guardado {"user_id":14,"entrega_id":4587,"tipo":"produccion","error":"Esta entrega ya ha sido procesada anteriormente"}
[2025-10-06 13:38:40] [WARNING] Error en guardado {"user_id":14,"entrega_id":4588,"tipo":"scrap","error":"Esta entrega ya ha sido procesada anteriormente"}
[2025-10-06 13:40:30] [WARNING] Error en guardado {"user_id":14,"entrega_id":4588,"tipo":"scrap","error":"Unknown column 'usuario_qa_id' in 'field list'"}
[2025-10-06 13:41:18] [WARNING] Error en guardado {"user_id":14,"entrega_id":4588,"tipo":"scrap","error":"Esta entrega ya ha sido procesada anteriormente"}
[2025-10-06 13:41:21] [WARNING] Error en guardado {"user_id":14,"entrega_id":4587,"tipo":"produccion","error":"Esta entrega ya ha sido procesada anteriormente"}
[2025-10-06 13:42:15] [WARNING] Error en guardado {"user_id":14,"entrega_id":4587,"tipo":"produccion","error":"Duplicate entry '4587' for key 'uk_registro_id'"}
[2025-10-06 16:28:39] [WARNING] Usuario sin datos de trabajo {"codigo_empleado":1363}
