[2025-09-30 07:49:50] [INFO] Correcciones pendientes consultadas {"maquina_id":1,"cantidad":0}
[2025-09-30 07:58:57] [INFO] Correcciones pendientes consultadas {"maquina_id":1,"cantidad":0}
[2025-09-30 08:01:27] [INFO] Correcciones pendientes consultadas {"maquina_id":1,"cantidad":0}
[2025-09-30 08:03:50] [INFO] Correcciones pendientes consultadas {"maquina_id":1,"cantidad":0}
[2025-09-30 08:04:11] [INFO] Correcciones pendientes consultadas {"maquina_id":1,"cantidad":0}
[2025-09-30 08:04:19] [INFO] Correcciones pendientes consultadas {"maquina_id":1,"cantidad":0}
[2025-09-30 08:17:07] [INFO] Correcciones pendientes consultadas para operador {"codigo_empleado":12,"cantidad":0}
[2025-09-30 08:17:49] [INFO] Correcciones pendientes consultadas para operador {"codigo_empleado":12,"cantidad":0}
[2025-09-30 08:20:33] [INFO] Correcciones pendientes consultadas para operador {"codigo_empleado":12,"cantidad":0}
[2025-09-30 08:22:36] [INFO] Correcciones pendientes consultadas para operador {"codigo_empleado":12,"cantidad":0}
[2025-09-30 08:22:56] [INFO] Correcciones pendientes consultadas para operador {"codigo_empleado":12,"cantidad":0}
[2025-09-30 08:33:24] [INFO] Correcciones pendientes consultadas para operador {"codigo_empleado":12,"cantidad":2}
[2025-09-30 08:34:30] [INFO] Correcciones pendientes consultadas para operador {"codigo_empleado":12,"cantidad":2}
[2025-09-30 08:38:21] [INFO] Correcciones pendientes consultadas para operador {"codigo_empleado":12,"cantidad":2}
[2025-09-30 08:56:28] [INFO] Correcciones pendientes consultadas para operador {"codigo_empleado":12,"cantidad":2}
[2025-09-30 08:59:02] [INFO] Correcciones pendientes consultadas para operador {"codigo_empleado":12,"cantidad":2}
[2025-09-30 09:04:26] [INFO] Correcciones pendientes consultadas para operador {"codigo_empleado":12,"cantidad":2}
[2025-09-30 09:04:36] [INFO] Iniciando procesarCorreccion {"method":"POST","post_data":{"solicitud_id":"18","registro_id":"4487","tipo":"produccion","cantidad":"300","comentario":"assadadasd"}}
[2025-09-30 09:04:36] [INFO] Datos recibidos en procesarCorreccion {"solicitud_id":18,"registro_id":4487,"tipo":"produccion","cantidad":300,"comentario":"assadadasd","user_id":12}
[2025-09-30 09:04:36] [INFO] Correcciones pendientes consultadas para operador {"codigo_empleado":12,"cantidad":2}
[2025-09-30 09:04:57] [INFO] Iniciando procesarCorreccion {"method":"POST","post_data":{"solicitud_id":"17","registro_id":"4481","tipo":"produccion","cantidad":"300","comentario":"sadasdasda"}}
[2025-09-30 09:04:57] [INFO] Datos recibidos en procesarCorreccion {"solicitud_id":17,"registro_id":4481,"tipo":"produccion","cantidad":300,"comentario":"sadasdasda","user_id":12}
[2025-09-30 09:04:57] [INFO] Correcciones pendientes consultadas para operador {"codigo_empleado":12,"cantidad":2}
[2025-09-30 09:05:07] [INFO] Iniciando procesarCorreccion {"method":"POST","post_data":{"solicitud_id":"17","registro_id":"4481","tipo":"produccion","cantidad":"1221313","comentario":""}}
[2025-09-30 09:05:07] [INFO] Datos recibidos en procesarCorreccion {"solicitud_id":17,"registro_id":4481,"tipo":"produccion","cantidad":1221313,"comentario":"","user_id":12}
[2025-09-30 09:05:07] [INFO] Correcciones pendientes consultadas para operador {"codigo_empleado":12,"cantidad":2}
[2025-09-30 09:08:06] [INFO] Iniciando procesarCorreccion {"method":"POST","post_data":{"solicitud_id":"18","registro_id":"4487","tipo":"produccion","cantidad":"900","comentario":"300"}}
[2025-09-30 09:08:06] [INFO] Datos recibidos en procesarCorreccion {"solicitud_id":18,"registro_id":4487,"tipo":"produccion","cantidad":900,"comentario":"300","user_id":12}
[2025-09-30 09:08:06] [INFO] Correcciones pendientes consultadas para operador {"codigo_empleado":12,"cantidad":2}
[2025-09-30 09:11:45] [INFO] Correcciones pendientes consultadas para operador {"codigo_empleado":12,"cantidad":2}
[2025-09-30 09:11:52] [INFO] Iniciando procesarCorreccion {"method":"POST","post_data":{"solicitud_id":"18","registro_id":"4487","tipo":"produccion","cantidad":"300","comentario":"sxx"}}
[2025-09-30 09:11:52] [INFO] Datos recibidos en procesarCorreccion {"solicitud_id":18,"registro_id":4487,"tipo":"produccion","cantidad":300,"comentario":"sxx","user_id":12}
[2025-09-30 09:11:52] [INFO] Corrección procesada exitosamente {"solicitud_id":18,"registro_id":4487,"tipo":"produccion","cantidad":300,"comentario":"sxx"}
[2025-09-30 09:11:52] [INFO] Corrección procesada con éxito {"solicitud_id":18,"registro_id":4487,"tipo":"produccion","cantidad":300,"user_id":12}
[2025-09-30 09:11:52] [INFO] Correcciones pendientes consultadas para operador {"codigo_empleado":12,"cantidad":1}
[2025-09-30 09:12:03] [INFO] Iniciando procesarCorreccion {"method":"POST","post_data":{"solicitud_id":"17","registro_id":"4481","tipo":"produccion","cantidad":"3000","comentario":"asasas"}}
[2025-09-30 09:12:03] [INFO] Datos recibidos en procesarCorreccion {"solicitud_id":17,"registro_id":4481,"tipo":"produccion","cantidad":3000,"comentario":"asasas","user_id":12}
[2025-09-30 09:12:03] [INFO] Corrección procesada exitosamente {"solicitud_id":17,"registro_id":4481,"tipo":"produccion","cantidad":3000,"comentario":"asasas"}
[2025-09-30 09:12:03] [INFO] Corrección procesada con éxito {"solicitud_id":17,"registro_id":4481,"tipo":"produccion","cantidad":3000,"user_id":12}
[2025-09-30 09:12:03] [INFO] Correcciones pendientes consultadas para operador {"codigo_empleado":12,"cantidad":0}
[2025-09-30 09:13:15] [INFO] Correcciones pendientes consultadas para operador {"codigo_empleado":12,"cantidad":1}
[2025-09-30 09:13:28] [INFO] Iniciando procesarCorreccion {"method":"POST","post_data":{"solicitud_id":"19","registro_id":"4487","tipo":"produccion","cantidad":"9000","comentario":""}}
[2025-09-30 09:13:28] [INFO] Datos recibidos en procesarCorreccion {"solicitud_id":19,"registro_id":4487,"tipo":"produccion","cantidad":9000,"comentario":"","user_id":12}
[2025-09-30 09:13:28] [INFO] Corrección procesada exitosamente {"solicitud_id":19,"registro_id":4487,"tipo":"produccion","cantidad":9000,"comentario":""}
[2025-09-30 09:13:28] [INFO] Corrección procesada con éxito {"solicitud_id":19,"registro_id":4487,"tipo":"produccion","cantidad":9000,"user_id":12}
[2025-09-30 09:13:29] [INFO] Correcciones pendientes consultadas para operador {"codigo_empleado":12,"cantidad":0}
[2025-09-30 09:14:24] [INFO] Correcciones pendientes consultadas para operador {"codigo_empleado":12,"cantidad":1}
[2025-09-30 09:14:42] [INFO] Iniciando procesarCorreccion {"method":"POST","post_data":{"solicitud_id":"20","registro_id":"4487","tipo":"produccion","cantidad":"10000","comentario":"corregido "}}
[2025-09-30 09:14:42] [INFO] Datos recibidos en procesarCorreccion {"solicitud_id":20,"registro_id":4487,"tipo":"produccion","cantidad":10000,"comentario":"corregido","user_id":12}
[2025-09-30 09:14:42] [INFO] Corrección procesada exitosamente {"solicitud_id":20,"registro_id":4487,"tipo":"produccion","cantidad":10000,"comentario":"corregido"}
[2025-09-30 09:14:42] [INFO] Corrección procesada con éxito {"solicitud_id":20,"registro_id":4487,"tipo":"produccion","cantidad":10000,"user_id":12}
[2025-09-30 09:14:42] [INFO] Correcciones pendientes consultadas para operador {"codigo_empleado":12,"cantidad":0}
[2025-09-30 09:29:00] [INFO] Correcciones pendientes consultadas para operador {"codigo_empleado":12,"cantidad":0}
[2025-09-30 09:29:15] [INFO] Correcciones pendientes consultadas para operador {"codigo_empleado":12,"cantidad":0}
[2025-09-30 09:30:02] [INFO] Solicitud de validación de producción recibida (SUPERVISOR) {"user_id":13,"registro_id":4492}
[2025-09-30 09:30:02] [INFO] Registrando historial de validación (SUPERVISOR) {"registro_id":4492,"tipo":"produccion","usuario_id":13}
[2025-09-30 09:30:02] [INFO] Validación de producción por supervisor exitosa {"user_id":13,"registro_id":4492,"validacion_id":0}
[2025-09-30 09:30:15] [INFO] Consulta de retenciones activas {"area_id":1,"codigo_empleado":null,"cantidad":0}
[2025-09-30 09:30:18] [INFO] Cargando página de acción QA {"user_id":14,"total_entregas":1}
[2025-09-30 09:30:33] [INFO] Correcciones pendientes consultadas para operador {"codigo_empleado":12,"cantidad":1}
[2025-09-30 09:30:44] [INFO] Iniciando procesarCorreccion {"method":"POST","post_data":{"solicitud_id":"21","registro_id":"4492","tipo":"produccion","cantidad":"300","comentario":"25"}}
[2025-09-30 09:30:44] [INFO] Datos recibidos en procesarCorreccion {"solicitud_id":21,"registro_id":4492,"tipo":"produccion","cantidad":300,"comentario":"25","user_id":12}
[2025-09-30 09:30:44] [INFO] Corrección procesada exitosamente {"solicitud_id":21,"registro_id":4492,"tipo":"produccion","cantidad":300,"comentario":"25"}
[2025-09-30 09:30:44] [INFO] Corrección procesada con éxito {"solicitud_id":21,"registro_id":4492,"tipo":"produccion","cantidad":300,"user_id":12}
[2025-09-30 09:30:45] [INFO] Correcciones pendientes consultadas para operador {"codigo_empleado":12,"cantidad":0}
[2025-09-30 09:39:29] [INFO] Correcciones pendientes consultadas para operador {"codigo_empleado":373,"cantidad":0}
[2025-09-30 09:42:10] [INFO] Correcciones pendientes consultadas para operador {"codigo_empleado":373,"cantidad":0}
[2025-09-30 09:42:15] [INFO] Correcciones pendientes consultadas para operador {"codigo_empleado":373,"cantidad":0}
[2025-09-30 09:42:18] [INFO] Correcciones pendientes consultadas para operador {"codigo_empleado":373,"cantidad":0}
[2025-09-30 10:27:19] [INFO] Correcciones pendientes consultadas para operador {"codigo_empleado":12,"cantidad":0}
[2025-09-30 10:27:25] [INFO] Correcciones pendientes consultadas para operador {"codigo_empleado":12,"cantidad":0}
[2025-09-30 10:28:04] [INFO] Correcciones pendientes consultadas para operador {"codigo_empleado":12,"cantidad":0}
[2025-09-30 10:28:24] [INFO] Correcciones pendientes consultadas para operador {"codigo_empleado":12,"cantidad":0}
[2025-09-30 10:29:46] [INFO] Correcciones pendientes consultadas para operador {"codigo_empleado":12,"cantidad":0}
[2025-09-30 10:33:39] [INFO] Correcciones pendientes consultadas para operador {"codigo_empleado":12,"cantidad":0}
[2025-09-30 10:34:33] [INFO] Correcciones pendientes consultadas para operador {"codigo_empleado":12,"cantidad":1}
[2025-09-30 10:37:36] [INFO] Correcciones pendientes consultadas por máquina {"maquina_id":12,"cantidad":0}
[2025-09-30 10:39:08] [INFO] Correcciones pendientes consultadas por máquina {"maquina_id":12,"cantidad":0}
[2025-09-30 10:39:09] [INFO] Correcciones pendientes consultadas por máquina {"maquina_id":12,"cantidad":0}
[2025-09-30 10:39:11] [INFO] Correcciones pendientes consultadas por máquina {"maquina_id":12,"cantidad":0}
[2025-09-30 10:46:51] [INFO] Correcciones pendientes consultadas por máquina {"maquina_id":12,"cantidad":0}
[2025-09-30 10:46:59] [INFO] Correcciones pendientes consultadas por máquina {"maquina_id":12,"cantidad":0}
[2025-09-30 10:48:36] [INFO] Correcciones pendientes consultadas por máquina {"maquina_id":12,"cantidad":0}
[2025-09-30 10:49:13] [INFO] Correcciones pendientes consultadas por máquina {"maquina_id":12,"cantidad":0}
[2025-09-30 10:49:16] [INFO] Correcciones pendientes consultadas por máquina {"maquina_id":12,"cantidad":0}
[2025-09-30 10:49:25] [INFO] Correcciones pendientes consultadas por máquina {"maquina_id":12,"cantidad":0}
[2025-09-30 10:49:43] [INFO] Correcciones pendientes consultadas para operador {"codigo_empleado":12,"cantidad":3}
[2025-09-30 10:54:01] [INFO] Correcciones pendientes consultadas para operador {"codigo_empleado":12,"cantidad":3}
[2025-09-30 10:54:47] [INFO] Correcciones pendientes consultadas para operador {"codigo_empleado":12,"cantidad":3}
[2025-09-30 10:55:16] [INFO] Correcciones pendientes consultadas para operador {"codigo_empleado":12,"cantidad":3}
[2025-09-30 10:55:33] [INFO] Correcciones pendientes consultadas para operador {"codigo_empleado":12,"cantidad":3}
[2025-09-30 10:55:40] [INFO] Correcciones pendientes consultadas para operador {"codigo_empleado":12,"cantidad":3}
[2025-09-30 10:57:01] [INFO] Correcciones pendientes consultadas para operador {"codigo_empleado":1194,"cantidad":0}
[2025-09-30 10:57:06] [INFO] Correcciones pendientes consultadas para operador {"codigo_empleado":1194,"cantidad":0}
[2025-09-30 10:57:21] [INFO] Correcciones pendientes consultadas para operador {"codigo_empleado":12,"cantidad":3}
[2025-09-30 10:57:32] [INFO] Correcciones pendientes consultadas para operador {"codigo_empleado":12,"cantidad":3}
[2025-09-30 10:57:55] [INFO] Correcciones pendientes consultadas para operador {"codigo_empleado":1194,"cantidad":0}
[2025-09-30 10:57:58] [INFO] Correcciones pendientes consultadas para operador {"codigo_empleado":1194,"cantidad":0}
[2025-09-30 11:03:42] [INFO] Iniciando procesarCorreccion {"method":"POST","post_data":{"solicitud_id":"22","registro_id":"4497","tipo":"produccion","cantidad":"9000","comentario":""}}
[2025-09-30 11:03:42] [INFO] Datos recibidos en procesarCorreccion {"solicitud_id":22,"registro_id":4497,"tipo":"produccion","cantidad":9000,"comentario":"","user_id":12}
[2025-09-30 11:03:42] [INFO] Corrección procesada exitosamente {"solicitud_id":22,"registro_id":4497,"tipo":"produccion","cantidad":9000,"comentario":""}
[2025-09-30 11:03:42] [INFO] Corrección procesada con éxito {"solicitud_id":22,"registro_id":4497,"tipo":"produccion","cantidad":9000,"user_id":12}
[2025-09-30 11:04:30] [INFO] Correcciones pendientes consultadas para operador {"codigo_empleado":12,"cantidad":2}
[2025-09-30 11:05:20] [INFO] Iniciando procesarCorreccion {"method":"POST","post_data":{"solicitud_id":"24","registro_id":"4499","tipo":"produccion","cantidad":"300","comentario":""}}
[2025-09-30 11:05:20] [INFO] Datos recibidos en procesarCorreccion {"solicitud_id":24,"registro_id":4499,"tipo":"produccion","cantidad":300,"comentario":"","user_id":12}
[2025-09-30 11:05:20] [INFO] Corrección procesada exitosamente {"solicitud_id":24,"registro_id":4499,"tipo":"produccion","cantidad":300,"comentario":""}
[2025-09-30 11:05:20] [INFO] Corrección procesada con éxito {"solicitud_id":24,"registro_id":4499,"tipo":"produccion","cantidad":300,"user_id":12}
[2025-09-30 11:06:17] [INFO] Correcciones pendientes consultadas para operador {"codigo_empleado":12,"cantidad":1}
[2025-09-30 11:07:13] [INFO] Correcciones pendientes consultadas para operador {"codigo_empleado":12,"cantidad":2}
[2025-09-30 11:07:21] [INFO] Iniciando procesarCorreccion {"method":"POST","post_data":{"solicitud_id":"25","registro_id":"4501","tipo":"produccion","cantidad":"900","comentario":""}}
[2025-09-30 11:07:21] [INFO] Datos recibidos en procesarCorreccion {"solicitud_id":25,"registro_id":4501,"tipo":"produccion","cantidad":900,"comentario":"","user_id":12}
[2025-09-30 11:07:21] [INFO] Corrección procesada exitosamente {"solicitud_id":25,"registro_id":4501,"tipo":"produccion","cantidad":900,"comentario":""}
[2025-09-30 11:07:21] [INFO] Corrección procesada con éxito {"solicitud_id":25,"registro_id":4501,"tipo":"produccion","cantidad":900,"user_id":12}
[2025-09-30 11:08:09] [INFO] Correcciones pendientes consultadas para operador {"codigo_empleado":12,"cantidad":1}
[2025-09-30 11:08:23] [INFO] Iniciando procesarCorreccion {"method":"POST","post_data":{"solicitud_id":"23","registro_id":"4499","tipo":"produccion","cantidad":"3000","comentario":"vsfsd"}}
[2025-09-30 11:08:23] [INFO] Datos recibidos en procesarCorreccion {"solicitud_id":23,"registro_id":4499,"tipo":"produccion","cantidad":3000,"comentario":"vsfsd","user_id":12}
[2025-09-30 11:08:23] [INFO] Corrección procesada exitosamente {"solicitud_id":23,"registro_id":4499,"tipo":"produccion","cantidad":3000,"comentario":"vsfsd"}
[2025-09-30 11:08:23] [INFO] Corrección procesada con éxito {"solicitud_id":23,"registro_id":4499,"tipo":"produccion","cantidad":3000,"user_id":12}
[2025-09-30 11:08:59] [INFO] Correcciones pendientes consultadas para operador {"codigo_empleado":12,"cantidad":0}
[2025-09-30 11:10:08] [INFO] Correcciones pendientes consultadas para operador {"codigo_empleado":12,"cantidad":1}
[2025-09-30 11:10:15] [INFO] Correcciones pendientes consultadas para operador {"codigo_empleado":12,"cantidad":1}
[2025-09-30 11:10:16] [INFO] Correcciones pendientes consultadas para operador {"codigo_empleado":12,"cantidad":1}
[2025-09-30 11:11:06] [INFO] Correcciones pendientes consultadas para operador {"codigo_empleado":12,"cantidad":1}
[2025-09-30 11:11:12] [INFO] Correcciones pendientes consultadas para operador {"codigo_empleado":12,"cantidad":1}
[2025-09-30 11:11:37] [INFO] Correcciones pendientes consultadas para operador {"codigo_empleado":12,"cantidad":1}
[2025-09-30 11:13:36] [INFO] Correcciones pendientes consultadas para operador {"codigo_empleado":12,"cantidad":1}
[2025-09-30 11:15:41] [INFO] Correcciones pendientes consultadas para operador {"codigo_empleado":12,"cantidad":1}
[2025-09-30 11:17:16] [INFO] Correcciones pendientes consultadas para operador {"codigo_empleado":12,"cantidad":1}
[2025-09-30 11:17:18] [INFO] Correcciones pendientes consultadas para operador {"codigo_empleado":12,"cantidad":1}
[2025-09-30 11:17:19] [INFO] Correcciones pendientes consultadas para operador {"codigo_empleado":12,"cantidad":1}
[2025-09-30 11:17:53] [INFO] Correcciones pendientes consultadas para operador {"codigo_empleado":12,"cantidad":1}
[2025-09-30 11:21:30] [INFO] Correcciones pendientes consultadas para operador {"codigo_empleado":12,"cantidad":1}
[2025-09-30 11:22:47] [INFO] Correcciones pendientes consultadas para operador {"codigo_empleado":12,"cantidad":1}
[2025-09-30 11:26:42] [INFO] Correcciones pendientes consultadas para operador {"codigo_empleado":12,"cantidad":1}
[2025-09-30 11:27:01] [INFO] Correcciones pendientes consultadas para operador {"codigo_empleado":12,"cantidad":1}
[2025-09-30 11:27:07] [INFO] Correcciones pendientes consultadas para operador {"codigo_empleado":12,"cantidad":1}
[2025-09-30 11:30:41] [INFO] Correcciones pendientes consultadas para operador {"codigo_empleado":12,"cantidad":1}
[2025-09-30 11:30:44] [INFO] Correcciones pendientes consultadas para operador {"codigo_empleado":12,"cantidad":1}
[2025-09-30 11:30:47] [INFO] Correcciones pendientes consultadas para operador {"codigo_empleado":12,"cantidad":1}
[2025-09-30 11:35:38] [INFO] Correcciones pendientes consultadas para operador {"codigo_empleado":12,"cantidad":1}
[2025-09-30 11:35:39] [INFO] Correcciones pendientes consultadas para operador {"codigo_empleado":12,"cantidad":1}
[2025-09-30 11:42:01] [INFO] Correcciones pendientes consultadas para operador {"codigo_empleado":12,"cantidad":1}
[2025-09-30 11:42:07] [INFO] Correcciones pendientes consultadas para operador {"codigo_empleado":12,"cantidad":1}
[2025-09-30 11:42:10] [INFO] Correcciones pendientes consultadas para operador {"codigo_empleado":12,"cantidad":1}
[2025-09-30 11:42:12] [INFO] Correcciones pendientes consultadas para operador {"codigo_empleado":12,"cantidad":1}
[2025-09-30 11:42:14] [INFO] Correcciones pendientes consultadas para operador {"codigo_empleado":12,"cantidad":1}
[2025-09-30 11:42:15] [INFO] Correcciones pendientes consultadas para operador {"codigo_empleado":12,"cantidad":1}
[2025-09-30 11:42:16] [INFO] Correcciones pendientes consultadas para operador {"codigo_empleado":12,"cantidad":1}
[2025-09-30 11:42:18] [INFO] Correcciones pendientes consultadas para operador {"codigo_empleado":12,"cantidad":1}
[2025-09-30 11:42:23] [INFO] Correcciones pendientes consultadas para operador {"codigo_empleado":12,"cantidad":1}
[2025-09-30 11:42:58] [INFO] Correcciones pendientes consultadas para operador {"codigo_empleado":12,"cantidad":1}
[2025-09-30 11:43:23] [INFO] Correcciones pendientes consultadas para operador {"codigo_empleado":12,"cantidad":1}
[2025-09-30 11:44:49] [INFO] Correcciones pendientes consultadas para operador {"codigo_empleado":12,"cantidad":0}
[2025-09-30 11:44:55] [INFO] Correcciones pendientes consultadas para operador {"codigo_empleado":12,"cantidad":0}
[2025-09-30 11:45:04] [INFO] Correcciones pendientes consultadas para operador {"codigo_empleado":12,"cantidad":0}
[2025-09-30 11:57:59] [INFO] Correcciones pendientes consultadas para operador {"codigo_empleado":12,"cantidad":0}
[2025-09-30 12:34:38] [INFO] Consulta de retenciones activas {"area_id":1,"codigo_empleado":null,"cantidad":0}
[2025-09-30 12:34:42] [INFO] Consulta de retenciones activas {"area_id":1,"codigo_empleado":null,"cantidad":0}
[2025-09-30 12:34:43] [INFO] Cargando página de acción QA {"user_id":14,"total_entregas":0}
[2025-09-30 12:34:44] [INFO] Consulta de retenciones activas {"area_id":1,"codigo_empleado":14,"cantidad":0}
[2025-09-30 12:34:45] [INFO] Cargando página de acción QA {"user_id":14,"total_entregas":0}
[2025-09-30 12:34:46] [INFO] Consulta de retenciones activas {"area_id":1,"codigo_empleado":null,"cantidad":0}
[2025-09-30 12:36:54] [INFO] Consulta de retenciones activas {"area_id":1,"codigo_empleado":14,"cantidad":0}
[2025-09-30 12:36:55] [INFO] Cargando página de acción QA {"user_id":14,"total_entregas":0}
[2025-09-30 12:36:56] [INFO] Consulta de retenciones activas {"area_id":1,"codigo_empleado":null,"cantidad":0}
[2025-09-30 12:37:06] [INFO] Solicitud de validación de producción recibida {"user_id":14,"registro_id":4329}
[2025-09-30 12:37:06] [INFO] Registrando historial de validación {"registro_id":4329,"tipo":"produccion","usuario_id":14}
[2025-09-30 12:37:06] [INFO] Validación de producción exitosa {"user_id":14,"registro_id":4329,"validacion_id":null}
[2025-09-30 12:37:06] [INFO] Consulta de retenciones activas {"area_id":1,"codigo_empleado":null,"cantidad":0}
[2025-09-30 12:37:07] [INFO] Consulta de retenciones activas {"area_id":1,"codigo_empleado":null,"cantidad":0}
[2025-09-30 12:37:10] [INFO] Cargando página de acción QA {"user_id":14,"total_entregas":1}
[2025-09-30 12:37:14] [INFO] Solicitud de retención recibida {"user_id":14,"entrega_id":4329,"cantidad":7500,"motivo":"calidad","post_data":{"entrega_id":"4329","cantidad":"7500","motivo":"calidad"}}
[2025-09-30 12:37:14] [INFO] Retención creada exitosamente {"retencion_id":18,"registro_id":4329,"cantidad":7500}
[2025-09-30 12:37:14] [INFO] Retención creada exitosamente desde Acción QA {"user_id":14,"entrega_id":4329,"retencion_id":18,"cantidad":7500,"motivo":"Problema de calidad"}
[2025-09-30 12:37:15] [INFO] Cargando página de acción QA {"user_id":14,"total_entregas":0}
[2025-09-30 12:37:16] [INFO] Consulta de retenciones activas {"area_id":1,"codigo_empleado":14,"cantidad":1}
[2025-09-30 12:37:35] [INFO] Destino asignado exitosamente {"retencion_id":18,"tipo_destino":"produccion_final","cantidad":30,"user_id":14,"resultado":"Destino asignado correctamente"}
[2025-09-30 12:37:35] [INFO] Destino asignado exitosamente {"retencion_id":18,"tipo_destino":"retrabajo","cantidad":25,"user_id":14,"resultado":"Destino asignado correctamente"}
[2025-09-30 12:37:35] [INFO] Destino asignado exitosamente {"retencion_id":18,"tipo_destino":"destruccion","cantidad":20,"user_id":14,"resultado":"Destino asignado correctamente"}
[2025-09-30 12:37:35] [INFO] Consulta de retenciones activas {"area_id":1,"codigo_empleado":14,"cantidad":1}
[2025-09-30 12:37:35] [INFO] Consulta de retenciones activas {"area_id":1,"codigo_empleado":14,"cantidad":1}
[2025-09-30 12:37:42] [INFO] Consulta de retenciones activas {"area_id":1,"codigo_empleado":14,"cantidad":1}
[2025-09-30 12:37:48] [INFO] Consulta de retenciones activas {"area_id":1,"codigo_empleado":14,"cantidad":1}
[2025-09-30 12:37:57] [INFO] Consulta de retenciones activas {"area_id":1,"codigo_empleado":null,"cantidad":1}
[2025-09-30 12:38:07] [INFO] Consulta de retenciones activas {"area_id":1,"codigo_empleado":14,"cantidad":1}
[2025-09-30 12:39:58] [INFO] Consulta de retenciones activas {"area_id":1,"codigo_empleado":14,"cantidad":1}
[2025-09-30 12:40:07] [INFO] Consulta de retenciones activas {"area_id":1,"codigo_empleado":14,"cantidad":1}
[2025-09-30 12:40:08] [INFO] Cargando página de acción QA {"user_id":14,"total_entregas":0}
[2025-09-30 12:40:08] [INFO] Consulta de retenciones activas {"area_id":1,"codigo_empleado":null,"cantidad":1}
[2025-09-30 12:40:17] [INFO] Consulta de retenciones activas {"area_id":1,"codigo_empleado":14,"cantidad":1}
[2025-09-30 12:40:20] [INFO] Consulta de retenciones activas {"area_id":1,"codigo_empleado":14,"cantidad":1}
[2025-09-30 12:40:53] [INFO] Consulta de retenciones activas {"area_id":1,"codigo_empleado":14,"cantidad":0}
[2025-09-30 14:37:10] [INFO] Correcciones pendientes consultadas para operador {"codigo_empleado":12,"cantidad":0}
[2025-09-30 14:38:11] [INFO] Consulta de retenciones activas {"area_id":1,"codigo_empleado":null,"cantidad":0}
[2025-09-30 14:38:13] [INFO] Cargando página de acción QA {"user_id":14,"total_entregas":0}
[2025-09-30 14:38:14] [INFO] Consulta de retenciones activas {"area_id":1,"codigo_empleado":null,"cantidad":0}
[2025-09-30 14:38:17] [INFO] Cargando página de acción QA {"user_id":14,"total_entregas":0}
[2025-09-30 14:38:17] [INFO] Cargando página de acción QA {"user_id":14,"total_entregas":0}
[2025-09-30 16:00:28] [INFO] Solicitud de validación de producción recibida (SUPERVISOR) {"user_id":3,"registro_id":4507}
[2025-09-30 16:00:28] [INFO] Registrando historial de validación (SUPERVISOR) {"registro_id":4507,"tipo":"produccion","usuario_id":3}
[2025-09-30 16:00:28] [INFO] Validación de producción por supervisor exitosa {"user_id":3,"registro_id":4507,"validacion_id":0}
[2025-09-30 16:04:35] [INFO] Solicitud de validación de scrap recibida (SUPERVISOR) {"registroId":4508,"cantidad":1000,"user_id":3}
[2025-09-30 16:05:18] [INFO] Solicitud de validación de scrap recibida (SUPERVISOR) {"registroId":4508,"cantidad":1000,"user_id":3}
[2025-09-30 16:05:47] [INFO] Solicitud de validación de scrap recibida (SUPERVISOR) {"registroId":4508,"cantidad":1000,"user_id":3}
[2025-09-30 16:06:54] [INFO] Correcciones pendientes consultadas para operador {"codigo_empleado":373,"cantidad":0}
[2025-09-30 16:12:22] [INFO] Correcciones pendientes consultadas para operador {"codigo_empleado":1363,"cantidad":0}
[2025-09-30 16:12:24] [INFO] Correcciones pendientes consultadas para operador {"codigo_empleado":1363,"cantidad":0}
[2025-09-30 16:12:43] [INFO] Correcciones pendientes consultadas para operador {"codigo_empleado":1363,"cantidad":0}
[2025-09-30 16:12:50] [INFO] Correcciones pendientes consultadas para operador {"codigo_empleado":1363,"cantidad":0}
[2025-09-30 16:15:17] [INFO] Correcciones pendientes consultadas para operador {"codigo_empleado":12,"cantidad":0}
[2025-09-30 16:15:31] [INFO] Correcciones pendientes consultadas para operador {"codigo_empleado":12,"cantidad":0}
[2025-09-30 16:17:38] [INFO] Correcciones pendientes consultadas para operador {"codigo_empleado":1363,"cantidad":0}
[2025-09-30 16:17:42] [INFO] Correcciones pendientes consultadas para operador {"codigo_empleado":1363,"cantidad":0}
[2025-09-30 16:45:48] [INFO] Correcciones pendientes consultadas para operador {"codigo_empleado":110452,"cantidad":0}
[2025-09-30 16:46:51] [INFO] Correcciones pendientes consultadas para operador {"codigo_empleado":110452,"cantidad":0}
[2025-09-30 16:47:05] [INFO] Correcciones pendientes consultadas para operador {"codigo_empleado":110452,"cantidad":0}
[2025-09-30 16:47:46] [INFO] Correcciones pendientes consultadas para operador {"codigo_empleado":110452,"cantidad":0}
[2025-09-30 16:50:22] [INFO] Correcciones pendientes consultadas para operador {"codigo_empleado":110452,"cantidad":0}
[2025-09-30 16:52:19] [INFO] Correcciones pendientes consultadas para operador {"codigo_empleado":110452,"cantidad":0}
[2025-09-30 17:06:56] [INFO] Correcciones pendientes consultadas para operador {"codigo_empleado":110452,"cantidad":0}
[2025-09-30 21:44:43] [INFO] Correcciones pendientes consultadas para operador {"codigo_empleado":110452,"cantidad":0}
