[2025-10-20 08:41:31] [INFO] Correcciones pendientes consultadas para operador {"codigo_empleado":12,"cantidad":0}
[2025-10-20 08:41:33] [INFO] Correcciones pendientes consultadas para operador {"codigo_empleado":12,"cantidad":0}
[2025-10-20 08:42:05] [INFO] Acceso a control de registro {"codigo_empleado":12,"session_id":"r5apsnvqvu5famkah9tc6bj24q"}
[2025-10-20 08:42:05] [INFO] Correcciones pendientes consultadas para operador {"codigo_empleado":12,"cantidad":0}
[2025-10-20 08:42:05] [INFO] Renderizando vista de control {"codigo_empleado":12,"maquina":"Perfecta2","correcciones_pendientes":0}
[2025-10-20 08:42:11] [INFO] Iniciando registro {"codigo_empleado":12,"session_id":"r5apsnvqvu5famkah9tc6bj24q","tipo_boton":"Preparación"}
[2025-10-20 08:42:11] [INFO] Registro guardado exitosamente {"codigo_empleado":12,"tipo_boton":"Preparación","cantidad_produccion":0,"cantidad_scrapt":0}
[2025-10-20 08:42:11] [INFO] Acceso a control de registro {"codigo_empleado":12,"session_id":"r5apsnvqvu5famkah9tc6bj24q"}
[2025-10-20 08:42:11] [INFO] Correcciones pendientes consultadas para operador {"codigo_empleado":12,"cantidad":0}
[2025-10-20 08:42:11] [INFO] Renderizando vista de control {"codigo_empleado":12,"maquina":"Perfecta2","correcciones_pendientes":0}
[2025-10-20 08:42:41] [INFO] Iniciando registro {"codigo_empleado":12,"session_id":"r5apsnvqvu5famkah9tc6bj24q","tipo_boton":"Producción"}
[2025-10-20 08:42:41] [INFO] Registro guardado exitosamente {"codigo_empleado":12,"tipo_boton":"Producción","cantidad_produccion":0,"cantidad_scrapt":0}
[2025-10-20 08:42:41] [INFO] Acceso a control de registro {"codigo_empleado":12,"session_id":"r5apsnvqvu5famkah9tc6bj24q"}
[2025-10-20 08:42:41] [INFO] Correcciones pendientes consultadas para operador {"codigo_empleado":12,"cantidad":0}
[2025-10-20 08:42:41] [INFO] Renderizando vista de control {"codigo_empleado":12,"maquina":"Perfecta2","correcciones_pendientes":0}
[2025-10-20 08:43:13] [INFO] Iniciando registro {"codigo_empleado":12,"session_id":"r5apsnvqvu5famkah9tc6bj24q","tipo_boton":"Parcial"}
[2025-10-20 08:43:13] [INFO] Registro guardado exitosamente {"codigo_empleado":12,"tipo_boton":"Producción","cantidad_produccion":3000,"cantidad_scrapt":2000}
[2025-10-20 08:43:13] [INFO] Acceso a control de registro {"codigo_empleado":12,"session_id":"r5apsnvqvu5famkah9tc6bj24q"}
[2025-10-20 08:43:13] [INFO] Correcciones pendientes consultadas para operador {"codigo_empleado":12,"cantidad":0}
[2025-10-20 08:43:13] [INFO] Renderizando vista de control {"codigo_empleado":12,"maquina":"Perfecta2","correcciones_pendientes":0}
[2025-10-20 08:45:59] [INFO] Solicitud de validación de producción recibida (SUPERVISOR) {"user_id":13,"registro_id":4660}
[2025-10-20 08:45:59] [INFO] Registrando historial de validación (SUPERVISOR) {"registro_id":4660,"tipo":"produccion","usuario_id":13}
[2025-10-20 08:46:10] [INFO] Solicitud de validación de scrap recibida (SUPERVISOR) {"registroId":4661,"cantidad":2000,"user_id":13}
[2025-10-20 08:46:23] [INFO] Consulta de retenciones activas {"area_id":1,"codigo_empleado":null,"cantidad":0}
[2025-10-20 08:46:26] [INFO] Consulta de retenciones activas {"area_id":1,"codigo_empleado":null,"cantidad":0}
[2025-10-20 08:46:27] [INFO] Cargando página de acción QA {"user_id":14,"total_produccion":1,"total_scrap":1}
[2025-10-20 08:46:45] [INFO] Solicitud de guardar entrega recibida {"user_id":14,"entrega_id":4660,"tipo":"produccion"}
[2025-10-20 08:46:45] [INFO] Entrega guardada exitosamente desde Acción QA {"entrega_id":4660,"usuario_id":14,"validacion_id":174,"tipo":"produccion","comentario":""}
[2025-10-20 08:46:45] [INFO] Validación directa exitosa {"user_id":14,"entrega_id":4660,"tipo":"produccion","validacion_id":174}
[2025-10-20 08:46:46] [INFO] Cargando página de acción QA {"user_id":14,"total_produccion":0,"total_scrap":1}
[2025-10-20 08:46:47] [INFO] Solicitud de guardar entrega recibida {"user_id":14,"entrega_id":4661,"tipo":"scrap"}
[2025-10-20 08:46:47] [INFO] Entrega guardada exitosamente desde Acción QA {"entrega_id":4661,"usuario_id":14,"validacion_id":106,"tipo":"scrap","comentario":""}
[2025-10-20 08:46:47] [INFO] Validación directa exitosa {"user_id":14,"entrega_id":4661,"tipo":"scrap","validacion_id":106}
[2025-10-20 08:46:48] [INFO] Cargando página de acción QA {"user_id":14,"total_produccion":0,"total_scrap":0}
[2025-10-20 08:46:50] [INFO] Consulta de retenciones activas {"area_id":1,"codigo_empleado":14,"cantidad":0}
[2025-10-20 08:46:51] [INFO] Cargando página de acción QA {"user_id":14,"total_produccion":0,"total_scrap":0}
[2025-10-20 08:46:52] [INFO] Consulta de retenciones activas {"area_id":1,"codigo_empleado":14,"cantidad":0}
[2025-10-20 08:46:55] [INFO] Scrap guardado obtenido exitosamente {"usuario_qa":14,"total":1,"filtros_aplicados":[]}
[2025-10-20 09:24:28] [INFO] Acceso a control de registro {"codigo_empleado":12,"session_id":"no1oobtje8gdtcg5pundlr05db"}
[2025-10-20 09:24:28] [INFO] Correcciones pendientes consultadas para operador {"codigo_empleado":12,"cantidad":0}
[2025-10-20 09:24:28] [INFO] Renderizando vista de control {"codigo_empleado":12,"maquina":"Perfecta2","correcciones_pendientes":0}
[2025-10-20 09:25:03] [INFO] Acceso a control de registro {"codigo_empleado":12,"session_id":"no1oobtje8gdtcg5pundlr05db"}
[2025-10-20 09:39:54] [INFO] Correcciones pendientes consultadas para operador {"codigo_empleado":12,"cantidad":0}
[2025-10-20 09:39:54] [INFO] Fetching corrections in DataController::index {"codigo_empleado":12,"correcciones_count":0,"mostrar_correcciones":false,"user_data":{"maquina_id":1,"area_id":1}}
[2025-10-20 09:39:56] [INFO] Correcciones pendientes consultadas para operador {"codigo_empleado":12,"cantidad":0}
[2025-10-20 09:39:56] [INFO] Fetching corrections in DataController::index {"codigo_empleado":12,"correcciones_count":0,"mostrar_correcciones":false,"user_data":{"maquina_id":1,"area_id":1}}
[2025-10-20 09:39:58] [INFO] Espera de trabajo registrada exitosamente {"codigo_empleado":12,"registro_id":4662,"maquina_id":1}
[2025-10-20 09:39:58] [INFO] Correcciones pendientes consultadas para operador {"codigo_empleado":12,"cantidad":0}
[2025-10-20 09:39:58] [INFO] Fetching corrections in DataController::index {"codigo_empleado":12,"correcciones_count":0,"mostrar_correcciones":false,"user_data":{"maquina_id":1,"area_id":1}}
[2025-10-20 09:40:01] [INFO] Espera de trabajo registrada exitosamente {"codigo_empleado":12,"registro_id":4663,"maquina_id":1}
[2025-10-20 09:40:01] [INFO] Correcciones pendientes consultadas para operador {"codigo_empleado":12,"cantidad":0}
[2025-10-20 09:40:01] [INFO] Fetching corrections in DataController::index {"codigo_empleado":12,"correcciones_count":0,"mostrar_correcciones":false,"user_data":{"maquina_id":1,"area_id":1}}
[2025-10-20 09:40:07] [INFO] Espera de trabajo registrada exitosamente {"codigo_empleado":12,"registro_id":4664,"maquina_id":1}
[2025-10-20 09:40:07] [INFO] Correcciones pendientes consultadas para operador {"codigo_empleado":12,"cantidad":0}
[2025-10-20 09:40:07] [INFO] Fetching corrections in DataController::index {"codigo_empleado":12,"correcciones_count":0,"mostrar_correcciones":false,"user_data":{"maquina_id":1,"area_id":1}}
[2025-10-20 09:40:32] [INFO] Acceso a control de registro {"codigo_empleado":12,"session_id":"no1oobtje8gdtcg5pundlr05db"}
[2025-10-20 09:40:32] [INFO] Correcciones pendientes consultadas para operador {"codigo_empleado":12,"cantidad":0}
[2025-10-20 09:40:32] [INFO] Renderizando vista de control {"codigo_empleado":12,"maquina":"Perfecta2","correcciones_pendientes":0}
[2025-10-20 09:40:35] [INFO] Iniciando registro {"codigo_empleado":12,"session_id":"no1oobtje8gdtcg5pundlr05db","tipo_boton":"Preparación"}
[2025-10-20 09:40:35] [INFO] Registro guardado exitosamente {"codigo_empleado":12,"tipo_boton":"Preparación","cantidad_produccion":0,"cantidad_scrapt":0}
[2025-10-20 09:40:35] [INFO] Acceso a control de registro {"codigo_empleado":12,"session_id":"no1oobtje8gdtcg5pundlr05db"}
[2025-10-20 09:40:35] [INFO] Correcciones pendientes consultadas para operador {"codigo_empleado":12,"cantidad":0}
[2025-10-20 09:40:35] [INFO] Renderizando vista de control {"codigo_empleado":12,"maquina":"Perfecta2","correcciones_pendientes":0}
[2025-10-20 09:42:39] [INFO] Acceso a control de registro {"codigo_empleado":12,"session_id":"ahd5a35en93vbtq07ghmu0fn7b"}
[2025-10-20 09:42:39] [INFO] Correcciones pendientes consultadas para operador {"codigo_empleado":12,"cantidad":0}
[2025-10-20 09:42:39] [INFO] Renderizando vista de control {"codigo_empleado":12,"maquina":"Perfecta2","correcciones_pendientes":0}
[2025-10-20 09:43:43] [INFO] Correcciones pendientes consultadas para operador {"codigo_empleado":12,"cantidad":0}
[2025-10-20 09:43:43] [INFO] Correcciones pendientes consultadas para operador {"codigo_empleado":12,"cantidad":0}
[2025-10-20 09:43:43] [INFO] Correcciones pendientes consultadas para operador {"codigo_empleado":12,"cantidad":0}
[2025-10-20 09:43:43] [INFO] Fetching corrections in DataController::index {"codigo_empleado":12,"correcciones_count":0,"mostrar_correcciones":false,"user_data":{"maquina_id":1,"area_id":1}}
[2025-10-20 09:43:45] [INFO] Espera de trabajo registrada exitosamente {"codigo_empleado":12,"registro_id":4666,"maquina_id":1}
[2025-10-20 09:43:45] [INFO] Correcciones pendientes consultadas para operador {"codigo_empleado":12,"cantidad":0}
[2025-10-20 09:43:45] [INFO] Fetching corrections in DataController::index {"codigo_empleado":12,"correcciones_count":0,"mostrar_correcciones":false,"user_data":{"maquina_id":1,"area_id":1}}
[2025-10-20 09:57:14] [INFO] Correcciones pendientes consultadas para operador {"codigo_empleado":12,"cantidad":0}
[2025-10-20 09:57:14] [INFO] Fetching corrections in DataController::index {"codigo_empleado":12,"correcciones_count":0,"mostrar_correcciones":false,"user_data":{"maquina_id":1,"area_id":1}}
[2025-10-20 09:59:01] [INFO] Correcciones pendientes consultadas para operador {"codigo_empleado":12,"cantidad":0}
[2025-10-20 09:59:02] [INFO] Correcciones pendientes consultadas para operador {"codigo_empleado":12,"cantidad":0}
[2025-10-20 09:59:02] [INFO] Correcciones pendientes consultadas para operador {"codigo_empleado":12,"cantidad":0}
[2025-10-20 09:59:02] [INFO] Fetching corrections in DataController::index {"codigo_empleado":12,"correcciones_count":0,"mostrar_correcciones":false,"user_data":{"maquina_id":1,"area_id":1}}
[2025-10-20 09:59:12] [INFO] Acceso a control de registro {"codigo_empleado":12,"session_id":"148tj7mr1tis2a2llvls37jh40"}
[2025-10-20 09:59:12] [INFO] Correcciones pendientes consultadas para operador {"codigo_empleado":12,"cantidad":0}
[2025-10-20 09:59:12] [INFO] Renderizando vista de control {"codigo_empleado":12,"maquina":"Perfecta2","correcciones_pendientes":0}
[2025-10-20 09:59:15] [INFO] Iniciando registro {"codigo_empleado":12,"session_id":"148tj7mr1tis2a2llvls37jh40","tipo_boton":"Producción"}
[2025-10-20 09:59:15] [INFO] Registro guardado exitosamente {"codigo_empleado":12,"tipo_boton":"Producción","cantidad_produccion":0,"cantidad_scrapt":0}
[2025-10-20 09:59:15] [INFO] Acceso a control de registro {"codigo_empleado":12,"session_id":"148tj7mr1tis2a2llvls37jh40"}
[2025-10-20 09:59:15] [INFO] Correcciones pendientes consultadas para operador {"codigo_empleado":12,"cantidad":0}
[2025-10-20 09:59:15] [INFO] Renderizando vista de control {"codigo_empleado":12,"maquina":"Perfecta2","correcciones_pendientes":0}
[2025-10-20 09:59:29] [INFO] Iniciando registro {"codigo_empleado":12,"session_id":"148tj7mr1tis2a2llvls37jh40","tipo_boton":"final_produccion"}
[2025-10-20 09:59:29] [INFO] Registro guardado exitosamente {"codigo_empleado":12,"tipo_boton":"final_produccion","cantidad_produccion":6000,"cantidad_scrapt":200}
[2025-10-20 09:59:29] [INFO] Acceso a control de registro {"codigo_empleado":12,"session_id":"148tj7mr1tis2a2llvls37jh40"}
[2025-10-20 09:59:29] [INFO] Correcciones pendientes consultadas para operador {"codigo_empleado":12,"cantidad":0}
[2025-10-20 09:59:29] [INFO] Fetching corrections in DataController::index {"codigo_empleado":12,"correcciones_count":0,"mostrar_correcciones":false,"user_data":{"maquina_id":1,"area_id":1}}
[2025-10-20 09:59:55] [INFO] Solicitud de validación de producción recibida (SUPERVISOR) {"user_id":13,"registro_id":4668}
[2025-10-20 09:59:55] [INFO] Registrando historial de validación (SUPERVISOR) {"registro_id":4668,"tipo":"produccion","usuario_id":13}
[2025-10-20 10:00:04] [INFO] Solicitud de validación de scrap recibida (SUPERVISOR) {"registroId":4669,"cantidad":200,"user_id":13}
[2025-10-20 10:01:21] [INFO] Consulta de retenciones activas {"area_id":1,"codigo_empleado":null,"cantidad":0}
[2025-10-20 10:01:23] [INFO] Cargando página de acción QA {"user_id":14,"total_produccion":1,"total_scrap":1}
[2025-10-20 10:01:26] [INFO] Solicitud de guardar entrega recibida {"user_id":14,"entrega_id":4668,"tipo":"produccion"}
[2025-10-20 10:01:26] [INFO] Entrega guardada exitosamente desde Acción QA {"entrega_id":4668,"usuario_id":14,"validacion_id":176,"tipo":"produccion","comentario":""}
[2025-10-20 10:01:26] [INFO] Validación directa exitosa {"user_id":14,"entrega_id":4668,"tipo":"produccion","validacion_id":176}
[2025-10-20 10:01:27] [INFO] Cargando página de acción QA {"user_id":14,"total_produccion":0,"total_scrap":1}
[2025-10-20 10:02:58] [INFO] Cargando página de acción QA {"user_id":14,"total_produccion":1,"total_scrap":1}
[2025-10-20 10:03:02] [INFO] Solicitud de retención recibida {"user_id":14,"entrega_id":4668,"cantidad":6000,"motivo":"calidad","tipo":"produccion"}
[2025-10-20 10:03:02] [INFO] Retención creada exitosamente {"retencion_id":41,"registro_id":4668,"cantidad":6000,"tipo":"produccion","usuario_id":14}
[2025-10-20 10:03:02] [INFO] Retención creada exitosamente desde Acción QA {"user_id":14,"entrega_id":4668,"retencion_id":41,"cantidad":6000,"motivo":"Problema de calidad","tipo":"produccion"}
[2025-10-20 10:03:03] [INFO] Cargando página de acción QA {"user_id":14,"total_produccion":0,"total_scrap":1}
[2025-10-20 10:03:04] [INFO] Consulta de retenciones activas {"area_id":1,"codigo_empleado":14,"cantidad":1}
[2025-10-20 10:03:44] [INFO] Producción final registrada desde retención {"registro_id":4668,"usuario_id":14}
[2025-10-20 10:03:44] [INFO] Destino asignado a retención {"retencion_id":41,"destino_id":52,"tipo_destino":"produccion_final","cantidad":4000,"tipo_retencion":"produccion"}
[2025-10-20 10:03:44] [INFO] Destino asignado exitosamente {"retencion_id":41,"tipo_destino":"produccion_final","cantidad":4000,"user_id":14,"resultado":"Destino asignado correctamente"}
[2025-10-20 10:03:44] [INFO] Destino asignado a retención {"retencion_id":41,"destino_id":53,"tipo_destino":"retrabajo","cantidad":1000,"tipo_retencion":"produccion"}
[2025-10-20 10:03:44] [INFO] Destino asignado exitosamente {"retencion_id":41,"tipo_destino":"retrabajo","cantidad":1000,"user_id":14,"resultado":"Destino asignado correctamente"}
[2025-10-20 10:03:44] [INFO] Iniciando registroScrapFinalDesdeRetencion {"registro_id":4668,"usuario_id":14,"cantidad":1000}
[2025-10-20 10:03:44] [INFO] Parámetros para insert scrap_final {"registro_id":4668,"cantidad":1000,"observaciones":"Destruido desde retención: Material para destruir","usuario_id":14}
[2025-10-20 10:03:44] [INFO] Scrap final registrado exitosamente {"registro_id":4668,"cantidad":1000,"usuario_id":14}
[2025-10-20 10:03:44] [INFO] Destino asignado a retención {"retencion_id":41,"destino_id":54,"tipo_destino":"destruccion","cantidad":1000,"tipo_retencion":"produccion"}
[2025-10-20 10:03:44] [INFO] Destino asignado exitosamente {"retencion_id":41,"tipo_destino":"destruccion","cantidad":1000,"user_id":14,"resultado":"Destino asignado correctamente"}
[2025-10-20 10:03:44] [INFO] Consulta de retenciones activas {"area_id":1,"codigo_empleado":14,"cantidad":0}
[2025-10-20 10:03:44] [INFO] Consulta de retenciones activas {"area_id":1,"codigo_empleado":14,"cantidad":0}
[2025-10-20 10:03:55] [INFO] Scrap guardado obtenido exitosamente {"usuario_qa":14,"total":1,"filtros_aplicados":[]}
[2025-10-20 10:05:38] [INFO] Scrap guardado obtenido exitosamente {"usuario_qa":14,"total":1,"filtros_aplicados":[]}
[2025-10-20 10:13:34] [INFO] Solicitud de validación de producción recibida (SUPERVISOR) {"user_id":13,"registro_id":176}
[2025-10-20 10:13:34] [INFO] Registrando historial de validación (SUPERVISOR) {"registro_id":176,"tipo":"produccion","usuario_id":13}
[2025-10-20 10:25:54] [INFO] Solicitud de validación de producción recibida (SUPERVISOR) {"user_id":13,"registro_id":4668}
[2025-10-20 10:25:54] [INFO] Registrando historial de validación (SUPERVISOR) {"registro_id":4668,"tipo":"produccion","usuario_id":13}
[2025-10-20 10:42:41] [INFO] Solicitud de validación de producción recibida (SUPERVISOR) {"user_id":13,"registro_id":4668}
[2025-10-20 10:42:41] [INFO] Registrando historial de validación (SUPERVISOR) {"registro_id":4668,"tipo":"produccion","usuario_id":13}
[2025-10-20 10:43:00] [INFO] Solicitud de validación de scrap recibida (SUPERVISOR) {"registroId":4669,"cantidad":200,"user_id":13}
[2025-10-20 10:43:21] [INFO] Consulta de retenciones activas {"area_id":1,"codigo_empleado":null,"cantidad":0}
[2025-10-20 10:43:23] [INFO] Cargando página de acción QA {"user_id":14,"total_produccion":2,"total_scrap":1}
[2025-10-20 10:45:19] [INFO] Solicitud de guardar entrega recibida {"user_id":14,"entrega_id":4668,"tipo":"produccion"}
[2025-10-20 10:45:19] [INFO] Entrega guardada exitosamente desde Acción QA {"entrega_id":4668,"usuario_id":14,"validacion_id":179,"tipo":"produccion","comentario":""}
[2025-10-20 10:45:19] [INFO] Validación directa exitosa {"user_id":14,"entrega_id":4668,"tipo":"produccion","validacion_id":179}
[2025-10-20 10:45:20] [INFO] Cargando página de acción QA {"user_id":14,"total_produccion":1,"total_scrap":1}
[2025-10-20 10:45:22] [INFO] Solicitud de guardar entrega recibida {"user_id":14,"entrega_id":4669,"tipo":"scrap"}
[2025-10-20 10:45:22] [INFO] Entrega guardada exitosamente desde Acción QA {"entrega_id":4669,"usuario_id":14,"validacion_id":109,"tipo":"scrap","comentario":""}
[2025-10-20 10:45:22] [INFO] Validación directa exitosa {"user_id":14,"entrega_id":4669,"tipo":"scrap","validacion_id":109}
[2025-10-20 10:45:23] [INFO] Cargando página de acción QA {"user_id":14,"total_produccion":1,"total_scrap":0}
[2025-10-20 10:45:24] [INFO] Scrap guardado obtenido exitosamente {"usuario_qa":14,"total":1,"filtros_aplicados":[]}
[2025-10-20 10:45:28] [INFO] Scrap guardado obtenido exitosamente {"usuario_qa":14,"total":1,"filtros_aplicados":[]}
[2025-10-20 10:45:48] [INFO] Consulta de retenciones activas {"area_id":1,"codigo_empleado":14,"cantidad":0}
[2025-10-20 10:45:53] [INFO] Cargando página de acción QA {"user_id":14,"total_produccion":1,"total_scrap":0}
[2025-10-20 10:46:54] [INFO] Cargando página de acción QA {"user_id":14,"total_produccion":0,"total_scrap":0}
[2025-10-20 10:46:56] [INFO] Cargando página de acción QA {"user_id":14,"total_produccion":0,"total_scrap":0}
[2025-10-20 10:46:57] [INFO] Consulta de retenciones activas {"area_id":1,"codigo_empleado":null,"cantidad":0}
[2025-10-20 10:49:53] [INFO] Consulta de retenciones activas {"area_id":1,"codigo_empleado":null,"cantidad":0}
[2025-10-20 10:49:55] [INFO] Cargando página de acción QA {"user_id":14,"total_produccion":1,"total_scrap":1}
[2025-10-20 10:50:02] [INFO] Solicitud de retención recibida {"user_id":14,"entrega_id":4668,"cantidad":6000,"motivo":"calidad","tipo":"produccion"}
[2025-10-20 10:50:02] [INFO] Retención creada exitosamente {"retencion_id":42,"registro_id":4668,"cantidad":6000,"tipo":"produccion","usuario_id":14}
[2025-10-20 10:50:02] [INFO] Retención creada exitosamente desde Acción QA {"user_id":14,"entrega_id":4668,"retencion_id":42,"cantidad":6000,"motivo":"Problema de calidad","tipo":"produccion"}
[2025-10-20 10:50:03] [INFO] Cargando página de acción QA {"user_id":14,"total_produccion":0,"total_scrap":1}
[2025-10-20 10:50:09] [INFO] Consulta de retenciones activas {"area_id":1,"codigo_empleado":14,"cantidad":1}
[2025-10-20 10:50:33] [INFO] Producción final registrada desde retención {"registro_id":4668,"usuario_id":14}
[2025-10-20 10:50:33] [INFO] Destino asignado a retención {"retencion_id":42,"destino_id":55,"tipo_destino":"produccion_final","cantidad":4000,"tipo_retencion":"produccion"}
[2025-10-20 10:50:33] [INFO] Destino asignado exitosamente {"retencion_id":42,"tipo_destino":"produccion_final","cantidad":4000,"user_id":14,"resultado":"Destino asignado correctamente"}
[2025-10-20 10:50:33] [INFO] Destino asignado a retención {"retencion_id":42,"destino_id":56,"tipo_destino":"retrabajo","cantidad":1000,"tipo_retencion":"produccion"}
[2025-10-20 10:50:33] [INFO] Destino asignado exitosamente {"retencion_id":42,"tipo_destino":"retrabajo","cantidad":1000,"user_id":14,"resultado":"Destino asignado correctamente"}
[2025-10-20 10:50:33] [INFO] Iniciando registroScrapFinalDesdeRetencion {"registro_id":4668,"usuario_id":14,"cantidad":1000}
[2025-10-20 10:50:33] [INFO] Parámetros para insert scrap_final {"registro_id":4668,"cantidad":1000,"observaciones":"Destruido desde retención: Material para destruir","usuario_id":14}
[2025-10-20 10:50:33] [INFO] Scrap final registrado exitosamente {"registro_id":4668,"cantidad":1000,"usuario_id":14}
[2025-10-20 10:50:33] [INFO] Destino asignado a retención {"retencion_id":42,"destino_id":57,"tipo_destino":"destruccion","cantidad":1000,"tipo_retencion":"produccion"}
[2025-10-20 10:50:33] [INFO] Destino asignado exitosamente {"retencion_id":42,"tipo_destino":"destruccion","cantidad":1000,"user_id":14,"resultado":"Destino asignado correctamente"}
[2025-10-20 10:50:33] [INFO] Consulta de retenciones activas {"area_id":1,"codigo_empleado":14,"cantidad":0}
[2025-10-20 10:50:33] [INFO] Consulta de retenciones activas {"area_id":1,"codigo_empleado":14,"cantidad":0}
[2025-10-20 11:04:57] [INFO] Cargando página de acción QA {"user_id":14,"total_produccion":1,"total_scrap":1}
[2025-10-20 11:05:01] [INFO] Solicitud de retención recibida {"user_id":14,"entrega_id":4668,"cantidad":6000,"motivo":"calidad","tipo":"produccion"}
[2025-10-20 11:05:01] [INFO] Retención creada exitosamente {"retencion_id":43,"registro_id":4668,"cantidad":6000,"tipo":"produccion","usuario_id":14}
[2025-10-20 11:05:01] [INFO] Retención creada exitosamente desde Acción QA {"user_id":14,"entrega_id":4668,"retencion_id":43,"cantidad":6000,"motivo":"Problema de calidad","tipo":"produccion"}
[2025-10-20 11:05:02] [INFO] Cargando página de acción QA {"user_id":14,"total_produccion":0,"total_scrap":1}
[2025-10-20 11:05:03] [INFO] Consulta de retenciones activas {"area_id":1,"codigo_empleado":14,"cantidad":1}
[2025-10-20 11:05:28] [INFO] Destino asignado a retención {"retencion_id":43,"destino_id":58,"tipo_destino":"produccion_final","cantidad":4000,"tipo_retencion":"produccion","motivo":"Liberado a producción"}
[2025-10-20 11:05:28] [INFO] Destino asignado exitosamente {"retencion_id":43,"tipo_destino":"produccion_final","cantidad":4000,"user_id":14,"resultado":"Destino asignado correctamente"}
[2025-10-20 11:05:28] [INFO] Destino asignado a retención {"retencion_id":43,"destino_id":59,"tipo_destino":"retrabajo","cantidad":1000,"tipo_retencion":"produccion","motivo":"Enviado a retrabajo"}
[2025-10-20 11:05:28] [INFO] Destino asignado exitosamente {"retencion_id":43,"tipo_destino":"retrabajo","cantidad":1000,"user_id":14,"resultado":"Destino asignado correctamente"}
[2025-10-20 11:05:28] [INFO] Registro actualizado a Guardado después de liberar retención {"registro_id":4668}
[2025-10-20 11:05:28] [INFO] Destino asignado a retención {"retencion_id":43,"destino_id":60,"tipo_destino":"destruccion","cantidad":1000,"tipo_retencion":"produccion","motivo":"Material para destruir"}
[2025-10-20 11:05:28] [INFO] Destino asignado exitosamente {"retencion_id":43,"tipo_destino":"destruccion","cantidad":1000,"user_id":14,"resultado":"Destino asignado correctamente"}
[2025-10-20 11:05:28] [INFO] Consulta de retenciones activas {"area_id":1,"codigo_empleado":14,"cantidad":0}
[2025-10-20 11:05:28] [INFO] Consulta de retenciones activas {"area_id":1,"codigo_empleado":14,"cantidad":0}
[2025-10-20 11:05:32] [INFO] Scrap guardado obtenido exitosamente {"usuario_qa":14,"total":1,"filtros_aplicados":[]}
[2025-10-20 11:05:33] [INFO] Scrap guardado obtenido exitosamente {"usuario_qa":14,"total":1,"filtros_aplicados":[]}
[2025-10-20 11:05:37] [INFO] Consulta de retenciones activas {"area_id":1,"codigo_empleado":null,"cantidad":0}
[2025-10-20 11:05:39] [INFO] Consulta de retenciones activas {"area_id":1,"codigo_empleado":null,"cantidad":0}
[2025-10-20 11:05:54] [INFO] Solicitud de validación de producción recibida {"user_id":14,"registro_id":430}
[2025-10-20 11:05:54] [INFO] Registrando historial de validación {"registro_id":430,"tipo":"produccion","usuario_id":14}
[2025-10-20 11:05:54] [INFO] Validación de producción exitosa {"user_id":14,"registro_id":430,"validacion_id":null}
[2025-10-20 11:05:56] [INFO] Consulta de retenciones activas {"area_id":1,"codigo_empleado":null,"cantidad":0}
[2025-10-20 11:05:57] [INFO] Cargando página de acción QA {"user_id":14,"total_produccion":1,"total_scrap":1}
[2025-10-20 11:06:03] [INFO] Solicitud de guardar entrega recibida {"user_id":14,"entrega_id":430,"tipo":"produccion"}
[2025-10-20 11:06:03] [INFO] Entrega guardada exitosamente desde Acción QA {"entrega_id":430,"usuario_id":14,"validacion_id":181,"tipo":"produccion","comentario":""}
[2025-10-20 11:06:03] [INFO] Validación directa exitosa {"user_id":14,"entrega_id":430,"tipo":"produccion","validacion_id":181}
[2025-10-20 11:06:04] [INFO] Cargando página de acción QA {"user_id":14,"total_produccion":0,"total_scrap":1}
[2025-10-20 11:06:07] [INFO] Scrap guardado obtenido exitosamente {"usuario_qa":14,"total":1,"filtros_aplicados":[]}
[2025-10-20 11:17:15] [INFO] Scrap guardado obtenido exitosamente {"usuario_qa":14,"total":0,"filtros_aplicados":[]}
[2025-10-20 11:17:17] [INFO] Consulta de retenciones activas {"area_id":1,"codigo_empleado":14,"cantidad":0}
[2025-10-20 11:17:17] [INFO] Cargando página de acción QA {"user_id":14,"total_produccion":0,"total_scrap":0}
[2025-10-20 11:17:18] [INFO] Consulta de retenciones activas {"area_id":1,"codigo_empleado":null,"cantidad":0}
[2025-10-20 11:17:19] [INFO] Consulta de retenciones activas {"area_id":1,"codigo_empleado":null,"cantidad":0}
[2025-10-20 11:17:48] [INFO] Scrap guardado obtenido exitosamente {"usuario_qa":14,"total":0,"filtros_aplicados":[]}
[2025-10-20 11:17:50] [INFO] Consulta de retenciones activas {"area_id":1,"codigo_empleado":14,"cantidad":0}
[2025-10-20 11:17:50] [INFO] Cargando página de acción QA {"user_id":14,"total_produccion":0,"total_scrap":0}
[2025-10-20 11:17:51] [INFO] Consulta de retenciones activas {"area_id":1,"codigo_empleado":null,"cantidad":0}
[2025-10-20 11:17:51] [INFO] Consulta de retenciones activas {"area_id":1,"codigo_empleado":null,"cantidad":0}
[2025-10-20 11:18:35] [INFO] Consulta de retenciones activas {"area_id":1,"codigo_empleado":null,"cantidad":0}
[2025-10-20 11:38:00] [INFO] Consulta de retenciones activas {"area_id":1,"codigo_empleado":null,"cantidad":0}
[2025-10-20 11:38:07] [INFO] Scrap guardado obtenido exitosamente {"usuario_qa":14,"total":0,"filtros_aplicados":[]}
[2025-10-20 11:38:08] [INFO] Consulta de retenciones activas {"area_id":1,"codigo_empleado":14,"cantidad":0}
[2025-10-20 11:38:09] [INFO] Cargando página de acción QA {"user_id":14,"total_produccion":0,"total_scrap":0}
[2025-10-20 11:38:09] [INFO] Consulta de retenciones activas {"area_id":1,"codigo_empleado":null,"cantidad":0}
[2025-10-20 11:38:09] [INFO] Consulta de retenciones activas {"area_id":1,"codigo_empleado":null,"cantidad":0}
[2025-10-20 11:38:11] [INFO] Consulta de retenciones activas {"area_id":1,"codigo_empleado":null,"cantidad":0}
[2025-10-20 14:03:03] [INFO] Consulta de retenciones activas {"area_id":1,"codigo_empleado":null,"cantidad":0}
[2025-10-20 14:03:09] [INFO] Cargando página de acción QA {"user_id":14,"total_produccion":0,"total_scrap":0}
[2025-10-20 14:03:10] [INFO] Consulta de retenciones activas {"area_id":1,"codigo_empleado":null,"cantidad":0}
[2025-10-20 14:03:19] [INFO] Solicitud de validación de producción recibida {"user_id":14,"registro_id":4520}
[2025-10-20 14:03:19] [INFO] Registrando historial de validación {"registro_id":4520,"tipo":"produccion","usuario_id":14}
[2025-10-20 14:03:19] [INFO] Validación de producción exitosa {"user_id":14,"registro_id":4520,"validacion_id":null}
[2025-10-20 14:03:20] [INFO] Consulta de retenciones activas {"area_id":1,"codigo_empleado":null,"cantidad":0}
[2025-10-20 15:32:50] [INFO] Consulta de retenciones activas {"area_id":1,"codigo_empleado":null,"cantidad":0}
