[2025-10-14 07:58:35] [INFO] Correcciones pendientes consultadas para operador {"codigo_empleado":12,"cantidad":0}
[2025-10-14 07:58:37] [INFO] Correcciones pendientes consultadas para operador {"codigo_empleado":12,"cantidad":0}
[2025-10-14 07:58:46] [INFO] Acceso a control de registro {"codigo_empleado":12,"session_id":"aa9qvohgtdbahngnudk639qpc1"}
[2025-10-14 07:58:46] [INFO] Correcciones pendientes consultadas para operador {"codigo_empleado":12,"cantidad":0}
[2025-10-14 07:58:46] [INFO] Renderizando vista de control {"codigo_empleado":12,"maquina":"Perfecta2","correcciones_pendientes":0}
[2025-10-14 07:58:51] [INFO] Iniciando registro {"codigo_empleado":12,"session_id":"aa9qvohgtdbahngnudk639qpc1","tipo_boton":"Producción"}
[2025-10-14 07:58:51] [INFO] Registro guardado exitosamente {"codigo_empleado":12,"tipo_boton":"Producción","cantidad_produccion":0,"cantidad_scrapt":0}
[2025-10-14 07:58:51] [INFO] Acceso a control de registro {"codigo_empleado":12,"session_id":"aa9qvohgtdbahngnudk639qpc1"}
[2025-10-14 07:58:51] [INFO] Correcciones pendientes consultadas para operador {"codigo_empleado":12,"cantidad":0}
[2025-10-14 07:58:51] [INFO] Renderizando vista de control {"codigo_empleado":12,"maquina":"Perfecta2","correcciones_pendientes":0}
[2025-10-14 07:58:59] [INFO] Iniciando registro {"codigo_empleado":12,"session_id":"aa9qvohgtdbahngnudk639qpc1","tipo_boton":"Parcial"}
[2025-10-14 07:58:59] [INFO] Registro guardado exitosamente {"codigo_empleado":12,"tipo_boton":"Producción","cantidad_produccion":3000,"cantidad_scrapt":2200}
[2025-10-14 07:58:59] [INFO] Acceso a control de registro {"codigo_empleado":12,"session_id":"aa9qvohgtdbahngnudk639qpc1"}
[2025-10-14 07:58:59] [INFO] Correcciones pendientes consultadas para operador {"codigo_empleado":12,"cantidad":0}
[2025-10-14 07:58:59] [INFO] Renderizando vista de control {"codigo_empleado":12,"maquina":"Perfecta2","correcciones_pendientes":0}
[2025-10-14 07:59:16] [INFO] Consulta de retenciones activas {"area_id":1,"codigo_empleado":null,"cantidad":0}
[2025-10-14 07:59:19] [INFO] Consulta de retenciones activas {"area_id":1,"codigo_empleado":null,"cantidad":0}
[2025-10-14 07:59:27] [INFO] Solicitud de validación de producción recibida {"user_id":14,"registro_id":4635}
[2025-10-14 07:59:27] [INFO] Registrando historial de validación {"registro_id":4635,"tipo":"produccion","usuario_id":14}
[2025-10-14 07:59:27] [INFO] Validación de producción exitosa {"user_id":14,"registro_id":4635,"validacion_id":null}
[2025-10-14 07:59:29] [INFO] Consulta de retenciones activas {"area_id":1,"codigo_empleado":null,"cantidad":0}
[2025-10-14 07:59:29] [INFO] Cargando página de acción QA {"user_id":14,"total_produccion":1,"total_scrap":0}
[2025-10-14 07:59:36] [INFO] Consulta de retenciones activas {"area_id":1,"codigo_empleado":14,"cantidad":0}
[2025-10-14 07:59:37] [INFO] Cargando página de acción QA {"user_id":14,"total_produccion":1,"total_scrap":0}
[2025-10-14 07:59:40] [INFO] Solicitud de retención recibida {"user_id":14,"entrega_id":4635,"cantidad":3000,"motivo":"calidad","tipo":"produccion"}
[2025-10-14 07:59:40] [INFO] Retención creada exitosamente {"retencion_id":32,"registro_id":4635,"cantidad":3000,"tipo":"produccion","usuario_id":14}
[2025-10-14 07:59:40] [INFO] Retención creada exitosamente desde Acción QA {"user_id":14,"entrega_id":4635,"retencion_id":32,"cantidad":3000,"motivo":"Problema de calidad","tipo":"produccion"}
[2025-10-14 07:59:41] [INFO] Cargando página de acción QA {"user_id":14,"total_produccion":0,"total_scrap":0}
[2025-10-14 07:59:42] [INFO] Consulta de retenciones activas {"area_id":1,"codigo_empleado":14,"cantidad":1}
[2025-10-14 07:59:51] [INFO] Scrap guardado obtenido exitosamente {"usuario_qa":14,"total":0,"filtros_aplicados":[]}
[2025-10-14 07:59:53] [INFO] Cargando página de acción QA {"user_id":14,"total_produccion":0,"total_scrap":0}
[2025-10-14 07:59:54] [INFO] Consulta de retenciones activas {"area_id":1,"codigo_empleado":14,"cantidad":1}
[2025-10-14 08:00:15] [INFO] Producción final registrada desde retención {"registro_id":4635,"usuario_id":14}
[2025-10-14 08:00:15] [INFO] Destino asignado a retención {"retencion_id":32,"destino_id":31,"tipo_destino":"produccion_final","cantidad":2000,"tipo_retencion":"produccion"}
[2025-10-14 08:00:15] [INFO] Destino asignado exitosamente {"retencion_id":32,"tipo_destino":"produccion_final","cantidad":2000,"user_id":14,"resultado":"Destino asignado correctamente"}
[2025-10-14 08:00:15] [INFO] Destino asignado a retención {"retencion_id":32,"destino_id":32,"tipo_destino":"retrabajo","cantidad":500,"tipo_retencion":"produccion"}
[2025-10-14 08:00:15] [INFO] Destino asignado exitosamente {"retencion_id":32,"tipo_destino":"retrabajo","cantidad":500,"user_id":14,"resultado":"Destino asignado correctamente"}
[2025-10-14 08:00:15] [INFO] Destino asignado a retención {"retencion_id":32,"destino_id":33,"tipo_destino":"destruccion","cantidad":500,"tipo_retencion":"produccion"}
[2025-10-14 08:00:15] [INFO] Destino asignado exitosamente {"retencion_id":32,"tipo_destino":"destruccion","cantidad":500,"user_id":14,"resultado":"Destino asignado correctamente"}
[2025-10-14 08:00:15] [INFO] Consulta de retenciones activas {"area_id":1,"codigo_empleado":14,"cantidad":0}
[2025-10-14 08:00:15] [INFO] Consulta de retenciones activas {"area_id":1,"codigo_empleado":14,"cantidad":0}
[2025-10-14 08:00:33] [INFO] Scrap guardado obtenido exitosamente {"usuario_qa":14,"total":0,"filtros_aplicados":[]}
[2025-10-14 08:00:35] [INFO] Scrap guardado obtenido exitosamente {"usuario_qa":14,"total":0,"filtros_aplicados":[]}
[2025-10-14 08:00:36] [INFO] Scrap guardado obtenido exitosamente {"usuario_qa":14,"total":0,"filtros_aplicados":[]}
[2025-10-14 08:00:37] [INFO] Scrap guardado obtenido exitosamente {"usuario_qa":14,"total":0,"filtros_aplicados":[]}
[2025-10-14 08:17:53] [INFO] Cargando página de acción QA {"user_id":14,"total_produccion":0,"total_scrap":0}
[2025-10-14 08:17:54] [INFO] Consulta de retenciones activas {"area_id":1,"codigo_empleado":null,"cantidad":0}
[2025-10-14 08:18:00] [INFO] Solicitud de validación de producción recibida {"user_id":14,"registro_id":4635}
[2025-10-14 08:18:00] [INFO] Registrando historial de validación {"registro_id":4635,"tipo":"produccion","usuario_id":14}
[2025-10-14 08:18:00] [INFO] Validación de producción exitosa {"user_id":14,"registro_id":4635,"validacion_id":null}
[2025-10-14 08:18:02] [INFO] Consulta de retenciones activas {"area_id":1,"codigo_empleado":null,"cantidad":0}
[2025-10-14 08:18:03] [INFO] Consulta de retenciones activas {"area_id":1,"codigo_empleado":14,"cantidad":0}
[2025-10-14 08:18:04] [INFO] Cargando página de acción QA {"user_id":14,"total_produccion":1,"total_scrap":0}
[2025-10-14 08:18:08] [INFO] Solicitud de retención recibida {"user_id":14,"entrega_id":4635,"cantidad":3000,"motivo":"calidad","tipo":"produccion"}
[2025-10-14 08:18:08] [INFO] Retención creada exitosamente {"retencion_id":33,"registro_id":4635,"cantidad":3000,"tipo":"produccion","usuario_id":14}
[2025-10-14 08:18:08] [INFO] Retención creada exitosamente desde Acción QA {"user_id":14,"entrega_id":4635,"retencion_id":33,"cantidad":3000,"motivo":"Problema de calidad","tipo":"produccion"}
[2025-10-14 08:18:09] [INFO] Cargando página de acción QA {"user_id":14,"total_produccion":0,"total_scrap":0}
[2025-10-14 08:18:13] [INFO] Consulta de retenciones activas {"area_id":1,"codigo_empleado":14,"cantidad":1}
[2025-10-14 08:18:29] [INFO] Producción final registrada desde retención {"registro_id":4635,"usuario_id":14,"tipo_retencion":"produccion"}
[2025-10-14 08:18:29] [INFO] Destino asignado a retención {"retencion_id":33,"destino_id":34,"tipo_destino":"produccion_final","cantidad":2000,"tipo_retencion":"produccion"}
[2025-10-14 08:18:29] [INFO] Destino asignado exitosamente {"retencion_id":33,"tipo_destino":"produccion_final","cantidad":2000,"user_id":14,"resultado":"Destino asignado correctamente"}
[2025-10-14 08:18:29] [INFO] Destino asignado a retención {"retencion_id":33,"destino_id":35,"tipo_destino":"retrabajo","cantidad":500,"tipo_retencion":"produccion"}
[2025-10-14 08:18:29] [INFO] Destino asignado exitosamente {"retencion_id":33,"tipo_destino":"retrabajo","cantidad":500,"user_id":14,"resultado":"Destino asignado correctamente"}
[2025-10-14 08:18:29] [INFO] Destino asignado a retención {"retencion_id":33,"destino_id":36,"tipo_destino":"destruccion","cantidad":500,"tipo_retencion":"produccion"}
[2025-10-14 08:18:29] [INFO] Destino asignado exitosamente {"retencion_id":33,"tipo_destino":"destruccion","cantidad":500,"user_id":14,"resultado":"Destino asignado correctamente"}
[2025-10-14 08:18:29] [INFO] Consulta de retenciones activas {"area_id":1,"codigo_empleado":14,"cantidad":0}
[2025-10-14 08:18:29] [INFO] Consulta de retenciones activas {"area_id":1,"codigo_empleado":14,"cantidad":0}
[2025-10-14 08:18:31] [INFO] Scrap guardado obtenido exitosamente {"usuario_qa":14,"total":0,"filtros_aplicados":[]}
[2025-10-14 08:18:33] [INFO] Scrap guardado obtenido exitosamente {"usuario_qa":14,"total":0,"filtros_aplicados":[]}
[2025-10-14 08:18:35] [INFO] Scrap guardado obtenido exitosamente {"usuario_qa":14,"total":0,"filtros_aplicados":[]}
[2025-10-14 08:18:35] [INFO] Scrap guardado obtenido exitosamente {"usuario_qa":14,"total":0,"filtros_aplicados":[]}
[2025-10-14 08:24:14] [INFO] Consulta de retenciones activas {"area_id":1,"codigo_empleado":null,"cantidad":0}
[2025-10-14 08:24:24] [INFO] Solicitud de validación de producción recibida {"user_id":14,"registro_id":4635}
[2025-10-14 08:24:24] [INFO] Registrando historial de validación {"registro_id":4635,"tipo":"produccion","usuario_id":14}
[2025-10-14 08:24:24] [INFO] Validación de producción exitosa {"user_id":14,"registro_id":4635,"validacion_id":null}
[2025-10-14 08:24:26] [INFO] Consulta de retenciones activas {"area_id":1,"codigo_empleado":null,"cantidad":0}
[2025-10-14 08:24:28] [INFO] Cargando página de acción QA {"user_id":14,"total_produccion":1,"total_scrap":0}
[2025-10-14 08:24:32] [INFO] Solicitud de retención recibida {"user_id":14,"entrega_id":4635,"cantidad":3000,"motivo":"calidad","tipo":"produccion"}
[2025-10-14 08:24:32] [INFO] Retención creada exitosamente {"retencion_id":34,"registro_id":4635,"cantidad":3000,"tipo":"produccion","usuario_id":14}
[2025-10-14 08:24:32] [INFO] Retención creada exitosamente desde Acción QA {"user_id":14,"entrega_id":4635,"retencion_id":34,"cantidad":3000,"motivo":"Problema de calidad","tipo":"produccion"}
[2025-10-14 08:24:33] [INFO] Cargando página de acción QA {"user_id":14,"total_produccion":0,"total_scrap":0}
[2025-10-14 08:24:34] [INFO] Consulta de retenciones activas {"area_id":1,"codigo_empleado":14,"cantidad":1}
[2025-10-14 08:25:04] [INFO] Registrando producción final {"tipo_destino":"produccion_final","registro_id":4635,"cantidad":2000}
[2025-10-14 08:25:04] [INFO] Iniciando registroProduccionFinalDesdeRetencion {"registro_id":4635,"usuario_id":14,"cantidad":2000}
[2025-10-14 08:25:04] [INFO] Producción final registrada exitosamente {"registro_id":4635,"usuario_id":14}
[2025-10-14 08:25:04] [INFO] Destino asignado a retención {"retencion_id":34,"destino_id":37,"tipo_destino":"produccion_final","cantidad":2000,"tipo_retencion":"produccion"}
[2025-10-14 08:25:04] [INFO] Destino asignado exitosamente {"retencion_id":34,"tipo_destino":"produccion_final","cantidad":2000,"user_id":14,"resultado":"Destino asignado correctamente"}
[2025-10-14 08:25:04] [INFO] Retrabajo registrado {"tipo_destino":"retrabajo","registro_id":4635,"cantidad":500}
[2025-10-14 08:25:04] [INFO] Destino asignado a retención {"retencion_id":34,"destino_id":38,"tipo_destino":"retrabajo","cantidad":500,"tipo_retencion":"produccion"}
[2025-10-14 08:25:04] [INFO] Destino asignado exitosamente {"retencion_id":34,"tipo_destino":"retrabajo","cantidad":500,"user_id":14,"resultado":"Destino asignado correctamente"}
[2025-10-14 08:25:04] [INFO] Registrando scrap final {"tipo_destino":"destruccion","registro_id":4635,"cantidad":500}
[2025-10-14 08:25:04] [INFO] Iniciando registroScrapFinalDesdeRetencion {"registro_id":4635,"usuario_id":14,"cantidad":500}
[2025-10-14 08:25:04] [INFO] Datos del registro obtenidos {"registro":{"codigo_empleado":12,"maquina":1,"item":"1231312","jtWo":"121312"}}
[2025-10-14 08:25:04] [INFO] Destino asignado a retención {"retencion_id":34,"destino_id":39,"tipo_destino":"destruccion","cantidad":500,"tipo_retencion":"produccion"}
[2025-10-14 08:25:04] [INFO] Destino asignado exitosamente {"retencion_id":34,"tipo_destino":"destruccion","cantidad":500,"user_id":14,"resultado":"Destino asignado correctamente"}
[2025-10-14 08:25:04] [INFO] Consulta de retenciones activas {"area_id":1,"codigo_empleado":14,"cantidad":0}
[2025-10-14 08:25:04] [INFO] Consulta de retenciones activas {"area_id":1,"codigo_empleado":14,"cantidad":0}
[2025-10-14 08:25:11] [INFO] Scrap guardado obtenido exitosamente {"usuario_qa":14,"total":0,"filtros_aplicados":[]}
[2025-10-14 08:25:13] [INFO] Scrap guardado obtenido exitosamente {"usuario_qa":14,"total":0,"filtros_aplicados":[]}
[2025-10-14 08:25:17] [INFO] Cargando página de acción QA {"user_id":14,"total_produccion":0,"total_scrap":0}
[2025-10-14 08:25:18] [INFO] Consulta de retenciones activas {"area_id":1,"codigo_empleado":14,"cantidad":0}
[2025-10-14 08:25:19] [INFO] Scrap guardado obtenido exitosamente {"usuario_qa":14,"total":0,"filtros_aplicados":[]}
[2025-10-14 08:25:21] [INFO] Consulta de retenciones activas {"area_id":1,"codigo_empleado":14,"cantidad":0}
[2025-10-14 08:25:23] [INFO] Cargando página de acción QA {"user_id":14,"total_produccion":0,"total_scrap":0}
[2025-10-14 08:25:23] [INFO] Scrap guardado obtenido exitosamente {"usuario_qa":14,"total":0,"filtros_aplicados":[]}
[2025-10-14 08:25:34] [INFO] Scrap guardado obtenido exitosamente {"usuario_qa":14,"total":0,"filtros_aplicados":[]}
[2025-10-14 08:25:38] [INFO] Scrap guardado obtenido exitosamente {"usuario_qa":14,"total":0,"filtros_aplicados":[]}
[2025-10-14 08:25:41] [INFO] Scrap guardado obtenido exitosamente {"usuario_qa":14,"total":0,"filtros_aplicados":[]}
[2025-10-14 08:25:44] [INFO] Consulta de retenciones activas {"area_id":1,"codigo_empleado":14,"cantidad":0}
[2025-10-14 08:25:45] [INFO] Cargando página de acción QA {"user_id":14,"total_produccion":0,"total_scrap":0}
[2025-10-14 08:35:21] [INFO] Cargando página de acción QA {"user_id":14,"total_produccion":0,"total_scrap":0}
[2025-10-14 08:35:22] [INFO] Consulta de retenciones activas {"area_id":1,"codigo_empleado":null,"cantidad":0}
[2025-10-14 08:35:44] [INFO] Consulta de retenciones activas {"area_id":1,"codigo_empleado":null,"cantidad":0}
[2025-10-14 08:35:50] [INFO] Solicitud de validación de producción recibida {"user_id":14,"registro_id":4635}
[2025-10-14 08:35:50] [INFO] Registrando historial de validación {"registro_id":4635,"tipo":"produccion","usuario_id":14}
[2025-10-14 08:35:50] [INFO] Validación de producción exitosa {"user_id":14,"registro_id":4635,"validacion_id":null}
[2025-10-14 08:35:51] [INFO] Cargando página de acción QA {"user_id":14,"total_produccion":1,"total_scrap":0}
[2025-10-14 08:35:55] [INFO] Solicitud de retención recibida {"user_id":14,"entrega_id":4635,"cantidad":3000,"motivo":"calidad","tipo":"produccion"}
[2025-10-14 08:35:55] [INFO] Retención creada exitosamente {"retencion_id":35,"registro_id":4635,"cantidad":3000,"tipo":"produccion","usuario_id":14}
[2025-10-14 08:35:55] [INFO] Retención creada exitosamente desde Acción QA {"user_id":14,"entrega_id":4635,"retencion_id":35,"cantidad":3000,"motivo":"Problema de calidad","tipo":"produccion"}
[2025-10-14 08:35:56] [INFO] Cargando página de acción QA {"user_id":14,"total_produccion":0,"total_scrap":0}
[2025-10-14 08:35:58] [INFO] Consulta de retenciones activas {"area_id":1,"codigo_empleado":14,"cantidad":1}
[2025-10-14 08:35:59] [INFO] Cargando página de acción QA {"user_id":14,"total_produccion":0,"total_scrap":0}
[2025-10-14 08:35:59] [INFO] Consulta de retenciones activas {"area_id":1,"codigo_empleado":14,"cantidad":1}
[2025-10-14 08:36:14] [INFO] Producción final registrada desde retención {"registro_id":4635,"usuario_id":14}
[2025-10-14 08:36:14] [INFO] Destino asignado a retención {"retencion_id":35,"destino_id":40,"tipo_destino":"produccion_final","cantidad":2000,"tipo_retencion":"produccion"}
[2025-10-14 08:36:14] [INFO] Destino asignado exitosamente {"retencion_id":35,"tipo_destino":"produccion_final","cantidad":2000,"user_id":14,"resultado":"Destino asignado correctamente"}
[2025-10-14 08:36:14] [INFO] Destino asignado a retención {"retencion_id":35,"destino_id":41,"tipo_destino":"retrabajo","cantidad":500,"tipo_retencion":"produccion"}
[2025-10-14 08:36:14] [INFO] Destino asignado exitosamente {"retencion_id":35,"tipo_destino":"retrabajo","cantidad":500,"user_id":14,"resultado":"Destino asignado correctamente"}
[2025-10-14 08:36:14] [INFO] Iniciando registroScrapFinalDesdeRetencion {"registro_id":4635,"usuario_id":14,"cantidad":500}
[2025-10-14 08:36:14] [INFO] Parámetros para insert scrap_final {"registro_id":4635,"cantidad":500,"observaciones":"Destruido desde retención: Material para destruir","usuario_id":14}
[2025-10-14 08:36:14] [INFO] Scrap final registrado exitosamente {"registro_id":4635,"cantidad":500,"usuario_id":14}
[2025-10-14 08:36:14] [INFO] Destino asignado a retención {"retencion_id":35,"destino_id":42,"tipo_destino":"destruccion","cantidad":500,"tipo_retencion":"produccion"}
[2025-10-14 08:36:14] [INFO] Destino asignado exitosamente {"retencion_id":35,"tipo_destino":"destruccion","cantidad":500,"user_id":14,"resultado":"Destino asignado correctamente"}
[2025-10-14 08:36:14] [INFO] Consulta de retenciones activas {"area_id":1,"codigo_empleado":14,"cantidad":0}
[2025-10-14 08:36:14] [INFO] Consulta de retenciones activas {"area_id":1,"codigo_empleado":14,"cantidad":0}
[2025-10-14 08:36:16] [INFO] Scrap guardado obtenido exitosamente {"usuario_qa":14,"total":1,"filtros_aplicados":[]}
[2025-10-14 08:36:18] [INFO] Scrap guardado obtenido exitosamente {"usuario_qa":14,"total":1,"filtros_aplicados":[]}
[2025-10-14 08:36:37] [INFO] Scrap guardado obtenido exitosamente {"usuario_qa":14,"total":1,"filtros_aplicados":[]}
[2025-10-14 08:36:39] [INFO] Entrega de scrap obtenida por ID {"id":"97","usuario_qa":14}
[2025-10-14 08:36:45] [INFO] Scrap guardado obtenido exitosamente {"usuario_qa":14,"total":1,"filtros_aplicados":[]}
[2025-10-14 08:38:34] [INFO] Scrap guardado obtenido exitosamente {"usuario_qa":14,"total":0,"filtros_aplicados":[]}
[2025-10-14 08:38:35] [INFO] Scrap guardado obtenido exitosamente {"usuario_qa":14,"total":0,"filtros_aplicados":[]}
[2025-10-14 08:38:36] [INFO] Consulta de retenciones activas {"area_id":1,"codigo_empleado":null,"cantidad":0}
[2025-10-14 08:38:42] [INFO] Solicitud de validación de producción recibida {"user_id":14,"registro_id":4635}
[2025-10-14 08:38:42] [INFO] Registrando historial de validación {"registro_id":4635,"tipo":"produccion","usuario_id":14}
[2025-10-14 08:38:42] [INFO] Validación de producción exitosa {"user_id":14,"registro_id":4635,"validacion_id":null}
[2025-10-14 08:38:43] [INFO] Cargando página de acción QA {"user_id":14,"total_produccion":1,"total_scrap":0}
[2025-10-14 08:38:47] [INFO] Solicitud de retención recibida {"user_id":14,"entrega_id":4635,"cantidad":3000,"motivo":"documentacion","tipo":"produccion"}
[2025-10-14 08:38:47] [INFO] Retención creada exitosamente {"retencion_id":36,"registro_id":4635,"cantidad":3000,"tipo":"produccion","usuario_id":14}
[2025-10-14 08:38:47] [INFO] Retención creada exitosamente desde Acción QA {"user_id":14,"entrega_id":4635,"retencion_id":36,"cantidad":3000,"motivo":"Documentación incompleta","tipo":"produccion"}
[2025-10-14 08:38:48] [INFO] Cargando página de acción QA {"user_id":14,"total_produccion":0,"total_scrap":0}
[2025-10-14 08:38:52] [INFO] Consulta de retenciones activas {"area_id":1,"codigo_empleado":14,"cantidad":1}
[2025-10-14 08:39:22] [INFO] Cargando página de acción QA {"user_id":14,"total_produccion":0,"total_scrap":0}
[2025-10-14 08:39:36] [INFO] Consulta de retenciones activas {"area_id":1,"codigo_empleado":14,"cantidad":1}
[2025-10-14 08:39:37] [INFO] Consulta de retenciones activas {"area_id":1,"codigo_empleado":14,"cantidad":1}
[2025-10-14 08:40:14] [INFO] Cargando página de acción QA {"user_id":14,"total_produccion":1,"total_scrap":0}
[2025-10-14 08:40:15] [INFO] Consulta de retenciones activas {"area_id":1,"codigo_empleado":14,"cantidad":1}
[2025-10-14 08:40:17] [INFO] Consulta de retenciones activas {"area_id":1,"codigo_empleado":14,"cantidad":1}
[2025-10-14 08:40:32] [INFO] Consulta de retenciones activas {"area_id":1,"codigo_empleado":14,"cantidad":0}
[2025-10-14 08:40:33] [INFO] Consulta de retenciones activas {"area_id":1,"codigo_empleado":14,"cantidad":0}
[2025-10-14 08:40:34] [INFO] Cargando página de acción QA {"user_id":14,"total_produccion":1,"total_scrap":0}
[2025-10-14 08:40:39] [INFO] Solicitud de retención recibida {"user_id":14,"entrega_id":4635,"cantidad":3000,"motivo":"calidad","tipo":"produccion"}
[2025-10-14 08:40:39] [INFO] Retención creada exitosamente {"retencion_id":37,"registro_id":4635,"cantidad":3000,"tipo":"produccion","usuario_id":14}
[2025-10-14 08:40:39] [INFO] Retención creada exitosamente desde Acción QA {"user_id":14,"entrega_id":4635,"retencion_id":37,"cantidad":3000,"motivo":"Problema de calidad","tipo":"produccion"}
[2025-10-14 08:40:40] [INFO] Cargando página de acción QA {"user_id":14,"total_produccion":0,"total_scrap":0}
[2025-10-14 08:40:42] [INFO] Consulta de retenciones activas {"area_id":1,"codigo_empleado":14,"cantidad":1}
[2025-10-14 08:41:17] [INFO] Producción final registrada desde retención {"registro_id":4635,"usuario_id":14}
[2025-10-14 08:41:17] [INFO] Destino asignado a retención {"retencion_id":37,"destino_id":43,"tipo_destino":"produccion_final","cantidad":2000,"tipo_retencion":"produccion"}
[2025-10-14 08:41:17] [INFO] Destino asignado exitosamente {"retencion_id":37,"tipo_destino":"produccion_final","cantidad":2000,"user_id":14,"resultado":"Destino asignado correctamente"}
[2025-10-14 08:41:17] [INFO] Destino asignado a retención {"retencion_id":37,"destino_id":44,"tipo_destino":"retrabajo","cantidad":500,"tipo_retencion":"produccion"}
[2025-10-14 08:41:17] [INFO] Destino asignado exitosamente {"retencion_id":37,"tipo_destino":"retrabajo","cantidad":500,"user_id":14,"resultado":"Destino asignado correctamente"}
[2025-10-14 08:41:17] [INFO] Iniciando registroScrapFinalDesdeRetencion {"registro_id":4635,"usuario_id":14,"cantidad":500}
[2025-10-14 08:41:17] [INFO] Parámetros para insert scrap_final {"registro_id":4635,"cantidad":500,"observaciones":"Destruido desde retención: Material para destruir","usuario_id":14}
[2025-10-14 08:41:17] [INFO] Scrap final registrado exitosamente {"registro_id":4635,"cantidad":500,"usuario_id":14}
[2025-10-14 08:41:17] [INFO] Destino asignado a retención {"retencion_id":37,"destino_id":45,"tipo_destino":"destruccion","cantidad":500,"tipo_retencion":"produccion"}
[2025-10-14 08:41:17] [INFO] Destino asignado exitosamente {"retencion_id":37,"tipo_destino":"destruccion","cantidad":500,"user_id":14,"resultado":"Destino asignado correctamente"}
[2025-10-14 08:41:17] [INFO] Consulta de retenciones activas {"area_id":1,"codigo_empleado":14,"cantidad":0}
[2025-10-14 08:41:17] [INFO] Consulta de retenciones activas {"area_id":1,"codigo_empleado":14,"cantidad":0}
[2025-10-14 08:42:01] [INFO] Scrap guardado obtenido exitosamente {"usuario_qa":14,"total":1,"filtros_aplicados":[]}
[2025-10-14 08:49:49] [INFO] Consulta de retenciones activas {"area_id":1,"codigo_empleado":null,"cantidad":0}
[2025-10-14 08:49:57] [INFO] Solicitud de validación de producción recibida {"user_id":14,"registro_id":4635}
[2025-10-14 08:49:57] [INFO] Registrando historial de validación {"registro_id":4635,"tipo":"produccion","usuario_id":14}
[2025-10-14 08:49:57] [INFO] Validación de producción exitosa {"user_id":14,"registro_id":4635,"validacion_id":null}
[2025-10-14 08:49:59] [INFO] Consulta de retenciones activas {"area_id":1,"codigo_empleado":null,"cantidad":0}
[2025-10-14 08:50:00] [INFO] Cargando página de acción QA {"user_id":14,"total_produccion":1,"total_scrap":0}
[2025-10-14 08:50:01] [INFO] Cargando página de acción QA {"user_id":14,"total_produccion":1,"total_scrap":0}
[2025-10-14 08:50:11] [INFO] Solicitud de retención recibida {"user_id":14,"entrega_id":4635,"cantidad":3000,"motivo":"cantidad","tipo":"produccion"}
[2025-10-14 08:50:11] [INFO] Retención creada exitosamente {"retencion_id":38,"registro_id":4635,"cantidad":3000,"tipo":"produccion","usuario_id":14}
[2025-10-14 08:50:11] [INFO] Retención creada exitosamente desde Acción QA {"user_id":14,"entrega_id":4635,"retencion_id":38,"cantidad":3000,"motivo":"Discrepancia en cantidad","tipo":"produccion"}
[2025-10-14 08:50:12] [INFO] Cargando página de acción QA {"user_id":14,"total_produccion":0,"total_scrap":0}
[2025-10-14 09:05:52] [INFO] Cargando página de acción QA {"user_id":14,"total_produccion":0,"total_scrap":0}
[2025-10-14 09:05:53] [INFO] Consulta de retenciones activas {"area_id":1,"codigo_empleado":null,"cantidad":0}
[2025-10-14 09:05:58] [INFO] Solicitud de validación de producción recibida {"user_id":14,"registro_id":4635}
[2025-10-14 09:05:58] [INFO] Registrando historial de validación {"registro_id":4635,"tipo":"produccion","usuario_id":14}
[2025-10-14 09:05:58] [INFO] Validación de producción exitosa {"user_id":14,"registro_id":4635,"validacion_id":null}
[2025-10-14 09:06:00] [INFO] Cargando página de acción QA {"user_id":14,"total_produccion":1,"total_scrap":0}
[2025-10-14 09:06:03] [INFO] Solicitud de retención recibida {"user_id":14,"entrega_id":4635,"cantidad":3000,"motivo":"calidad","tipo":"produccion"}
[2025-10-14 09:06:03] [INFO] Retención creada exitosamente {"retencion_id":39,"registro_id":4635,"cantidad":3000,"tipo":"produccion","usuario_id":14}
[2025-10-14 09:06:03] [INFO] Retención creada exitosamente desde Acción QA {"user_id":14,"entrega_id":4635,"retencion_id":39,"cantidad":3000,"motivo":"Problema de calidad","tipo":"produccion"}
[2025-10-14 09:06:04] [INFO] Cargando página de acción QA {"user_id":14,"total_produccion":0,"total_scrap":0}
[2025-10-14 09:06:25] [INFO] Consulta de retenciones activas {"area_id":1,"codigo_empleado":14,"cantidad":1}
[2025-10-14 09:06:39] [INFO] Producción final registrada desde retención {"registro_id":4635,"usuario_id":14}
[2025-10-14 09:06:39] [INFO] Destino asignado a retención {"retencion_id":39,"destino_id":46,"tipo_destino":"produccion_final","cantidad":2000,"tipo_retencion":"produccion"}
[2025-10-14 09:06:39] [INFO] Destino asignado exitosamente {"retencion_id":39,"tipo_destino":"produccion_final","cantidad":2000,"user_id":14,"resultado":"Destino asignado correctamente"}
[2025-10-14 09:06:39] [INFO] Destino asignado a retención {"retencion_id":39,"destino_id":47,"tipo_destino":"retrabajo","cantidad":500,"tipo_retencion":"produccion"}
[2025-10-14 09:06:39] [INFO] Destino asignado exitosamente {"retencion_id":39,"tipo_destino":"retrabajo","cantidad":500,"user_id":14,"resultado":"Destino asignado correctamente"}
[2025-10-14 09:06:39] [INFO] Iniciando registroScrapFinalDesdeRetencion {"registro_id":4635,"usuario_id":14,"cantidad":500}
[2025-10-14 09:06:39] [INFO] Parámetros para insert scrap_final {"registro_id":4635,"cantidad":500,"observaciones":"Destruido desde retención: Material para destruir","usuario_id":14}
[2025-10-14 09:06:39] [INFO] Scrap final registrado exitosamente {"registro_id":4635,"cantidad":500,"usuario_id":14}
[2025-10-14 09:06:39] [INFO] Destino asignado a retención {"retencion_id":39,"destino_id":48,"tipo_destino":"destruccion","cantidad":500,"tipo_retencion":"produccion"}
[2025-10-14 09:06:39] [INFO] Destino asignado exitosamente {"retencion_id":39,"tipo_destino":"destruccion","cantidad":500,"user_id":14,"resultado":"Destino asignado correctamente"}
[2025-10-14 09:06:39] [INFO] Consulta de retenciones activas {"area_id":1,"codigo_empleado":14,"cantidad":0}
[2025-10-14 09:06:39] [INFO] Consulta de retenciones activas {"area_id":1,"codigo_empleado":14,"cantidad":0}
[2025-10-14 09:06:53] [INFO] Scrap guardado obtenido exitosamente {"usuario_qa":14,"total":1,"filtros_aplicados":[]}
[2025-10-14 09:07:55] [INFO] Scrap guardado obtenido exitosamente {"usuario_qa":14,"total":1,"filtros_aplicados":[]}
[2025-10-14 09:11:29] [INFO] Consulta de retenciones activas {"area_id":1,"codigo_empleado":14,"cantidad":0}
[2025-10-14 09:11:40] [INFO] Cargando página de acción QA {"user_id":14,"total_produccion":0,"total_scrap":0}
[2025-10-14 09:11:45] [INFO] Consulta de retenciones activas {"area_id":1,"codigo_empleado":null,"cantidad":0}
[2025-10-14 09:12:38] [INFO] Consulta de retenciones activas {"area_id":1,"codigo_empleado":null,"cantidad":0}
[2025-10-14 09:12:44] [INFO] Solicitud de validación de producción recibida {"user_id":14,"registro_id":4635}
[2025-10-14 09:12:44] [INFO] Registrando historial de validación {"registro_id":4635,"tipo":"produccion","usuario_id":14}
[2025-10-14 09:12:44] [INFO] Validación de producción exitosa {"user_id":14,"registro_id":4635,"validacion_id":null}
[2025-10-14 09:12:45] [INFO] Cargando página de acción QA {"user_id":14,"total_produccion":1,"total_scrap":0}
[2025-10-14 09:12:45] [INFO] Consulta de retenciones activas {"area_id":1,"codigo_empleado":null,"cantidad":0}
[2025-10-14 09:12:47] [INFO] Cargando página de acción QA {"user_id":14,"total_produccion":1,"total_scrap":0}
[2025-10-14 09:12:48] [INFO] Cargando página de acción QA {"user_id":14,"total_produccion":1,"total_scrap":0}
[2025-10-14 09:12:51] [INFO] Solicitud de retención recibida {"user_id":14,"entrega_id":4635,"cantidad":3000,"motivo":"documentacion","tipo":"produccion"}
[2025-10-14 09:12:51] [INFO] Retención creada exitosamente {"retencion_id":40,"registro_id":4635,"cantidad":3000,"tipo":"produccion","usuario_id":14}
[2025-10-14 09:12:51] [INFO] Retención creada exitosamente desde Acción QA {"user_id":14,"entrega_id":4635,"retencion_id":40,"cantidad":3000,"motivo":"Documentación incompleta","tipo":"produccion"}
[2025-10-14 09:12:52] [INFO] Cargando página de acción QA {"user_id":14,"total_produccion":0,"total_scrap":0}
[2025-10-14 09:13:14] [INFO] Consulta de retenciones activas {"area_id":1,"codigo_empleado":14,"cantidad":1}
[2025-10-14 09:13:34] [INFO] Producción final registrada desde retención {"registro_id":4635,"usuario_id":14}
[2025-10-14 09:13:34] [INFO] Destino asignado a retención {"retencion_id":40,"destino_id":49,"tipo_destino":"produccion_final","cantidad":2000,"tipo_retencion":"produccion"}
[2025-10-14 09:13:34] [INFO] Destino asignado exitosamente {"retencion_id":40,"tipo_destino":"produccion_final","cantidad":2000,"user_id":14,"resultado":"Destino asignado correctamente"}
[2025-10-14 09:13:34] [INFO] Destino asignado a retención {"retencion_id":40,"destino_id":50,"tipo_destino":"retrabajo","cantidad":500,"tipo_retencion":"produccion"}
[2025-10-14 09:13:34] [INFO] Destino asignado exitosamente {"retencion_id":40,"tipo_destino":"retrabajo","cantidad":500,"user_id":14,"resultado":"Destino asignado correctamente"}
[2025-10-14 09:13:34] [INFO] Iniciando registroScrapFinalDesdeRetencion {"registro_id":4635,"usuario_id":14,"cantidad":500}
[2025-10-14 09:13:34] [INFO] Parámetros para insert scrap_final {"registro_id":4635,"cantidad":500,"observaciones":"Destruido desde retención: Material para destruir","usuario_id":14}
[2025-10-14 09:13:34] [INFO] Scrap final registrado exitosamente {"registro_id":4635,"cantidad":500,"usuario_id":14}
[2025-10-14 09:13:34] [INFO] Destino asignado a retención {"retencion_id":40,"destino_id":51,"tipo_destino":"destruccion","cantidad":500,"tipo_retencion":"produccion"}
[2025-10-14 09:13:34] [INFO] Destino asignado exitosamente {"retencion_id":40,"tipo_destino":"destruccion","cantidad":500,"user_id":14,"resultado":"Destino asignado correctamente"}
[2025-10-14 09:13:34] [INFO] Consulta de retenciones activas {"area_id":1,"codigo_empleado":14,"cantidad":0}
[2025-10-14 09:13:34] [INFO] Consulta de retenciones activas {"area_id":1,"codigo_empleado":14,"cantidad":0}
[2025-10-14 09:13:38] [INFO] Scrap guardado obtenido exitosamente {"usuario_qa":14,"total":1,"filtros_aplicados":[]}
[2025-10-14 09:13:39] [INFO] Scrap guardado obtenido exitosamente {"usuario_qa":14,"total":1,"filtros_aplicados":[]}
[2025-10-14 09:14:05] [INFO] Scrap guardado obtenido exitosamente {"usuario_qa":14,"total":1,"filtros_aplicados":[]}
[2025-10-14 09:17:44] [INFO] Scrap guardado obtenido exitosamente {"usuario_qa":14,"total":0,"filtros_aplicados":[]}
[2025-10-14 09:46:08] [INFO] Acceso a control de registro {"codigo_empleado":12,"session_id":"kmhkb7j7rqf0gg5l2gt5nkemsr"}
[2025-10-14 09:46:08] [INFO] Correcciones pendientes consultadas para operador {"codigo_empleado":12,"cantidad":0}
[2025-10-14 09:46:08] [INFO] Renderizando vista de control {"codigo_empleado":12,"maquina":"Perfecta2","correcciones_pendientes":0}
[2025-10-14 10:41:41] [INFO] Correcciones pendientes consultadas para operador {"codigo_empleado":12,"cantidad":0}
[2025-10-14 10:41:42] [INFO] Correcciones pendientes consultadas para operador {"codigo_empleado":12,"cantidad":0}
[2025-10-14 10:41:52] [INFO] Acceso a control de registro {"codigo_empleado":12,"session_id":"npfn46l6ou3tmr7ns3dqbuq3fh"}
[2025-10-14 10:41:52] [INFO] Correcciones pendientes consultadas para operador {"codigo_empleado":12,"cantidad":0}
[2025-10-14 10:41:52] [INFO] Renderizando vista de control {"codigo_empleado":12,"maquina":"Perfecta2","correcciones_pendientes":0}
[2025-10-14 10:41:55] [INFO] Iniciando registro {"codigo_empleado":12,"session_id":"npfn46l6ou3tmr7ns3dqbuq3fh","tipo_boton":"Producción"}
[2025-10-14 10:41:55] [INFO] Registro guardado exitosamente {"codigo_empleado":12,"tipo_boton":"Producción","cantidad_produccion":0,"cantidad_scrapt":0}
[2025-10-14 10:41:55] [INFO] Acceso a control de registro {"codigo_empleado":12,"session_id":"npfn46l6ou3tmr7ns3dqbuq3fh"}
[2025-10-14 10:41:55] [INFO] Correcciones pendientes consultadas para operador {"codigo_empleado":12,"cantidad":0}
[2025-10-14 10:41:55] [INFO] Renderizando vista de control {"codigo_empleado":12,"maquina":"Perfecta2","correcciones_pendientes":0}
[2025-10-14 10:42:04] [INFO] Iniciando registro {"codigo_empleado":12,"session_id":"npfn46l6ou3tmr7ns3dqbuq3fh","tipo_boton":"final_produccion"}
[2025-10-14 10:42:04] [INFO] Registro guardado exitosamente {"codigo_empleado":12,"tipo_boton":"final_produccion","cantidad_produccion":900,"cantidad_scrapt":100}
[2025-10-14 10:42:05] [INFO] Acceso a control de registro {"codigo_empleado":12,"session_id":"npfn46l6ou3tmr7ns3dqbuq3fh"}
[2025-10-14 10:42:13] [INFO] Consulta de retenciones activas {"area_id":1,"codigo_empleado":null,"cantidad":0}
[2025-10-14 10:42:15] [INFO] Consulta de retenciones activas {"area_id":1,"codigo_empleado":null,"cantidad":0}
[2025-10-14 10:42:21] [INFO] Solicitud de validación de producción recibida {"user_id":14,"registro_id":4638}
[2025-10-14 10:42:21] [INFO] Registrando historial de validación {"registro_id":4638,"tipo":"produccion","usuario_id":14}
[2025-10-14 10:42:21] [INFO] Validación de producción exitosa {"user_id":14,"registro_id":4638,"validacion_id":null}
[2025-10-14 10:42:22] [INFO] Cargando página de acción QA {"user_id":14,"total_produccion":1,"total_scrap":0}
[2025-10-14 10:42:25] [INFO] Solicitud de guardar entrega recibida {"user_id":14,"entrega_id":4638,"tipo":"produccion"}
[2025-10-14 10:42:25] [INFO] Entrega guardada exitosamente desde Acción QA {"entrega_id":4638,"usuario_id":14,"validacion_id":160,"tipo":"produccion","comentario":""}
[2025-10-14 10:42:25] [INFO] Validación directa exitosa {"user_id":14,"entrega_id":4638,"tipo":"produccion","validacion_id":160}
[2025-10-14 10:42:26] [INFO] Cargando página de acción QA {"user_id":14,"total_produccion":0,"total_scrap":0}
[2025-10-14 10:42:57] [INFO] Consulta de retenciones activas {"area_id":1,"codigo_empleado":null,"cantidad":0}
[2025-10-14 10:43:03] [INFO] Cargando página de acción QA {"user_id":14,"total_produccion":0,"total_scrap":0}
[2025-10-14 10:43:05] [INFO] Consulta de retenciones activas {"area_id":1,"codigo_empleado":14,"cantidad":0}
[2025-10-14 10:43:06] [INFO] Scrap guardado obtenido exitosamente {"usuario_qa":14,"total":0,"filtros_aplicados":[]}
[2025-10-14 11:29:55] [INFO] Consulta de retenciones activas {"area_id":1,"codigo_empleado":null,"cantidad":0}
